<?xml version="1.0" encoding="UTF-8"?>
<coverage generated="1779883322444" clover="3.2.0">
  <project timestamp="1779883322444" name="All files">
    <metrics statements="3146" coveredstatements="2593" conditionals="691" coveredconditionals="596" methods="264" coveredmethods="241" elements="4101" coveredelements="3430" complexity="0" loc="3146" ncloc="3146" packages="13" files="32" classes="32"/>
    <package name="pi-orchestrator">
      <metrics statements="34" coveredstatements="0" conditionals="1" coveredconditionals="1" methods="1" coveredmethods="1"/>
      <file name="knip.config.ts" path="/Users/Apple/pi-orchestrator/knip.config.ts">
        <metrics statements="34" coveredstatements="0" conditionals="1" coveredconditionals="1" methods="1" coveredmethods="1"/>
        <line num="9" count="0" type="stmt"/>
        <line num="10" count="0" type="stmt"/>
        <line num="11" count="0" type="stmt"/>
        <line num="14" count="0" type="stmt"/>
        <line num="15" count="0" type="stmt"/>
        <line num="18" count="0" type="stmt"/>
        <line num="19" count="0" type="stmt"/>
        <line num="20" count="0" type="stmt"/>
        <line num="21" count="0" type="stmt"/>
        <line num="22" count="0" type="stmt"/>
        <line num="23" count="0" type="stmt"/>
        <line num="26" count="0" type="stmt"/>
        <line num="29" count="0" type="stmt"/>
        <line num="31" count="0" type="stmt"/>
        <line num="33" count="0" type="stmt"/>
        <line num="35" count="0" type="stmt"/>
        <line num="37" count="0" type="stmt"/>
        <line num="39" count="0" type="stmt"/>
        <line num="41" count="0" type="stmt"/>
        <line num="43" count="0" type="stmt"/>
        <line num="45" count="0" type="stmt"/>
        <line num="47" count="0" type="stmt"/>
        <line num="49" count="0" type="stmt"/>
        <line num="51" count="0" type="stmt"/>
        <line num="52" count="0" type="stmt"/>
        <line num="53" count="0" type="stmt"/>
        <line num="54" count="0" type="stmt"/>
        <line num="56" count="0" type="stmt"/>
        <line num="58" count="0" type="stmt"/>
        <line num="61" count="0" type="stmt"/>
        <line num="62" count="0" type="stmt"/>
        <line num="63" count="0" type="stmt"/>
        <line num="64" count="0" type="stmt"/>
        <line num="66" count="0" type="stmt"/>
      </file>
    </package>
    <package name="pi-orchestrator.scripts">
      <metrics statements="92" coveredstatements="0" conditionals="1" coveredconditionals="0" methods="1" coveredmethods="0"/>
      <file name="crap-report.mjs" path="/Users/Apple/pi-orchestrator/scripts/crap-report.mjs">
        <metrics statements="92" coveredstatements="0" conditionals="1" coveredconditionals="0" methods="1" coveredmethods="0"/>
        <line num="1" count="0" type="cond" truecount="0" falsecount="1"/>
        <line num="2" count="0" type="stmt"/>
        <line num="3" count="0" type="stmt"/>
        <line num="4" count="0" type="stmt"/>
        <line num="5" count="0" type="stmt"/>
        <line num="6" count="0" type="stmt"/>
        <line num="7" count="0" type="stmt"/>
        <line num="8" count="0" type="stmt"/>
        <line num="9" count="0" type="stmt"/>
        <line num="10" count="0" type="stmt"/>
        <line num="11" count="0" type="stmt"/>
        <line num="12" count="0" type="stmt"/>
        <line num="14" count="0" type="stmt"/>
        <line num="15" count="0" type="stmt"/>
        <line num="17" count="0" type="stmt"/>
        <line num="18" count="0" type="stmt"/>
        <line num="20" count="0" type="stmt"/>
        <line num="21" count="0" type="stmt"/>
        <line num="22" count="0" type="stmt"/>
        <line num="23" count="0" type="stmt"/>
        <line num="25" count="0" type="stmt"/>
        <line num="27" count="0" type="stmt"/>
        <line num="29" count="0" type="stmt"/>
        <line num="30" count="0" type="stmt"/>
        <line num="32" count="0" type="stmt"/>
        <line num="33" count="0" type="stmt"/>
        <line num="34" count="0" type="stmt"/>
        <line num="35" count="0" type="stmt"/>
        <line num="36" count="0" type="stmt"/>
        <line num="38" count="0" type="stmt"/>
        <line num="39" count="0" type="stmt"/>
        <line num="40" count="0" type="stmt"/>
        <line num="41" count="0" type="stmt"/>
        <line num="43" count="0" type="stmt"/>
        <line num="44" count="0" type="stmt"/>
        <line num="45" count="0" type="stmt"/>
        <line num="46" count="0" type="stmt"/>
        <line num="47" count="0" type="stmt"/>
        <line num="49" count="0" type="stmt"/>
        <line num="50" count="0" type="stmt"/>
        <line num="51" count="0" type="stmt"/>
        <line num="52" count="0" type="stmt"/>
        <line num="53" count="0" type="stmt"/>
        <line num="54" count="0" type="stmt"/>
        <line num="55" count="0" type="stmt"/>
        <line num="56" count="0" type="stmt"/>
        <line num="58" count="0" type="stmt"/>
        <line num="59" count="0" type="stmt"/>
        <line num="61" count="0" type="stmt"/>
        <line num="62" count="0" type="stmt"/>
        <line num="63" count="0" type="stmt"/>
        <line num="64" count="0" type="stmt"/>
        <line num="65" count="0" type="stmt"/>
        <line num="66" count="0" type="stmt"/>
        <line num="68" count="0" type="stmt"/>
        <line num="69" count="0" type="stmt"/>
        <line num="70" count="0" type="stmt"/>
        <line num="71" count="0" type="stmt"/>
        <line num="73" count="0" type="stmt"/>
        <line num="74" count="0" type="stmt"/>
        <line num="75" count="0" type="stmt"/>
        <line num="76" count="0" type="stmt"/>
        <line num="77" count="0" type="stmt"/>
        <line num="78" count="0" type="stmt"/>
        <line num="79" count="0" type="stmt"/>
        <line num="80" count="0" type="stmt"/>
        <line num="81" count="0" type="stmt"/>
        <line num="83" count="0" type="stmt"/>
        <line num="84" count="0" type="stmt"/>
        <line num="86" count="0" type="stmt"/>
        <line num="87" count="0" type="stmt"/>
        <line num="88" count="0" type="stmt"/>
        <line num="89" count="0" type="stmt"/>
        <line num="90" count="0" type="stmt"/>
        <line num="91" count="0" type="stmt"/>
        <line num="92" count="0" type="stmt"/>
        <line num="94" count="0" type="stmt"/>
        <line num="96" count="0" type="stmt"/>
        <line num="97" count="0" type="stmt"/>
        <line num="98" count="0" type="stmt"/>
        <line num="100" count="0" type="stmt"/>
        <line num="101" count="0" type="stmt"/>
        <line num="102" count="0" type="stmt"/>
        <line num="103" count="0" type="stmt"/>
        <line num="105" count="0" type="stmt"/>
        <line num="106" count="0" type="stmt"/>
        <line num="107" count="0" type="stmt"/>
        <line num="109" count="0" type="stmt"/>
        <line num="110" count="0" type="stmt"/>
        <line num="111" count="0" type="stmt"/>
        <line num="112" count="0" type="stmt"/>
        <line num="114" count="0" type="stmt"/>
      </file>
    </package>
    <package name="pi-orchestrator.src">
      <metrics statements="559" coveredstatements="481" conditionals="116" coveredconditionals="105" methods="41" coveredmethods="38"/>
      <file name="actions.ts" path="/Users/Apple/pi-orchestrator/src/actions.ts">
        <metrics statements="211" coveredstatements="209" conditionals="56" coveredconditionals="51" methods="21" coveredmethods="21"/>
        <line num="11" count="1" type="stmt"/>
        <line num="139" count="1" type="stmt"/>
        <line num="140" count="1" type="stmt"/>
        <line num="141" count="1" type="stmt"/>
        <line num="142" count="1" type="stmt"/>
        <line num="143" count="1" type="stmt"/>
        <line num="144" count="1" type="stmt"/>
        <line num="145" count="1" type="stmt"/>
        <line num="146" count="1" type="stmt"/>
        <line num="147" count="1" type="stmt"/>
        <line num="150" count="1" type="stmt"/>
        <line num="152" count="1" type="stmt"/>
        <line num="155" count="1" type="stmt"/>
        <line num="158" count="1" type="stmt"/>
        <line num="160" count="1" type="stmt"/>
        <line num="161" count="1" type="stmt"/>
        <line num="162" count="1" type="stmt"/>
        <line num="163" count="1" type="stmt"/>
        <line num="164" count="1" type="stmt"/>
        <line num="166" count="8" type="cond" truecount="1" falsecount="0"/>
        <line num="167" count="8" type="cond" truecount="2" falsecount="0"/>
        <line num="168" count="8" type="stmt"/>
        <line num="170" count="6" type="cond" truecount="1" falsecount="0"/>
        <line num="171" count="6" type="cond" truecount="0" falsecount="1"/>
        <line num="172" count="6" type="stmt"/>
        <line num="174" count="3" type="cond" truecount="1" falsecount="0"/>
        <line num="175" count="3" type="stmt"/>
        <line num="176" count="3" type="stmt"/>
        <line num="177" count="3" type="stmt"/>
        <line num="178" count="3" type="stmt"/>
        <line num="179" count="3" type="stmt"/>
        <line num="180" count="3" type="stmt"/>
        <line num="181" count="3" type="stmt"/>
        <line num="182" count="3" type="stmt"/>
        <line num="184" count="4" type="cond" truecount="1" falsecount="0"/>
        <line num="185" count="4" type="stmt"/>
        <line num="186" count="4" type="stmt"/>
        <line num="187" count="4" type="stmt"/>
        <line num="188" count="4" type="stmt"/>
        <line num="189" count="4" type="cond" truecount="1" falsecount="0"/>
        <line num="190" count="1" type="stmt"/>
        <line num="191" count="1" type="stmt"/>
        <line num="192" count="4" type="cond" truecount="1" falsecount="0"/>
        <line num="193" count="2" type="stmt"/>
        <line num="194" count="2" type="stmt"/>
        <line num="195" count="2" type="stmt"/>
        <line num="196" count="2" type="cond" truecount="2" falsecount="0"/>
        <line num="197" count="2" type="stmt"/>
        <line num="198" count="2" type="cond" truecount="2" falsecount="0"/>
        <line num="199" count="2" type="cond" truecount="2" falsecount="0"/>
        <line num="200" count="2" type="stmt"/>
        <line num="201" count="4" type="stmt"/>
        <line num="202" count="4" type="stmt"/>
        <line num="204" count="8" type="cond" truecount="1" falsecount="0"/>
        <line num="205" count="8" type="cond" truecount="1" falsecount="0"/>
        <line num="206" count="2" type="stmt"/>
        <line num="207" count="2" type="stmt"/>
        <line num="208" count="2" type="stmt"/>
        <line num="209" count="2" type="stmt"/>
        <line num="210" count="2" type="stmt"/>
        <line num="211" count="2" type="cond" truecount="1" falsecount="0"/>
        <line num="212" count="8" type="cond" truecount="0" falsecount="1"/>
        <line num="213" count="8" type="stmt"/>
        <line num="214" count="8" type="stmt"/>
        <line num="215" count="8" type="cond" truecount="0" falsecount="1"/>
        <line num="216" count="0" type="stmt"/>
        <line num="217" count="0" type="cond" truecount="1" falsecount="0"/>
        <line num="218" count="6" type="stmt"/>
        <line num="219" count="6" type="stmt"/>
        <line num="220" count="6" type="stmt"/>
        <line num="221" count="8" type="cond" truecount="0" falsecount="1"/>
        <line num="222" count="8" type="stmt"/>
        <line num="223" count="8" type="stmt"/>
        <line num="224" count="8" type="stmt"/>
        <line num="225" count="8" type="stmt"/>
        <line num="226" count="8" type="stmt"/>
        <line num="227" count="8" type="stmt"/>
        <line num="233" count="5" type="cond" truecount="1" falsecount="0"/>
        <line num="234" count="5" type="stmt"/>
        <line num="235" count="5" type="stmt"/>
        <line num="236" count="5" type="stmt"/>
        <line num="237" count="5" type="stmt"/>
        <line num="238" count="5" type="cond" truecount="1" falsecount="0"/>
        <line num="239" count="3" type="stmt"/>
        <line num="240" count="3" type="stmt"/>
        <line num="241" count="3" type="stmt"/>
        <line num="242" count="3" type="stmt"/>
        <line num="243" count="3" type="stmt"/>
        <line num="244" count="3" type="stmt"/>
        <line num="245" count="5" type="cond" truecount="1" falsecount="0"/>
        <line num="246" count="2" type="stmt"/>
        <line num="247" count="2" type="stmt"/>
        <line num="248" count="2" type="stmt"/>
        <line num="249" count="2" type="stmt"/>
        <line num="250" count="2" type="stmt"/>
        <line num="251" count="2" type="stmt"/>
        <line num="252" count="2" type="stmt"/>
        <line num="253" count="5" type="stmt"/>
        <line num="255" count="4" type="cond" truecount="1" falsecount="0"/>
        <line num="256" count="4" type="stmt"/>
        <line num="257" count="4" type="stmt"/>
        <line num="258" count="4" type="stmt"/>
        <line num="259" count="4" type="cond" truecount="1" falsecount="0"/>
        <line num="260" count="2" type="stmt"/>
        <line num="261" count="2" type="stmt"/>
        <line num="262" count="2" type="stmt"/>
        <line num="263" count="2" type="stmt"/>
        <line num="265" count="4" type="cond" truecount="1" falsecount="0"/>
        <line num="266" count="4" type="stmt"/>
        <line num="267" count="4" type="stmt"/>
        <line num="268" count="4" type="stmt"/>
        <line num="269" count="4" type="stmt"/>
        <line num="270" count="4" type="stmt"/>
        <line num="271" count="4" type="stmt"/>
        <line num="272" count="4" type="stmt"/>
        <line num="273" count="4" type="stmt"/>
        <line num="274" count="4" type="stmt"/>
        <line num="275" count="4" type="stmt"/>
        <line num="276" count="4" type="stmt"/>
        <line num="278" count="10" type="cond" truecount="1" falsecount="0"/>
        <line num="279" count="10" type="stmt"/>
        <line num="280" count="10" type="stmt"/>
        <line num="281" count="10" type="stmt"/>
        <line num="282" count="10" type="stmt"/>
        <line num="283" count="10" type="cond" truecount="1" falsecount="0"/>
        <line num="284" count="2" type="stmt"/>
        <line num="285" count="2" type="cond" truecount="1" falsecount="0"/>
        <line num="286" count="10" type="cond" truecount="1" falsecount="0"/>
        <line num="287" count="2" type="stmt"/>
        <line num="288" count="2" type="cond" truecount="1" falsecount="0"/>
        <line num="289" count="6" type="cond" truecount="1" falsecount="0"/>
        <line num="290" count="10" type="cond" truecount="1" falsecount="0"/>
        <line num="291" count="2" type="stmt"/>
        <line num="292" count="2" type="stmt"/>
        <line num="293" count="2" type="stmt"/>
        <line num="294" count="2" type="stmt"/>
        <line num="295" count="2" type="stmt"/>
        <line num="296" count="2" type="cond" truecount="1" falsecount="0"/>
        <line num="297" count="4" type="stmt"/>
        <line num="298" count="4" type="cond" truecount="1" falsecount="0"/>
        <line num="299" count="2" type="stmt"/>
        <line num="300" count="2" type="stmt"/>
        <line num="301" count="2" type="stmt"/>
        <line num="302" count="2" type="stmt"/>
        <line num="303" count="2" type="stmt"/>
        <line num="304" count="2" type="stmt"/>
        <line num="305" count="2" type="stmt"/>
        <line num="306" count="2" type="stmt"/>
        <line num="307" count="2" type="stmt"/>
        <line num="308" count="2" type="stmt"/>
        <line num="309" count="2" type="stmt"/>
        <line num="310" count="2" type="stmt"/>
        <line num="311" count="2" type="stmt"/>
        <line num="312" count="10" type="stmt"/>
        <line num="314" count="4" type="cond" truecount="1" falsecount="0"/>
        <line num="315" count="4" type="stmt"/>
        <line num="316" count="4" type="stmt"/>
        <line num="317" count="4" type="stmt"/>
        <line num="318" count="4" type="stmt"/>
        <line num="319" count="4" type="cond" truecount="1" falsecount="0"/>
        <line num="320" count="2" type="stmt"/>
        <line num="321" count="4" type="cond" truecount="2" falsecount="0"/>
        <line num="322" count="1" type="cond" truecount="1" falsecount="0"/>
        <line num="323" count="1" type="stmt"/>
        <line num="324" count="4" type="stmt"/>
        <line num="325" count="4" type="cond" truecount="1" falsecount="0"/>
        <line num="326" count="2" type="stmt"/>
        <line num="327" count="2" type="stmt"/>
        <line num="328" count="2" type="stmt"/>
        <line num="329" count="2" type="stmt"/>
        <line num="330" count="2" type="stmt"/>
        <line num="331" count="2" type="stmt"/>
        <line num="332" count="4" type="stmt"/>
        <line num="334" count="2" type="cond" truecount="1" falsecount="0"/>
        <line num="335" count="2" type="stmt"/>
        <line num="336" count="2" type="stmt"/>
        <line num="337" count="2" type="stmt"/>
        <line num="338" count="2" type="stmt"/>
        <line num="339" count="2" type="cond" truecount="1" falsecount="0"/>
        <line num="340" count="1" type="stmt"/>
        <line num="341" count="1" type="stmt"/>
        <line num="342" count="1" type="stmt"/>
        <line num="343" count="1" type="stmt"/>
        <line num="344" count="2" type="cond" truecount="0" falsecount="1"/>
        <line num="345" count="2" type="stmt"/>
        <line num="346" count="2" type="stmt"/>
        <line num="347" count="2" type="stmt"/>
        <line num="348" count="2" type="stmt"/>
        <line num="370" count="1" type="cond" truecount="1" falsecount="0"/>
        <line num="371" count="42" type="stmt"/>
        <line num="372" count="42" type="cond" truecount="1" falsecount="0"/>
        <line num="373" count="42" type="cond" truecount="1" falsecount="0"/>
        <line num="374" count="42" type="cond" truecount="1" falsecount="0"/>
        <line num="375" count="42" type="cond" truecount="1" falsecount="0"/>
        <line num="376" count="42" type="cond" truecount="1" falsecount="0"/>
        <line num="377" count="2" type="stmt"/>
        <line num="378" count="2" type="stmt"/>
        <line num="379" count="2" type="stmt"/>
        <line num="380" count="42" type="cond" truecount="1" falsecount="0"/>
        <line num="381" count="2" type="stmt"/>
        <line num="382" count="2" type="stmt"/>
        <line num="383" count="2" type="stmt"/>
        <line num="384" count="2" type="stmt"/>
        <line num="385" count="2" type="stmt"/>
        <line num="386" count="2" type="stmt"/>
        <line num="387" count="2" type="stmt"/>
        <line num="388" count="42" type="cond" truecount="1" falsecount="0"/>
        <line num="389" count="42" type="cond" truecount="1" falsecount="0"/>
        <line num="390" count="42" type="cond" truecount="1" falsecount="0"/>
        <line num="391" count="42" type="stmt"/>
        <line num="392" count="42" type="stmt"/>
      </file>
      <file name="bootstrap-ports.ts" path="/Users/Apple/pi-orchestrator/src/bootstrap-ports.ts">
        <metrics statements="0" coveredstatements="0" conditionals="1" coveredconditionals="1" methods="1" coveredmethods="1"/>
      </file>
      <file name="bootstrap.ts" path="/Users/Apple/pi-orchestrator/src/bootstrap.ts">
        <metrics statements="220" coveredstatements="144" conditionals="28" coveredconditionals="22" methods="12" coveredmethods="9"/>
        <line num="10" count="1" type="stmt"/>
        <line num="11" count="1" type="stmt"/>
        <line num="15" count="1" type="stmt"/>
        <line num="19" count="1" type="stmt"/>
        <line num="23" count="1" type="stmt"/>
        <line num="27" count="1" type="stmt"/>
        <line num="44" count="1" type="stmt"/>
        <line num="45" count="1" type="stmt"/>
        <line num="183" count="1" type="stmt"/>
        <line num="185" count="1" type="stmt"/>
        <line num="187" count="1" type="stmt"/>
        <line num="189" count="1" type="stmt"/>
        <line num="191" count="31" type="cond" truecount="1" falsecount="0"/>
        <line num="192" count="31" type="stmt"/>
        <line num="193" count="31" type="stmt"/>
        <line num="195" count="31" type="cond" truecount="1" falsecount="0"/>
        <line num="196" count="31" type="stmt"/>
        <line num="197" count="31" type="stmt"/>
        <line num="198" count="31" type="stmt"/>
        <line num="199" count="31" type="stmt"/>
        <line num="200" count="31" type="stmt"/>
        <line num="202" count="31" type="stmt"/>
        <line num="204" count="31" type="cond" truecount="1" falsecount="0"/>
        <line num="205" count="31" type="cond" truecount="0" falsecount="1"/>
        <line num="206" count="31" type="stmt"/>
        <line num="208" count="31" type="cond" truecount="1" falsecount="0"/>
        <line num="209" count="31" type="cond" truecount="3" falsecount="0"/>
        <line num="210" count="31" type="stmt"/>
        <line num="212" count="11" type="cond" truecount="1" falsecount="0"/>
        <line num="213" count="11" type="stmt"/>
        <line num="214" count="11" type="stmt"/>
        <line num="215" count="11" type="stmt"/>
        <line num="216" count="11" type="stmt"/>
        <line num="217" count="11" type="cond" truecount="3" falsecount="0"/>
        <line num="218" count="11" type="stmt"/>
        <line num="219" count="11" type="stmt"/>
        <line num="220" count="11" type="stmt"/>
        <line num="221" count="11" type="stmt"/>
        <line num="222" count="11" type="stmt"/>
        <line num="223" count="11" type="stmt"/>
        <line num="224" count="11" type="stmt"/>
        <line num="225" count="11" type="stmt"/>
        <line num="226" count="11" type="stmt"/>
        <line num="227" count="11" type="stmt"/>
        <line num="229" count="31" type="cond" truecount="1" falsecount="0"/>
        <line num="230" count="31" type="stmt"/>
        <line num="231" count="31" type="stmt"/>
        <line num="232" count="31" type="stmt"/>
        <line num="233" count="31" type="stmt"/>
        <line num="234" count="31" type="stmt"/>
        <line num="235" count="31" type="cond" truecount="1" falsecount="0"/>
        <line num="236" count="4" type="cond" truecount="0" falsecount="1"/>
        <line num="237" count="0" type="stmt"/>
        <line num="238" count="0" type="stmt"/>
        <line num="239" count="4" type="stmt"/>
        <line num="240" count="4" type="stmt"/>
        <line num="241" count="4" type="cond" truecount="1" falsecount="0"/>
        <line num="242" count="2" type="stmt"/>
        <line num="243" count="2" type="stmt"/>
        <line num="244" count="4" type="cond" truecount="0" falsecount="1"/>
        <line num="246" count="0" type="stmt"/>
        <line num="247" count="4" type="stmt"/>
        <line num="248" count="4" type="stmt"/>
        <line num="249" count="4" type="cond" truecount="0" falsecount="1"/>
        <line num="251" count="0" type="stmt"/>
        <line num="252" count="4" type="stmt"/>
        <line num="253" count="4" type="stmt"/>
        <line num="254" count="4" type="cond" truecount="0" falsecount="1"/>
        <line num="256" count="0" type="stmt"/>
        <line num="257" count="4" type="stmt"/>
        <line num="258" count="31" type="stmt"/>
        <line num="260" count="0" type="stmt"/>
        <line num="263" count="0" type="stmt"/>
        <line num="264" count="0" type="stmt"/>
        <line num="265" count="0" type="stmt"/>
        <line num="266" count="0" type="stmt"/>
        <line num="280" count="0" type="stmt"/>
        <line num="281" count="0" type="stmt"/>
        <line num="282" count="0" type="stmt"/>
        <line num="283" count="0" type="stmt"/>
        <line num="284" count="0" type="stmt"/>
        <line num="285" count="0" type="stmt"/>
        <line num="286" count="0" type="stmt"/>
        <line num="287" count="0" type="stmt"/>
        <line num="288" count="0" type="stmt"/>
        <line num="289" count="0" type="stmt"/>
        <line num="290" count="0" type="stmt"/>
        <line num="291" count="0" type="stmt"/>
        <line num="292" count="0" type="stmt"/>
        <line num="293" count="0" type="stmt"/>
        <line num="294" count="0" type="stmt"/>
        <line num="295" count="0" type="stmt"/>
        <line num="296" count="0" type="stmt"/>
        <line num="297" count="0" type="stmt"/>
        <line num="298" count="0" type="stmt"/>
        <line num="299" count="0" type="stmt"/>
        <line num="300" count="0" type="stmt"/>
        <line num="301" count="0" type="stmt"/>
        <line num="302" count="0" type="stmt"/>
        <line num="303" count="0" type="stmt"/>
        <line num="304" count="0" type="stmt"/>
        <line num="305" count="0" type="stmt"/>
        <line num="306" count="0" type="stmt"/>
        <line num="307" count="0" type="stmt"/>
        <line num="308" count="0" type="stmt"/>
        <line num="309" count="0" type="stmt"/>
        <line num="310" count="0" type="stmt"/>
        <line num="311" count="0" type="stmt"/>
        <line num="312" count="0" type="stmt"/>
        <line num="313" count="0" type="stmt"/>
        <line num="314" count="0" type="stmt"/>
        <line num="315" count="0" type="stmt"/>
        <line num="316" count="0" type="stmt"/>
        <line num="318" count="0" type="stmt"/>
        <line num="319" count="0" type="stmt"/>
        <line num="320" count="0" type="stmt"/>
        <line num="321" count="0" type="stmt"/>
        <line num="322" count="0" type="stmt"/>
        <line num="323" count="0" type="stmt"/>
        <line num="324" count="0" type="stmt"/>
        <line num="325" count="0" type="stmt"/>
        <line num="326" count="0" type="stmt"/>
        <line num="327" count="0" type="stmt"/>
        <line num="328" count="0" type="stmt"/>
        <line num="329" count="0" type="stmt"/>
        <line num="330" count="0" type="stmt"/>
        <line num="331" count="0" type="stmt"/>
        <line num="332" count="0" type="stmt"/>
        <line num="333" count="0" type="stmt"/>
        <line num="334" count="0" type="stmt"/>
        <line num="335" count="0" type="stmt"/>
        <line num="336" count="0" type="stmt"/>
        <line num="337" count="0" type="stmt"/>
        <line num="338" count="0" type="stmt"/>
        <line num="339" count="0" type="stmt"/>
        <line num="340" count="0" type="stmt"/>
        <line num="341" count="0" type="stmt"/>
        <line num="342" count="0" type="stmt"/>
        <line num="343" count="0" type="stmt"/>
        <line num="344" count="0" type="stmt"/>
        <line num="345" count="0" type="stmt"/>
        <line num="346" count="0" type="stmt"/>
        <line num="369" count="31" type="cond" truecount="1" falsecount="0"/>
        <line num="370" count="31" type="stmt"/>
        <line num="371" count="31" type="stmt"/>
        <line num="372" count="31" type="stmt"/>
        <line num="373" count="31" type="cond" truecount="0" falsecount="1"/>
        <line num="374" count="31" type="cond" truecount="1" falsecount="0"/>
        <line num="375" count="31" type="stmt"/>
        <line num="376" count="31" type="stmt"/>
        <line num="377" count="31" type="stmt"/>
        <line num="379" count="31" type="stmt"/>
        <line num="380" count="31" type="stmt"/>
        <line num="381" count="31" type="cond" truecount="2" falsecount="0"/>
        <line num="382" count="31" type="stmt"/>
        <line num="383" count="31" type="stmt"/>
        <line num="384" count="31" type="stmt"/>
        <line num="385" count="31" type="stmt"/>
        <line num="386" count="31" type="stmt"/>
        <line num="387" count="31" type="stmt"/>
        <line num="388" count="31" type="stmt"/>
        <line num="389" count="31" type="stmt"/>
        <line num="390" count="31" type="stmt"/>
        <line num="391" count="31" type="stmt"/>
        <line num="392" count="31" type="stmt"/>
        <line num="393" count="31" type="stmt"/>
        <line num="394" count="31" type="stmt"/>
        <line num="396" count="31" type="cond" truecount="1" falsecount="0"/>
        <line num="397" count="11" type="stmt"/>
        <line num="398" count="11" type="stmt"/>
        <line num="399" count="11" type="stmt"/>
        <line num="400" count="11" type="stmt"/>
        <line num="401" count="11" type="stmt"/>
        <line num="402" count="11" type="stmt"/>
        <line num="403" count="11" type="stmt"/>
        <line num="404" count="11" type="stmt"/>
        <line num="405" count="11" type="stmt"/>
        <line num="406" count="11" type="cond" truecount="1" falsecount="0"/>
        <line num="407" count="20" type="stmt"/>
        <line num="408" count="20" type="stmt"/>
        <line num="422" count="11" type="cond" truecount="1" falsecount="0"/>
        <line num="430" count="11" type="stmt"/>
        <line num="431" count="11" type="stmt"/>
        <line num="432" count="11" type="stmt"/>
        <line num="433" count="11" type="stmt"/>
        <line num="434" count="11" type="stmt"/>
        <line num="435" count="11" type="stmt"/>
        <line num="436" count="11" type="stmt"/>
        <line num="437" count="11" type="stmt"/>
        <line num="438" count="11" type="stmt"/>
        <line num="439" count="11" type="stmt"/>
        <line num="440" count="11" type="stmt"/>
        <line num="441" count="11" type="stmt"/>
        <line num="442" count="11" type="stmt"/>
        <line num="443" count="11" type="stmt"/>
        <line num="444" count="11" type="stmt"/>
        <line num="445" count="11" type="stmt"/>
        <line num="446" count="11" type="stmt"/>
        <line num="447" count="11" type="stmt"/>
        <line num="461" count="20" type="cond" truecount="1" falsecount="0"/>
        <line num="468" count="20" type="stmt"/>
        <line num="469" count="20" type="stmt"/>
        <line num="470" count="20" type="stmt"/>
        <line num="471" count="20" type="stmt"/>
        <line num="472" count="20" type="stmt"/>
        <line num="473" count="20" type="stmt"/>
        <line num="474" count="20" type="stmt"/>
        <line num="475" count="20" type="stmt"/>
        <line num="476" count="20" type="stmt"/>
        <line num="477" count="20" type="stmt"/>
        <line num="478" count="20" type="stmt"/>
        <line num="479" count="20" type="stmt"/>
        <line num="480" count="20" type="stmt"/>
        <line num="481" count="20" type="stmt"/>
        <line num="482" count="20" type="stmt"/>
        <line num="483" count="20" type="stmt"/>
        <line num="484" count="20" type="stmt"/>
        <line num="485" count="20" type="stmt"/>
        <line num="486" count="20" type="stmt"/>
        <line num="487" count="20" type="stmt"/>
      </file>
      <file name="config.ts" path="/Users/Apple/pi-orchestrator/src/config.ts">
        <metrics statements="128" coveredstatements="128" conditionals="31" coveredconditionals="31" methods="7" coveredmethods="7"/>
        <line num="10" count="1" type="stmt"/>
        <line num="16" count="1" type="stmt"/>
        <line num="17" count="1" type="stmt"/>
        <line num="18" count="1" type="stmt"/>
        <line num="19" count="1" type="stmt"/>
        <line num="20" count="1" type="stmt"/>
        <line num="21" count="1" type="stmt"/>
        <line num="22" count="1" type="stmt"/>
        <line num="25" count="1" type="stmt"/>
        <line num="27" count="1" type="stmt"/>
        <line num="28" count="1" type="stmt"/>
        <line num="29" count="1" type="stmt"/>
        <line num="30" count="1" type="stmt"/>
        <line num="31" count="1" type="stmt"/>
        <line num="32" count="1" type="stmt"/>
        <line num="34" count="1" type="stmt"/>
        <line num="102" count="1" type="cond" truecount="1" falsecount="0"/>
        <line num="103" count="61" type="stmt"/>
        <line num="105" count="61" type="stmt"/>
        <line num="106" count="61" type="stmt"/>
        <line num="107" count="61" type="stmt"/>
        <line num="108" count="61" type="stmt"/>
        <line num="109" count="61" type="stmt"/>
        <line num="110" count="61" type="stmt"/>
        <line num="111" count="61" type="stmt"/>
        <line num="112" count="61" type="stmt"/>
        <line num="113" count="61" type="stmt"/>
        <line num="114" count="61" type="stmt"/>
        <line num="136" count="61" type="cond" truecount="1" falsecount="0"/>
        <line num="137" count="61" type="stmt"/>
        <line num="138" count="61" type="cond" truecount="2" falsecount="0"/>
        <line num="139" count="59" type="stmt"/>
        <line num="140" count="59" type="cond" truecount="1" falsecount="0"/>
        <line num="141" count="2" type="stmt"/>
        <line num="142" count="2" type="stmt"/>
        <line num="144" count="98" type="cond" truecount="1" falsecount="0"/>
        <line num="145" count="98" type="stmt"/>
        <line num="146" count="98" type="cond" truecount="2" falsecount="0"/>
        <line num="147" count="94" type="stmt"/>
        <line num="148" count="94" type="cond" truecount="1" falsecount="0"/>
        <line num="149" count="4" type="stmt"/>
        <line num="150" count="4" type="stmt"/>
        <line num="152" count="355" type="cond" truecount="1" falsecount="0"/>
        <line num="153" count="355" type="stmt"/>
        <line num="154" count="355" type="stmt"/>
        <line num="155" count="355" type="stmt"/>
        <line num="156" count="355" type="stmt"/>
        <line num="157" count="355" type="stmt"/>
        <line num="158" count="355" type="cond" truecount="1" falsecount="0"/>
        <line num="159" count="348" type="stmt"/>
        <line num="160" count="348" type="cond" truecount="2" falsecount="0"/>
        <line num="162" count="7" type="stmt"/>
        <line num="163" count="7" type="stmt"/>
        <line num="164" count="355" type="cond" truecount="3" falsecount="0"/>
        <line num="165" count="5" type="stmt"/>
        <line num="166" count="5" type="stmt"/>
        <line num="167" count="5" type="stmt"/>
        <line num="168" count="5" type="stmt"/>
        <line num="169" count="5" type="stmt"/>
        <line num="170" count="5" type="cond" truecount="1" falsecount="0"/>
        <line num="171" count="2" type="stmt"/>
        <line num="172" count="2" type="stmt"/>
        <line num="174" count="56" type="cond" truecount="1" falsecount="0"/>
        <line num="175" count="56" type="stmt"/>
        <line num="176" count="56" type="cond" truecount="1" falsecount="0"/>
        <line num="177" count="46" type="stmt"/>
        <line num="178" count="46" type="cond" truecount="2" falsecount="0"/>
        <line num="179" count="10" type="stmt"/>
        <line num="180" count="41" type="cond" truecount="1" falsecount="0"/>
        <line num="181" count="5" type="stmt"/>
        <line num="182" count="5" type="stmt"/>
        <line num="183" count="5" type="stmt"/>
        <line num="184" count="5" type="stmt"/>
        <line num="185" count="5" type="stmt"/>
        <line num="186" count="5" type="stmt"/>
        <line num="187" count="5" type="stmt"/>
        <line num="188" count="5" type="stmt"/>
        <line num="190" count="51" type="cond" truecount="1" falsecount="0"/>
        <line num="191" count="51" type="stmt"/>
        <line num="192" count="51" type="stmt"/>
        <line num="193" count="51" type="stmt"/>
        <line num="194" count="51" type="stmt"/>
        <line num="195" count="51" type="stmt"/>
        <line num="196" count="51" type="cond" truecount="1" falsecount="0"/>
        <line num="197" count="33" type="stmt"/>
        <line num="198" count="33" type="cond" truecount="1" falsecount="0"/>
        <line num="199" count="51" type="cond" truecount="1" falsecount="0"/>
        <line num="200" count="2" type="stmt"/>
        <line num="201" count="2" type="cond" truecount="2" falsecount="0"/>
        <line num="202" count="50" type="cond" truecount="1" falsecount="0"/>
        <line num="203" count="14" type="stmt"/>
        <line num="204" count="14" type="cond" truecount="1" falsecount="0"/>
        <line num="205" count="2" type="stmt"/>
        <line num="206" count="2" type="stmt"/>
        <line num="207" count="2" type="stmt"/>
        <line num="208" count="2" type="stmt"/>
        <line num="209" count="2" type="stmt"/>
        <line num="210" count="2" type="stmt"/>
        <line num="212" count="49" type="cond" truecount="1" falsecount="0"/>
        <line num="213" count="49" type="stmt"/>
        <line num="214" count="49" type="stmt"/>
        <line num="215" count="49" type="stmt"/>
        <line num="216" count="49" type="stmt"/>
        <line num="217" count="49" type="stmt"/>
        <line num="218" count="49" type="stmt"/>
        <line num="219" count="49" type="stmt"/>
        <line num="220" count="49" type="stmt"/>
        <line num="221" count="49" type="stmt"/>
        <line num="222" count="49" type="stmt"/>
        <line num="223" count="49" type="stmt"/>
        <line num="224" count="49" type="stmt"/>
        <line num="225" count="49" type="stmt"/>
        <line num="226" count="49" type="stmt"/>
        <line num="227" count="49" type="stmt"/>
        <line num="228" count="49" type="stmt"/>
        <line num="229" count="49" type="stmt"/>
        <line num="230" count="49" type="stmt"/>
        <line num="231" count="49" type="stmt"/>
        <line num="232" count="49" type="stmt"/>
        <line num="233" count="49" type="stmt"/>
        <line num="234" count="49" type="stmt"/>
        <line num="235" count="49" type="stmt"/>
        <line num="236" count="49" type="stmt"/>
        <line num="237" count="49" type="stmt"/>
        <line num="238" count="49" type="stmt"/>
        <line num="239" count="49" type="stmt"/>
        <line num="240" count="49" type="stmt"/>
        <line num="241" count="49" type="stmt"/>
      </file>
    </package>
    <package name="pi-orchestrator.src.events">
      <metrics statements="278" coveredstatements="271" conditionals="66" coveredconditionals="57" methods="21" coveredmethods="21"/>
      <file name="bus.ts" path="/Users/Apple/pi-orchestrator/src/events/bus.ts">
        <metrics statements="136" coveredstatements="133" conditionals="23" coveredconditionals="21" methods="10" coveredmethods="10"/>
        <line num="88" count="1" type="stmt"/>
        <line num="89" count="1" type="stmt"/>
        <line num="90" count="1" type="stmt"/>
        <line num="91" count="1" type="stmt"/>
        <line num="92" count="1" type="stmt"/>
        <line num="93" count="1" type="stmt"/>
        <line num="94" count="1" type="stmt"/>
        <line num="95" count="1" type="stmt"/>
        <line num="96" count="1" type="stmt"/>
        <line num="97" count="1" type="stmt"/>
        <line num="98" count="1" type="stmt"/>
        <line num="99" count="1" type="stmt"/>
        <line num="100" count="1" type="stmt"/>
        <line num="101" count="1" type="stmt"/>
        <line num="102" count="1" type="stmt"/>
        <line num="103" count="1" type="stmt"/>
        <line num="104" count="1" type="stmt"/>
        <line num="105" count="1" type="stmt"/>
        <line num="106" count="1" type="stmt"/>
        <line num="107" count="1" type="stmt"/>
        <line num="108" count="1" type="stmt"/>
        <line num="109" count="1" type="stmt"/>
        <line num="125" count="1" type="cond" truecount="1" falsecount="0"/>
        <line num="126" count="63" type="stmt"/>
        <line num="127" count="63" type="stmt"/>
        <line num="145" count="3" type="cond" truecount="1" falsecount="0"/>
        <line num="146" count="3" type="stmt"/>
        <line num="147" count="3" type="stmt"/>
        <line num="148" count="3" type="stmt"/>
        <line num="149" count="3" type="stmt"/>
        <line num="150" count="3" type="cond" truecount="1" falsecount="0"/>
        <line num="151" count="2" type="stmt"/>
        <line num="152" count="2" type="stmt"/>
        <line num="153" count="2" type="cond" truecount="0" falsecount="1"/>
        <line num="155" count="0" type="stmt"/>
        <line num="156" count="2" type="stmt"/>
        <line num="157" count="3" type="stmt"/>
        <line num="183" count="43" type="cond" truecount="1" falsecount="0"/>
        <line num="184" count="43" type="stmt"/>
        <line num="185" count="43" type="stmt"/>
        <line num="186" count="43" type="stmt"/>
        <line num="187" count="43" type="stmt"/>
        <line num="188" count="43" type="stmt"/>
        <line num="189" count="43" type="stmt"/>
        <line num="190" count="43" type="stmt"/>
        <line num="191" count="43" type="stmt"/>
        <line num="192" count="43" type="stmt"/>
        <line num="193" count="43" type="stmt"/>
        <line num="194" count="43" type="stmt"/>
        <line num="195" count="43" type="stmt"/>
        <line num="196" count="43" type="stmt"/>
        <line num="220" count="43" type="cond" truecount="1" falsecount="0"/>
        <line num="221" count="43" type="stmt"/>
        <line num="222" count="43" type="stmt"/>
        <line num="223" count="43" type="stmt"/>
        <line num="224" count="43" type="stmt"/>
        <line num="225" count="43" type="cond" truecount="1" falsecount="0"/>
        <line num="226" count="2" type="stmt"/>
        <line num="227" count="2" type="stmt"/>
        <line num="228" count="43" type="stmt"/>
        <line num="229" count="43" type="stmt"/>
        <line num="245" count="46" type="cond" truecount="1" falsecount="0"/>
        <line num="246" count="46" type="stmt"/>
        <line num="247" count="46" type="stmt"/>
        <line num="248" count="46" type="stmt"/>
        <line num="249" count="46" type="stmt"/>
        <line num="250" count="46" type="cond" truecount="1" falsecount="0"/>
        <line num="251" count="5" type="cond" truecount="1" falsecount="0"/>
        <line num="252" count="1" type="stmt"/>
        <line num="253" count="1" type="cond" truecount="1" falsecount="0"/>
        <line num="254" count="4" type="stmt"/>
        <line num="255" count="4" type="stmt"/>
        <line num="256" count="4" type="stmt"/>
        <line num="257" count="4" type="stmt"/>
        <line num="258" count="4" type="stmt"/>
        <line num="259" count="5" type="stmt"/>
        <line num="260" count="46" type="stmt"/>
        <line num="284" count="43" type="cond" truecount="1" falsecount="0"/>
        <line num="285" count="43" type="cond" truecount="0" falsecount="1"/>
        <line num="286" count="0" type="stmt"/>
        <line num="287" count="0" type="stmt"/>
        <line num="288" count="43" type="stmt"/>
        <line num="289" count="43" type="stmt"/>
        <line num="290" count="43" type="stmt"/>
        <line num="291" count="43" type="stmt"/>
        <line num="292" count="43" type="stmt"/>
        <line num="293" count="43" type="stmt"/>
        <line num="294" count="43" type="stmt"/>
        <line num="295" count="43" type="stmt"/>
        <line num="296" count="43" type="stmt"/>
        <line num="297" count="43" type="cond" truecount="1" falsecount="0"/>
        <line num="298" count="1" type="stmt"/>
        <line num="299" count="43" type="stmt"/>
        <line num="300" count="43" type="stmt"/>
        <line num="326" count="1" type="cond" truecount="1" falsecount="0"/>
        <line num="327" count="67" type="stmt"/>
        <line num="328" count="67" type="stmt"/>
        <line num="329" count="67" type="stmt"/>
        <line num="331" count="67" type="stmt"/>
        <line num="332" count="67" type="cond" truecount="1" falsecount="0"/>
        <line num="333" count="45" type="stmt"/>
        <line num="334" count="45" type="stmt"/>
        <line num="335" count="45" type="stmt"/>
        <line num="336" count="45" type="stmt"/>
        <line num="337" count="45" type="cond" truecount="1" falsecount="0"/>
        <line num="338" count="2" type="stmt"/>
        <line num="339" count="2" type="cond" truecount="1" falsecount="0"/>
        <line num="341" count="43" type="stmt"/>
        <line num="342" count="43" type="stmt"/>
        <line num="343" count="43" type="stmt"/>
        <line num="344" count="43" type="stmt"/>
        <line num="345" count="43" type="stmt"/>
        <line num="346" count="43" type="stmt"/>
        <line num="347" count="43" type="stmt"/>
        <line num="348" count="43" type="stmt"/>
        <line num="349" count="43" type="stmt"/>
        <line num="350" count="43" type="stmt"/>
        <line num="351" count="43" type="stmt"/>
        <line num="352" count="43" type="stmt"/>
        <line num="353" count="43" type="stmt"/>
        <line num="354" count="45" type="stmt"/>
        <line num="356" count="67" type="cond" truecount="1" falsecount="0"/>
        <line num="357" count="46" type="stmt"/>
        <line num="358" count="46" type="stmt"/>
        <line num="359" count="46" type="stmt"/>
        <line num="361" count="67" type="cond" truecount="1" falsecount="0"/>
        <line num="362" count="7" type="cond" truecount="1" falsecount="0"/>
        <line num="363" count="1" type="stmt"/>
        <line num="364" count="1" type="cond" truecount="1" falsecount="0"/>
        <line num="365" count="6" type="stmt"/>
        <line num="366" count="6" type="cond" truecount="1" falsecount="0"/>
        <line num="367" count="4" type="stmt"/>
        <line num="368" count="4" type="stmt"/>
        <line num="369" count="7" type="stmt"/>
        <line num="370" count="67" type="stmt"/>
        <line num="371" count="67" type="stmt"/>
      </file>
      <file name="child-parser.ts" path="/Users/Apple/pi-orchestrator/src/events/child-parser.ts">
        <metrics statements="142" coveredstatements="138" conditionals="43" coveredconditionals="36" methods="11" coveredmethods="11"/>
        <line num="54" count="1" type="stmt"/>
        <line num="71" count="10" type="cond" truecount="1" falsecount="0"/>
        <line num="72" count="10" type="stmt"/>
        <line num="73" count="10" type="cond" truecount="1" falsecount="0"/>
        <line num="74" count="1" type="stmt"/>
        <line num="75" count="1" type="stmt"/>
        <line num="76" count="10" type="cond" truecount="1" falsecount="0"/>
        <line num="77" count="1" type="stmt"/>
        <line num="78" count="1" type="stmt"/>
        <line num="79" count="10" type="stmt"/>
        <line num="80" count="10" type="stmt"/>
        <line num="93" count="5" type="cond" truecount="1" falsecount="0"/>
        <line num="94" count="5" type="stmt"/>
        <line num="95" count="5" type="cond" truecount="2" falsecount="0"/>
        <line num="96" count="5" type="stmt"/>
        <line num="97" count="5" type="cond" truecount="0" falsecount="1"/>
        <line num="98" count="0" type="stmt"/>
        <line num="99" count="0" type="stmt"/>
        <line num="100" count="5" type="stmt"/>
        <line num="101" count="5" type="stmt"/>
        <line num="114" count="5" type="cond" truecount="1" falsecount="0"/>
        <line num="115" count="5" type="stmt"/>
        <line num="116" count="5" type="cond" truecount="0" falsecount="1"/>
        <line num="117" count="5" type="cond" truecount="0" falsecount="1"/>
        <line num="118" count="5" type="cond" truecount="0" falsecount="1"/>
        <line num="119" count="5" type="stmt"/>
        <line num="120" count="5" type="stmt"/>
        <line num="121" count="5" type="stmt"/>
        <line num="134" count="5" type="cond" truecount="1" falsecount="0"/>
        <line num="135" count="5" type="cond" truecount="1" falsecount="0"/>
        <line num="136" count="3" type="stmt"/>
        <line num="137" count="3" type="cond" truecount="1" falsecount="0"/>
        <line num="138" count="2" type="stmt"/>
        <line num="139" count="5" type="cond" truecount="1" falsecount="1"/>
        <line num="140" count="0" type="stmt"/>
        <line num="141" count="0" type="cond" truecount="1" falsecount="0"/>
        <line num="142" count="2" type="stmt"/>
        <line num="143" count="2" type="stmt"/>
        <line num="144" count="2" type="stmt"/>
        <line num="145" count="2" type="stmt"/>
        <line num="146" count="2" type="stmt"/>
        <line num="147" count="2" type="stmt"/>
        <line num="148" count="2" type="cond" truecount="1" falsecount="0"/>
        <line num="149" count="1" type="stmt"/>
        <line num="150" count="5" type="cond" truecount="1" falsecount="0"/>
        <line num="151" count="1" type="stmt"/>
        <line num="152" count="1" type="stmt"/>
        <line num="153" count="1" type="stmt"/>
        <line num="154" count="1" type="stmt"/>
        <line num="155" count="1" type="stmt"/>
        <line num="156" count="1" type="stmt"/>
        <line num="157" count="5" type="stmt"/>
        <line num="170" count="5" type="cond" truecount="1" falsecount="0"/>
        <line num="171" count="5" type="stmt"/>
        <line num="172" count="5" type="cond" truecount="2" falsecount="0"/>
        <line num="173" count="5" type="stmt"/>
        <line num="174" count="5" type="stmt"/>
        <line num="187" count="3" type="cond" truecount="1" falsecount="0"/>
        <line num="188" count="3" type="stmt"/>
        <line num="189" count="3" type="cond" truecount="0" falsecount="1"/>
        <line num="190" count="3" type="cond" truecount="0" falsecount="1"/>
        <line num="191" count="3" type="stmt"/>
        <line num="192" count="3" type="stmt"/>
        <line num="193" count="3" type="stmt"/>
        <line num="196" count="1" type="stmt"/>
        <line num="197" count="1" type="stmt"/>
        <line num="198" count="1" type="stmt"/>
        <line num="199" count="1" type="stmt"/>
        <line num="200" count="1" type="stmt"/>
        <line num="201" count="1" type="stmt"/>
        <line num="202" count="1" type="stmt"/>
        <line num="203" count="1" type="stmt"/>
        <line num="204" count="1" type="stmt"/>
        <line num="218" count="30" type="cond" truecount="1" falsecount="0"/>
        <line num="219" count="30" type="stmt"/>
        <line num="220" count="30" type="cond" truecount="1" falsecount="0"/>
        <line num="221" count="28" type="stmt"/>
        <line num="222" count="30" type="cond" truecount="1" falsecount="0"/>
        <line num="223" count="2" type="stmt"/>
        <line num="224" count="2" type="stmt"/>
        <line num="225" count="2" type="stmt"/>
        <line num="226" count="2" type="stmt"/>
        <line num="227" count="2" type="stmt"/>
        <line num="228" count="2" type="stmt"/>
        <line num="229" count="2" type="stmt"/>
        <line num="230" count="30" type="stmt"/>
        <line num="243" count="43" type="cond" truecount="1" falsecount="0"/>
        <line num="244" count="43" type="stmt"/>
        <line num="245" count="43" type="cond" truecount="1" falsecount="0"/>
        <line num="246" count="3" type="stmt"/>
        <line num="247" count="3" type="cond" truecount="1" falsecount="0"/>
        <line num="249" count="40" type="stmt"/>
        <line num="250" count="40" type="stmt"/>
        <line num="252" count="40" type="stmt"/>
        <line num="253" count="43" type="cond" truecount="1" falsecount="0"/>
        <line num="254" count="9" type="stmt"/>
        <line num="255" count="9" type="stmt"/>
        <line num="256" count="9" type="stmt"/>
        <line num="257" count="9" type="stmt"/>
        <line num="258" count="9" type="stmt"/>
        <line num="259" count="9" type="stmt"/>
        <line num="260" count="9" type="stmt"/>
        <line num="261" count="9" type="cond" truecount="1" falsecount="0"/>
        <line num="263" count="31" type="stmt"/>
        <line num="264" count="43" type="cond" truecount="1" falsecount="0"/>
        <line num="265" count="1" type="stmt"/>
        <line num="266" count="1" type="stmt"/>
        <line num="267" count="1" type="stmt"/>
        <line num="268" count="1" type="stmt"/>
        <line num="269" count="1" type="stmt"/>
        <line num="270" count="1" type="stmt"/>
        <line num="271" count="1" type="stmt"/>
        <line num="272" count="1" type="cond" truecount="1" falsecount="0"/>
        <line num="274" count="30" type="stmt"/>
        <line num="275" count="30" type="stmt"/>
        <line num="305" count="1" type="cond" truecount="1" falsecount="0"/>
        <line num="306" count="33" type="stmt"/>
        <line num="307" count="33" type="stmt"/>
        <line num="309" count="33" type="stmt"/>
        <line num="310" count="33" type="cond" truecount="1" falsecount="0"/>
        <line num="311" count="52" type="stmt"/>
        <line num="312" count="52" type="stmt"/>
        <line num="313" count="52" type="stmt"/>
        <line num="315" count="52" type="stmt"/>
        <line num="316" count="52" type="cond" truecount="1" falsecount="0"/>
        <line num="317" count="39" type="stmt"/>
        <line num="318" count="39" type="cond" truecount="1" falsecount="0"/>
        <line num="319" count="52" type="cond" truecount="1" falsecount="0"/>
        <line num="321" count="1" type="stmt"/>
        <line num="322" count="52" type="stmt"/>
        <line num="324" count="33" type="cond" truecount="1" falsecount="0"/>
        <line num="325" count="5" type="stmt"/>
        <line num="326" count="5" type="cond" truecount="1" falsecount="0"/>
        <line num="327" count="4" type="stmt"/>
        <line num="328" count="4" type="stmt"/>
        <line num="329" count="4" type="stmt"/>
        <line num="330" count="4" type="stmt"/>
        <line num="331" count="5" type="cond" truecount="1" falsecount="0"/>
        <line num="333" count="1" type="stmt"/>
        <line num="334" count="5" type="stmt"/>
        <line num="335" count="33" type="stmt"/>
        <line num="336" count="33" type="stmt"/>
      </file>
    </package>
    <package name="pi-orchestrator.src.extension">
      <metrics statements="225" coveredstatements="134" conditionals="16" coveredconditionals="9" methods="21" coveredmethods="8"/>
      <file name="index.ts" path="/Users/Apple/pi-orchestrator/src/extension/index.ts">
        <metrics statements="159" coveredstatements="70" conditionals="11" coveredconditionals="6" methods="18" coveredmethods="5"/>
        <line num="9" count="1" type="stmt"/>
        <line num="10" count="1" type="stmt"/>
        <line num="11" count="1" type="stmt"/>
        <line num="43" count="16" type="cond" truecount="1" falsecount="0"/>
        <line num="44" count="16" type="stmt"/>
        <line num="45" count="16" type="stmt"/>
        <line num="46" count="16" type="stmt"/>
        <line num="49" count="1" type="stmt"/>
        <line num="63" count="1" type="cond" truecount="1" falsecount="0"/>
        <line num="64" count="1" type="cond" truecount="0" falsecount="1"/>
        <line num="65" count="0" type="stmt"/>
        <line num="66" count="0" type="stmt"/>
        <line num="67" count="1" type="stmt"/>
        <line num="68" count="1" type="stmt"/>
        <line num="69" count="1" type="stmt"/>
        <line num="70" count="1" type="cond" truecount="0" falsecount="1"/>
        <line num="71" count="1" type="cond" truecount="0" falsecount="1"/>
        <line num="72" count="1" type="stmt"/>
        <line num="75" count="1" type="cond" truecount="1" falsecount="0"/>
        <line num="76" count="1" type="cond" truecount="0" falsecount="2"/>
        <line num="77" count="0" type="stmt"/>
        <line num="78" count="0" type="stmt"/>
        <line num="79" count="1" type="stmt"/>
        <line num="80" count="1" type="stmt"/>
        <line num="83" count="1" type="stmt"/>
        <line num="90" count="1" type="stmt"/>
        <line num="91" count="1" type="stmt"/>
        <line num="92" count="0" type="stmt"/>
        <line num="98" count="0" type="stmt"/>
        <line num="99" count="0" type="stmt"/>
        <line num="100" count="0" type="stmt"/>
        <line num="101" count="1" type="stmt"/>
        <line num="102" count="0" type="stmt"/>
        <line num="103" count="0" type="stmt"/>
        <line num="104" count="0" type="stmt"/>
        <line num="105" count="1" type="stmt"/>
        <line num="106" count="0" type="stmt"/>
        <line num="107" count="0" type="stmt"/>
        <line num="108" count="0" type="stmt"/>
        <line num="109" count="1" type="stmt"/>
        <line num="110" count="0" type="stmt"/>
        <line num="111" count="0" type="stmt"/>
        <line num="112" count="0" type="stmt"/>
        <line num="113" count="1" type="stmt"/>
        <line num="114" count="0" type="stmt"/>
        <line num="115" count="0" type="stmt"/>
        <line num="116" count="0" type="stmt"/>
        <line num="117" count="1" type="stmt"/>
        <line num="118" count="0" type="stmt"/>
        <line num="119" count="0" type="stmt"/>
        <line num="120" count="0" type="stmt"/>
        <line num="121" count="1" type="stmt"/>
        <line num="122" count="0" type="stmt"/>
        <line num="123" count="0" type="stmt"/>
        <line num="124" count="0" type="stmt"/>
        <line num="125" count="1" type="stmt"/>
        <line num="126" count="0" type="stmt"/>
        <line num="127" count="0" type="stmt"/>
        <line num="128" count="0" type="stmt"/>
        <line num="129" count="1" type="stmt"/>
        <line num="130" count="0" type="stmt"/>
        <line num="131" count="0" type="stmt"/>
        <line num="132" count="0" type="stmt"/>
        <line num="133" count="1" type="stmt"/>
        <line num="149" count="0" type="stmt"/>
        <line num="150" count="0" type="stmt"/>
        <line num="151" count="0" type="stmt"/>
        <line num="152" count="0" type="stmt"/>
        <line num="153" count="0" type="stmt"/>
        <line num="154" count="0" type="stmt"/>
        <line num="155" count="0" type="stmt"/>
        <line num="156" count="0" type="stmt"/>
        <line num="157" count="0" type="stmt"/>
        <line num="158" count="0" type="stmt"/>
        <line num="159" count="0" type="stmt"/>
        <line num="172" count="0" type="stmt"/>
        <line num="173" count="0" type="stmt"/>
        <line num="174" count="0" type="stmt"/>
        <line num="175" count="0" type="stmt"/>
        <line num="176" count="0" type="stmt"/>
        <line num="177" count="0" type="stmt"/>
        <line num="178" count="0" type="stmt"/>
        <line num="179" count="0" type="stmt"/>
        <line num="180" count="0" type="stmt"/>
        <line num="181" count="0" type="stmt"/>
        <line num="182" count="0" type="stmt"/>
        <line num="183" count="0" type="stmt"/>
        <line num="184" count="0" type="stmt"/>
        <line num="185" count="0" type="stmt"/>
        <line num="186" count="0" type="stmt"/>
        <line num="187" count="0" type="stmt"/>
        <line num="188" count="0" type="stmt"/>
        <line num="189" count="0" type="stmt"/>
        <line num="190" count="0" type="stmt"/>
        <line num="191" count="0" type="stmt"/>
        <line num="192" count="0" type="stmt"/>
        <line num="193" count="0" type="stmt"/>
        <line num="194" count="0" type="stmt"/>
        <line num="195" count="0" type="stmt"/>
        <line num="198" count="16" type="cond" truecount="1" falsecount="0"/>
        <line num="199" count="16" type="stmt"/>
        <line num="200" count="16" type="stmt"/>
        <line num="201" count="16" type="stmt"/>
        <line num="202" count="16" type="stmt"/>
        <line num="203" count="16" type="stmt"/>
        <line num="204" count="16" type="stmt"/>
        <line num="205" count="16" type="stmt"/>
        <line num="206" count="16" type="stmt"/>
        <line num="207" count="16" type="stmt"/>
        <line num="208" count="16" type="stmt"/>
        <line num="209" count="16" type="stmt"/>
        <line num="210" count="16" type="stmt"/>
        <line num="211" count="16" type="stmt"/>
        <line num="212" count="16" type="stmt"/>
        <line num="213" count="16" type="stmt"/>
        <line num="214" count="16" type="stmt"/>
        <line num="215" count="16" type="stmt"/>
        <line num="216" count="16" type="stmt"/>
        <line num="217" count="0" type="stmt"/>
        <line num="218" count="0" type="stmt"/>
        <line num="219" count="0" type="stmt"/>
        <line num="220" count="0" type="stmt"/>
        <line num="221" count="0" type="stmt"/>
        <line num="222" count="0" type="stmt"/>
        <line num="223" count="0" type="stmt"/>
        <line num="224" count="16" type="stmt"/>
        <line num="225" count="16" type="stmt"/>
        <line num="237" count="16" type="cond" truecount="1" falsecount="0"/>
        <line num="238" count="16" type="stmt"/>
        <line num="239" count="16" type="stmt"/>
        <line num="241" count="16" type="stmt"/>
        <line num="242" count="0" type="stmt"/>
        <line num="243" count="0" type="stmt"/>
        <line num="244" count="0" type="stmt"/>
        <line num="245" count="0" type="stmt"/>
        <line num="246" count="0" type="stmt"/>
        <line num="247" count="16" type="stmt"/>
        <line num="249" count="16" type="cond" truecount="1" falsecount="0"/>
        <line num="250" count="1" type="stmt"/>
        <line num="251" count="16" type="stmt"/>
        <line num="253" count="16" type="stmt"/>
        <line num="254" count="0" type="stmt"/>
        <line num="255" count="0" type="stmt"/>
        <line num="256" count="0" type="stmt"/>
        <line num="257" count="0" type="stmt"/>
        <line num="258" count="16" type="stmt"/>
        <line num="260" count="16" type="stmt"/>
        <line num="261" count="16" type="stmt"/>
        <line num="262" count="16" type="stmt"/>
        <line num="263" count="16" type="stmt"/>
        <line num="264" count="0" type="stmt"/>
        <line num="265" count="0" type="stmt"/>
        <line num="266" count="0" type="stmt"/>
        <line num="267" count="0" type="stmt"/>
        <line num="268" count="0" type="stmt"/>
        <line num="269" count="0" type="stmt"/>
        <line num="270" count="16" type="stmt"/>
        <line num="272" count="16" type="stmt"/>
        <line num="273" count="16" type="stmt"/>
      </file>
      <file name="schemas.ts" path="/Users/Apple/pi-orchestrator/src/extension/schemas.ts">
        <metrics statements="41" coveredstatements="41" conditionals="0" coveredconditionals="0" methods="0" coveredmethods="0"/>
        <line num="10" count="1" type="stmt"/>
        <line num="17" count="1" type="stmt"/>
        <line num="35" count="1" type="stmt"/>
        <line num="36" count="1" type="stmt"/>
        <line num="37" count="1" type="stmt"/>
        <line num="38" count="1" type="stmt"/>
        <line num="39" count="1" type="stmt"/>
        <line num="40" count="1" type="stmt"/>
        <line num="41" count="1" type="stmt"/>
        <line num="42" count="1" type="stmt"/>
        <line num="43" count="1" type="stmt"/>
        <line num="44" count="1" type="stmt"/>
        <line num="45" count="1" type="stmt"/>
        <line num="46" count="1" type="stmt"/>
        <line num="47" count="1" type="stmt"/>
        <line num="48" count="1" type="stmt"/>
        <line num="49" count="1" type="stmt"/>
        <line num="50" count="1" type="stmt"/>
        <line num="51" count="1" type="stmt"/>
        <line num="52" count="1" type="stmt"/>
        <line num="53" count="1" type="stmt"/>
        <line num="54" count="1" type="stmt"/>
        <line num="55" count="1" type="stmt"/>
        <line num="56" count="1" type="stmt"/>
        <line num="57" count="1" type="stmt"/>
        <line num="58" count="1" type="stmt"/>
        <line num="59" count="1" type="stmt"/>
        <line num="60" count="1" type="stmt"/>
        <line num="61" count="1" type="stmt"/>
        <line num="62" count="1" type="stmt"/>
        <line num="63" count="1" type="stmt"/>
        <line num="64" count="1" type="stmt"/>
        <line num="65" count="1" type="stmt"/>
        <line num="66" count="1" type="stmt"/>
        <line num="67" count="1" type="stmt"/>
        <line num="68" count="1" type="stmt"/>
        <line num="69" count="1" type="stmt"/>
        <line num="70" count="1" type="stmt"/>
        <line num="71" count="1" type="stmt"/>
        <line num="72" count="1" type="stmt"/>
        <line num="73" count="1" type="stmt"/>
      </file>
      <file name="tool.ts" path="/Users/Apple/pi-orchestrator/src/extension/tool.ts">
        <metrics statements="25" coveredstatements="23" conditionals="5" coveredconditionals="3" methods="3" coveredmethods="3"/>
        <line num="10" count="1" type="stmt"/>
        <line num="11" count="1" type="stmt"/>
        <line num="50" count="5" type="cond" truecount="1" falsecount="0"/>
        <line num="51" count="5" type="stmt"/>
        <line num="52" count="5" type="stmt"/>
        <line num="53" count="5" type="stmt"/>
        <line num="54" count="5" type="cond" truecount="0" falsecount="1"/>
        <line num="55" count="5" type="stmt"/>
        <line num="56" count="5" type="cond" truecount="0" falsecount="1"/>
        <line num="57" count="0" type="stmt"/>
        <line num="58" count="0" type="stmt"/>
        <line num="74" count="1" type="cond" truecount="1" falsecount="0"/>
        <line num="75" count="7" type="stmt"/>
        <line num="77" count="7" type="stmt"/>
        <line num="78" count="7" type="stmt"/>
        <line num="79" count="7" type="stmt"/>
        <line num="80" count="7" type="stmt"/>
        <line num="81" count="7" type="stmt"/>
        <line num="82" count="7" type="stmt"/>
        <line num="83" count="7" type="cond" truecount="1" falsecount="0"/>
        <line num="84" count="5" type="stmt"/>
        <line num="85" count="5" type="stmt"/>
        <line num="86" count="5" type="stmt"/>
        <line num="87" count="7" type="stmt"/>
        <line num="88" count="7" type="stmt"/>
      </file>
    </package>
    <package name="pi-orchestrator.src.run.controller">
      <metrics statements="24" coveredstatements="0" conditionals="1" coveredconditionals="1" methods="1" coveredmethods="1"/>
      <file name="index.ts" path="/Users/Apple/pi-orchestrator/src/run/controller/index.ts">
        <metrics statements="24" coveredstatements="0" conditionals="1" coveredconditionals="1" methods="1" coveredmethods="1"/>
        <line num="81" count="0" type="stmt"/>
        <line num="82" count="0" type="stmt"/>
        <line num="83" count="0" type="stmt"/>
        <line num="85" count="0" type="stmt"/>
        <line num="86" count="0" type="stmt"/>
        <line num="87" count="0" type="stmt"/>
        <line num="88" count="0" type="stmt"/>
        <line num="89" count="0" type="stmt"/>
        <line num="90" count="0" type="stmt"/>
        <line num="91" count="0" type="stmt"/>
        <line num="92" count="0" type="stmt"/>
        <line num="93" count="0" type="stmt"/>
        <line num="94" count="0" type="stmt"/>
        <line num="95" count="0" type="stmt"/>
        <line num="96" count="0" type="stmt"/>
        <line num="97" count="0" type="stmt"/>
        <line num="98" count="0" type="stmt"/>
        <line num="99" count="0" type="stmt"/>
        <line num="100" count="0" type="stmt"/>
        <line num="101" count="0" type="stmt"/>
        <line num="102" count="0" type="stmt"/>
        <line num="103" count="0" type="stmt"/>
        <line num="104" count="0" type="stmt"/>
        <line num="105" count="0" type="stmt"/>
      </file>
    </package>
    <package name="pi-orchestrator.src.scheduling">
      <metrics statements="12" coveredstatements="0" conditionals="1" coveredconditionals="1" methods="1" coveredmethods="1"/>
      <file name="engine.ts" path="/Users/Apple/pi-orchestrator/src/scheduling/engine.ts">
        <metrics statements="12" coveredstatements="0" conditionals="1" coveredconditionals="1" methods="1" coveredmethods="1"/>
        <line num="69" count="0" type="stmt"/>
        <line num="70" count="0" type="stmt"/>
        <line num="71" count="0" type="stmt"/>
        <line num="72" count="0" type="stmt"/>
        <line num="73" count="0" type="stmt"/>
        <line num="74" count="0" type="stmt"/>
        <line num="75" count="0" type="stmt"/>
        <line num="76" count="0" type="stmt"/>
        <line num="77" count="0" type="stmt"/>
        <line num="78" count="0" type="stmt"/>
        <line num="79" count="0" type="stmt"/>
        <line num="80" count="0" type="stmt"/>
      </file>
    </package>
    <package name="pi-orchestrator.src.shared">
      <metrics statements="511" coveredstatements="467" conditionals="156" coveredconditionals="136" methods="66" coveredmethods="64"/>
      <file name="atomic-json.ts" path="/Users/Apple/pi-orchestrator/src/shared/atomic-json.ts">
        <metrics statements="109" coveredstatements="89" conditionals="23" coveredconditionals="19" methods="10" coveredmethods="9"/>
        <line num="9" count="1" type="stmt"/>
        <line num="10" count="1" type="stmt"/>
        <line num="13" count="1" type="stmt"/>
        <line num="15" count="1" type="stmt"/>
        <line num="17" count="1" type="stmt"/>
        <line num="62" count="1" type="cond" truecount="1" falsecount="0"/>
        <line num="63" count="41" type="stmt"/>
        <line num="64" count="41" type="stmt"/>
        <line num="65" count="41" type="stmt"/>
        <line num="66" count="41" type="stmt"/>
        <line num="67" count="41" type="cond" truecount="1" falsecount="0"/>
        <line num="68" count="6" type="stmt"/>
        <line num="69" count="6" type="stmt"/>
        <line num="70" count="6" type="stmt"/>
        <line num="71" count="41" type="stmt"/>
        <line num="72" count="0" type="stmt"/>
        <line num="73" count="0" type="stmt"/>
        <line num="74" count="41" type="cond" truecount="1" falsecount="0"/>
        <line num="75" count="5" type="stmt"/>
        <line num="76" count="5" type="stmt"/>
        <line num="77" count="41" type="stmt"/>
        <line num="78" count="41" type="stmt"/>
        <line num="95" count="6" type="cond" truecount="1" falsecount="0"/>
        <line num="96" count="6" type="stmt"/>
        <line num="97" count="6" type="stmt"/>
        <line num="98" count="6" type="stmt"/>
        <line num="99" count="6" type="stmt"/>
        <line num="100" count="6" type="cond" truecount="1" falsecount="0"/>
        <line num="101" count="2" type="stmt"/>
        <line num="102" count="2" type="cond" truecount="1" falsecount="0"/>
        <line num="104" count="4" type="stmt"/>
        <line num="105" count="4" type="stmt"/>
        <line num="106" count="4" type="stmt"/>
        <line num="107" count="6" type="cond" truecount="0" falsecount="1"/>
        <line num="108" count="0" type="stmt"/>
        <line num="109" count="0" type="cond" truecount="1" falsecount="0"/>
        <line num="111" count="4" type="stmt"/>
        <line num="112" count="6" type="cond" truecount="1" falsecount="0"/>
        <line num="113" count="2" type="stmt"/>
        <line num="114" count="2" type="stmt"/>
        <line num="115" count="2" type="stmt"/>
        <line num="117" count="2" type="stmt"/>
        <line num="118" count="2" type="stmt"/>
        <line num="138" count="2" type="cond" truecount="1" falsecount="0"/>
        <line num="139" count="2" type="stmt"/>
        <line num="140" count="2" type="stmt"/>
        <line num="141" count="2" type="stmt"/>
        <line num="142" count="2" type="stmt"/>
        <line num="143" count="2" type="cond" truecount="2" falsecount="0"/>
        <line num="146" count="1" type="stmt"/>
        <line num="147" count="1" type="stmt"/>
        <line num="148" count="2" type="cond" truecount="0" falsecount="1"/>
        <line num="149" count="0" type="stmt"/>
        <line num="150" count="0" type="cond" truecount="1" falsecount="0"/>
        <line num="151" count="1" type="stmt"/>
        <line num="152" count="1" type="stmt"/>
        <line num="153" count="1" type="stmt"/>
        <line num="166" count="5" type="cond" truecount="1" falsecount="0"/>
        <line num="167" count="5" type="stmt"/>
        <line num="169" count="5" type="stmt"/>
        <line num="170" count="5" type="stmt"/>
        <line num="171" count="5" type="stmt"/>
        <line num="172" count="5" type="stmt"/>
        <line num="173" count="5" type="stmt"/>
        <line num="174" count="5" type="stmt"/>
        <line num="175" count="5" type="stmt"/>
        <line num="176" count="5" type="stmt"/>
        <line num="177" count="5" type="cond" truecount="0" falsecount="1"/>
        <line num="178" count="0" type="stmt"/>
        <line num="179" count="0" type="stmt"/>
        <line num="180" count="0" type="stmt"/>
        <line num="182" count="0" type="stmt"/>
        <line num="183" count="0" type="stmt"/>
        <line num="184" count="0" type="stmt"/>
        <line num="185" count="5" type="stmt"/>
        <line num="200" count="3" type="cond" truecount="1" falsecount="0"/>
        <line num="201" count="3" type="stmt"/>
        <line num="202" count="3" type="stmt"/>
        <line num="203" count="3" type="stmt"/>
        <line num="204" count="3" type="stmt"/>
        <line num="205" count="3" type="stmt"/>
        <line num="206" count="3" type="stmt"/>
        <line num="207" count="3" type="cond" truecount="0" falsecount="1"/>
        <line num="208" count="0" type="stmt"/>
        <line num="209" count="0" type="stmt"/>
        <line num="210" count="0" type="stmt"/>
        <line num="211" count="0" type="stmt"/>
        <line num="212" count="0" type="stmt"/>
        <line num="214" count="0" type="stmt"/>
        <line num="215" count="0" type="stmt"/>
        <line num="216" count="0" type="stmt"/>
        <line num="217" count="3" type="stmt"/>
        <line num="234" count="4" type="cond" truecount="1" falsecount="0"/>
        <line num="235" count="4" type="stmt"/>
        <line num="237" count="4" type="stmt"/>
        <line num="238" count="4" type="stmt"/>
        <line num="239" count="4" type="stmt"/>
        <line num="240" count="4" type="cond" truecount="1" falsecount="0"/>
        <line num="241" count="2" type="stmt"/>
        <line num="242" count="2" type="stmt"/>
        <line num="243" count="4" type="stmt"/>
        <line num="257" count="6" type="cond" truecount="1" falsecount="0"/>
        <line num="258" count="6" type="stmt"/>
        <line num="259" count="6" type="cond" truecount="1" falsecount="0"/>
        <line num="260" count="4" type="stmt"/>
        <line num="261" count="6" type="cond" truecount="1" falsecount="0"/>
        <line num="262" count="2" type="stmt"/>
        <line num="263" count="2" type="stmt"/>
        <line num="264" count="6" type="stmt"/>
      </file>
      <file name="errors.ts" path="/Users/Apple/pi-orchestrator/src/shared/errors.ts">
        <metrics statements="10" coveredstatements="10" conditionals="1" coveredconditionals="1" methods="1" coveredmethods="1"/>
        <line num="12" count="1" type="stmt"/>
        <line num="21" count="1" type="cond" truecount="1" falsecount="0"/>
        <line num="22" count="48" type="stmt"/>
        <line num="23" count="48" type="stmt"/>
        <line num="24" count="48" type="stmt"/>
        <line num="25" count="48" type="stmt"/>
        <line num="26" count="48" type="stmt"/>
        <line num="27" count="48" type="stmt"/>
        <line num="28" count="48" type="stmt"/>
        <line num="29" count="1" type="stmt"/>
      </file>
      <file name="git.ts" path="/Users/Apple/pi-orchestrator/src/shared/git.ts">
        <metrics statements="86" coveredstatements="80" conditionals="41" coveredconditionals="37" methods="19" coveredmethods="19"/>
        <line num="82" count="1" type="cond" truecount="1" falsecount="0"/>
        <line num="83" count="26" type="cond" truecount="1" falsecount="0"/>
        <line num="85" count="26" type="stmt"/>
        <line num="86" count="26" type="cond" truecount="1" falsecount="0"/>
        <line num="87" count="2" type="stmt"/>
        <line num="88" count="26" type="cond" truecount="1" falsecount="0"/>
        <line num="89" count="3" type="stmt"/>
        <line num="90" count="26" type="cond" truecount="1" falsecount="0"/>
        <line num="91" count="2" type="stmt"/>
        <line num="92" count="26" type="cond" truecount="1" falsecount="0"/>
        <line num="93" count="26" type="cond" truecount="1" falsecount="0"/>
        <line num="94" count="2" type="cond" truecount="1" falsecount="0"/>
        <line num="95" count="26" type="cond" truecount="1" falsecount="0"/>
        <line num="96" count="4" type="cond" truecount="1" falsecount="0"/>
        <line num="97" count="26" type="cond" truecount="1" falsecount="0"/>
        <line num="98" count="26" type="cond" truecount="1" falsecount="0"/>
        <line num="99" count="3" type="cond" truecount="2" falsecount="0"/>
        <line num="100" count="26" type="cond" truecount="1" falsecount="0"/>
        <line num="101" count="26" type="cond" truecount="2" falsecount="0"/>
        <line num="102" count="26" type="cond" truecount="1" falsecount="0"/>
        <line num="103" count="2" type="cond" truecount="1" falsecount="0"/>
        <line num="104" count="26" type="stmt"/>
        <line num="105" count="26" type="stmt"/>
        <line num="115" count="12" type="cond" truecount="1" falsecount="0"/>
        <line num="117" count="12" type="stmt"/>
        <line num="131" count="3" type="cond" truecount="1" falsecount="0"/>
        <line num="132" count="3" type="stmt"/>
        <line num="133" count="3" type="stmt"/>
        <line num="134" count="3" type="stmt"/>
        <line num="135" count="3" type="stmt"/>
        <line num="136" count="3" type="stmt"/>
        <line num="137" count="3" type="cond" truecount="1" falsecount="0"/>
        <line num="138" count="1" type="stmt"/>
        <line num="139" count="1" type="stmt"/>
        <line num="140" count="3" type="stmt"/>
        <line num="141" count="3" type="stmt"/>
        <line num="142" count="3" type="stmt"/>
        <line num="158" count="3" type="cond" truecount="1" falsecount="0"/>
        <line num="159" count="3" type="stmt"/>
        <line num="160" count="3" type="stmt"/>
        <line num="162" count="3" type="cond" truecount="1" falsecount="0"/>
        <line num="163" count="2" type="stmt"/>
        <line num="164" count="2" type="stmt"/>
        <line num="165" count="2" type="cond" truecount="1" falsecount="0"/>
        <line num="167" count="1" type="stmt"/>
        <line num="168" count="1" type="stmt"/>
        <line num="171" count="1" type="stmt"/>
        <line num="173" count="1" type="stmt"/>
        <line num="174" count="1" type="stmt"/>
        <line num="188" count="5" type="cond" truecount="1" falsecount="0"/>
        <line num="189" count="5" type="stmt"/>
        <line num="190" count="5" type="stmt"/>
        <line num="204" count="2" type="cond" truecount="1" falsecount="0"/>
        <line num="205" count="2" type="cond" truecount="0" falsecount="1"/>
        <line num="206" count="0" type="stmt"/>
        <line num="207" count="0" type="stmt"/>
        <line num="208" count="2" type="stmt"/>
        <line num="209" count="2" type="stmt"/>
        <line num="210" count="2" type="stmt"/>
        <line num="211" count="2" type="cond" truecount="1" falsecount="0"/>
        <line num="212" count="2" type="cond" truecount="1" falsecount="0"/>
        <line num="213" count="2" type="stmt"/>
        <line num="227" count="3" type="cond" truecount="1" falsecount="0"/>
        <line num="228" count="3" type="stmt"/>
        <line num="229" count="3" type="stmt"/>
[...]
        <line num="403" count="0" type="stmt"/>
        <line num="404" count="11" type="stmt"/>
        <line num="406" count="11" type="stmt"/>
        <line num="407" count="11" type="cond" truecount="1" falsecount="0"/>
        <line num="408" count="7" type="cond" truecount="1" falsecount="0"/>
        <line num="409" count="1" type="stmt"/>
        <line num="410" count="1" type="cond" truecount="1" falsecount="0"/>
        <line num="411" count="6" type="stmt"/>
        <line num="412" count="6" type="stmt"/>
        <line num="413" count="6" type="stmt"/>
        <line num="414" count="7" type="stmt"/>
        <line num="416" count="11" type="cond" truecount="1" falsecount="0"/>
        <line num="417" count="10" type="cond" truecount="1" falsecount="0"/>
        <line num="418" count="1" type="stmt"/>
        <line num="419" count="1" type="cond" truecount="1" falsecount="0"/>
        <line num="420" count="9" type="stmt"/>
        <line num="421" count="9" type="stmt"/>
        <line num="422" count="9" type="stmt"/>
        <line num="423" count="9" type="stmt"/>
        <line num="424" count="10" type="stmt"/>
        <line num="426" count="11" type="stmt"/>
        <line num="428" count="0" type="stmt"/>
        <line num="429" count="11" type="stmt"/>
        <line num="430" count="11" type="stmt"/>
      </file>
      <file name="render.ts" path="/Users/Apple/pi-orchestrator/src/tui/render.ts">
        <metrics statements="306" coveredstatements="294" conditionals="82" coveredconditionals="66" methods="31" coveredmethods="29"/>
        <line num="85" count="1" type="stmt"/>
        <line num="86" count="1" type="stmt"/>
        <line num="87" count="1" type="stmt"/>
        <line num="112" count="826" type="cond" truecount="1" falsecount="0"/>
        <line num="113" count="826" type="stmt"/>
        <line num="114" count="826" type="stmt"/>
        <line num="128" count="95" type="cond" truecount="1" falsecount="0"/>
        <line num="129" count="95" type="stmt"/>
        <line num="130" count="95" type="stmt"/>
        <line num="136" count="1" type="stmt"/>
        <line num="137" count="1" type="stmt"/>
        <line num="138" count="1" type="stmt"/>
        <line num="139" count="1" type="stmt"/>
        <line num="140" count="1" type="stmt"/>
        <line num="141" count="1" type="stmt"/>
        <line num="142" count="1" type="stmt"/>
        <line num="143" count="1" type="stmt"/>
        <line num="144" count="1" type="stmt"/>
        <line num="145" count="1" type="stmt"/>
        <line num="146" count="1" type="stmt"/>
        <line num="157" count="1" type="stmt"/>
        <line num="165" count="1" type="cond" truecount="1" falsecount="0"/>
        <line num="173" count="1" type="cond" truecount="1" falsecount="0"/>
        <line num="181" count="1" type="stmt"/>
        <line num="189" count="1" type="cond" truecount="1" falsecount="0"/>
        <line num="197" count="1" type="cond" truecount="1" falsecount="0"/>
        <line num="205" count="1" type="cond" truecount="1" falsecount="0"/>
        <line num="213" count="1" type="cond" truecount="1" falsecount="0"/>
        <line num="221" count="1" type="cond" truecount="1" falsecount="0"/>
        <line num="229" count="1" type="cond" truecount="1" falsecount="0"/>
        <line num="237" count="1" type="stmt"/>
        <line num="245" count="1" type="cond" truecount="1" falsecount="0"/>
        <line num="246" count="1" type="stmt"/>
        <line num="252" count="1" type="stmt"/>
        <line num="266" count="413" type="cond" truecount="1" falsecount="0"/>
        <line num="267" count="413" type="stmt"/>
        <line num="268" count="413" type="stmt"/>
        <line num="282" count="413" type="cond" truecount="1" falsecount="0"/>
        <line num="283" count="413" type="stmt"/>
        <line num="284" count="413" type="stmt"/>
        <line num="299" count="37" type="cond" truecount="1" falsecount="0"/>
        <line num="300" count="37" type="stmt"/>
        <line num="301" count="37" type="cond" truecount="1" falsecount="0"/>
        <line num="302" count="10" type="stmt"/>
        <line num="303" count="10" type="cond" truecount="1" falsecount="0"/>
        <line num="304" count="27" type="stmt"/>
        <line num="305" count="27" type="stmt"/>
        <line num="320" count="3" type="cond" truecount="1" falsecount="0"/>
        <line num="321" count="3" type="cond" truecount="0" falsecount="1"/>
        <line num="322" count="0" type="stmt"/>
        <line num="323" count="0" type="stmt"/>
        <line num="324" count="3" type="stmt"/>
        <line num="325" count="3" type="stmt"/>
        <line num="326" count="3" type="stmt"/>
        <line num="327" count="3" type="stmt"/>
        <line num="328" count="3" type="cond" truecount="2" falsecount="0"/>
        <line num="329" count="309" type="stmt"/>
        <line num="330" count="309" type="stmt"/>
        <line num="331" count="309" type="cond" truecount="2" falsecount="0"/>
        <line num="332" count="78" type="stmt"/>
        <line num="333" count="78" type="stmt"/>
        <line num="334" count="309" type="cond" truecount="1" falsecount="0"/>
        <line num="335" count="231" type="cond" truecount="0" falsecount="1"/>
        <line num="336" count="231" type="stmt"/>
        <line num="337" count="231" type="stmt"/>
        <line num="338" count="231" type="stmt"/>
        <line num="339" count="309" type="stmt"/>
        <line num="340" count="3" type="stmt"/>
        <line num="341" count="3" type="stmt"/>
        <line num="347" count="1" type="stmt"/>
        <line num="348" count="1" type="stmt"/>
        <line num="349" count="1" type="stmt"/>
        <line num="352" count="1" type="stmt"/>
        <line num="354" count="1" type="stmt"/>
        <line num="356" count="1" type="stmt"/>
        <line num="370" count="22" type="cond" truecount="1" falsecount="0"/>
        <line num="371" count="22" type="stmt"/>
        <line num="372" count="22" type="cond" truecount="0" falsecount="1"/>
        <line num="373" count="22" type="stmt"/>
        <line num="387" count="16" type="cond" truecount="1" falsecount="0"/>
        <line num="388" count="16" type="stmt"/>
        <line num="389" count="16" type="cond" truecount="0" falsecount="1"/>
        <line num="390" count="16" type="stmt"/>
        <line num="406" count="1" type="cond" truecount="1" falsecount="0"/>
        <line num="407" count="21" type="stmt"/>
        <line num="408" count="21" type="stmt"/>
        <line num="409" count="21" type="stmt"/>
        <line num="410" count="21" type="stmt"/>
        <line num="411" count="21" type="stmt"/>
        <line num="412" count="21" type="cond" truecount="2" falsecount="1"/>
        <line num="413" count="21" type="stmt"/>
        <line num="414" count="21" type="stmt"/>
        <line num="415" count="21" type="stmt"/>
        <line num="416" count="21" type="stmt"/>
        <line num="436" count="1" type="cond" truecount="1" falsecount="0"/>
        <line num="437" count="20" type="stmt"/>
        <line num="438" count="20" type="cond" truecount="1" falsecount="0"/>
        <line num="439" count="9" type="stmt"/>
        <line num="440" count="9" type="stmt"/>
        <line num="441" count="20" type="cond" truecount="1" falsecount="0"/>
        <line num="442" count="5" type="stmt"/>
        <line num="443" count="5" type="stmt"/>
        <line num="444" count="20" type="cond" truecount="1" falsecount="0"/>
        <line num="445" count="1" type="stmt"/>
        <line num="446" count="1" type="stmt"/>
        <line num="447" count="20" type="cond" truecount="1" falsecount="0"/>
        <line num="448" count="5" type="stmt"/>
        <line num="449" count="5" type="stmt"/>
        <line num="450" count="20" type="cond" truecount="0" falsecount="1"/>
        <line num="451" count="0" type="stmt"/>
        <line num="452" count="0" type="stmt"/>
        <line num="453" count="20" type="stmt"/>
        <line num="454" count="20" type="stmt"/>
        <line num="468" count="1" type="cond" truecount="1" falsecount="0"/>
        <line num="469" count="21" type="stmt"/>
        <line num="470" count="21" type="cond" truecount="1" falsecount="0"/>
        <line num="471" count="9" type="stmt"/>
        <line num="472" count="9" type="stmt"/>
        <line num="473" count="21" type="cond" truecount="1" falsecount="0"/>
        <line num="474" count="5" type="stmt"/>
        <line num="475" count="5" type="stmt"/>
        <line num="476" count="21" type="cond" truecount="1" falsecount="0"/>
        <line num="477" count="1" type="stmt"/>
        <line num="478" count="1" type="stmt"/>
        <line num="479" count="21" type="cond" truecount="1" falsecount="0"/>
        <line num="480" count="5" type="stmt"/>
        <line num="481" count="5" type="stmt"/>
        <line num="482" count="21" type="cond" truecount="1" falsecount="0"/>
        <line num="483" count="1" type="stmt"/>
        <line num="484" count="1" type="stmt"/>
        <line num="485" count="21" type="stmt"/>
        <line num="486" count="21" type="stmt"/>
        <line num="492" count="1" type="stmt"/>
        <line num="493" count="1" type="stmt"/>
        <line num="494" count="1" type="stmt"/>
        <line num="508" count="1" type="cond" truecount="1" falsecount="0"/>
        <line num="509" count="19" type="stmt"/>
        <line num="510" count="19" type="cond" truecount="1" falsecount="0"/>
        <line num="511" count="2" type="stmt"/>
        <line num="512" count="2" type="cond" truecount="1" falsecount="0"/>
        <line num="513" count="17" type="stmt"/>
        <line num="514" count="17" type="stmt"/>
        <line num="515" count="17" type="stmt"/>
        <line num="516" count="17" type="stmt"/>
        <line num="550" count="1" type="cond" truecount="1" falsecount="0"/>
        <line num="551" count="13" type="stmt"/>
        <line num="552" count="13" type="stmt"/>
        <line num="553" count="13" type="stmt"/>
        <line num="554" count="13" type="stmt"/>
        <line num="555" count="13" type="stmt"/>
        <line num="556" count="13" type="stmt"/>
        <line num="557" count="13" type="stmt"/>
        <line num="558" count="13" type="stmt"/>
        <line num="560" count="13" type="stmt"/>
        <line num="561" count="13" type="stmt"/>
        <line num="562" count="13" type="stmt"/>
        <line num="564" count="13" type="stmt"/>
        <line num="565" count="13" type="stmt"/>
        <line num="566" count="13" type="cond" truecount="2" falsecount="0"/>
        <line num="568" count="13" type="stmt"/>
        <line num="569" count="13" type="stmt"/>
        <line num="570" count="13" type="stmt"/>
        <line num="571" count="13" type="stmt"/>
        <line num="572" count="13" type="stmt"/>
        <line num="573" count="13" type="stmt"/>
        <line num="579" count="1" type="stmt"/>
        <line num="580" count="1" type="stmt"/>
        <line num="581" count="1" type="stmt"/>
        <line num="582" count="1" type="stmt"/>
        <line num="598" count="1" type="cond" truecount="1" falsecount="0"/>
        <line num="599" count="16" type="stmt"/>
        <line num="600" count="16" type="stmt"/>
        <line num="601" count="16" type="cond" truecount="2" falsecount="0"/>
        <line num="602" count="16" type="cond" truecount="0" falsecount="1"/>
        <line num="603" count="16" type="stmt"/>
        <line num="604" count="16" type="stmt"/>
        <line num="605" count="16" type="cond" truecount="0" falsecount="1"/>
        <line num="606" count="16" type="stmt"/>
        <line num="607" count="16" type="stmt"/>
        <line num="608" count="16" type="stmt"/>
        <line num="609" count="16" type="stmt"/>
        <line num="610" count="16" type="stmt"/>
        <line num="611" count="16" type="stmt"/>
        <line num="612" count="16" type="stmt"/>
        <line num="614" count="16" type="stmt"/>
        <line num="615" count="16" type="stmt"/>
        <line num="616" count="16" type="stmt"/>
        <line num="617" count="16" type="stmt"/>
        <line num="618" count="16" type="stmt"/>
        <line num="619" count="16" type="cond" truecount="0" falsecount="1"/>
        <line num="620" count="16" type="stmt"/>
        <line num="621" count="16" type="stmt"/>
        <line num="623" count="16" type="stmt"/>
        <line num="624" count="16" type="stmt"/>
        <line num="625" count="16" type="cond" truecount="2" falsecount="0"/>
        <line num="626" count="16" type="stmt"/>
        <line num="627" count="16" type="stmt"/>
        <line num="628" count="16" type="stmt"/>
        <line num="630" count="16" type="cond" truecount="1" falsecount="0"/>
        <line num="631" count="64" type="cond" truecount="0" falsecount="1"/>
        <line num="632" count="16" type="stmt"/>
        <line num="633" count="16" type="stmt"/>
        <line num="647" count="16" type="cond" truecount="1" falsecount="0"/>
        <line num="648" count="16" type="cond" truecount="1" falsecount="0"/>
        <line num="649" count="4" type="stmt"/>
        <line num="650" count="4" type="cond" truecount="1" falsecount="0"/>
        <line num="651" count="16" type="cond" truecount="0" falsecount="1"/>
        <line num="652" count="0" type="stmt"/>
        <line num="653" count="0" type="cond" truecount="1" falsecount="0"/>
        <line num="654" count="12" type="stmt"/>
        <line num="655" count="12" type="stmt"/>
        <line num="669" count="16" type="cond" truecount="1" falsecount="0"/>
        <line num="670" count="16" type="cond" truecount="1" falsecount="0"/>
        <line num="671" count="4" type="stmt"/>
        <line num="672" count="4" type="cond" truecount="1" falsecount="0"/>
        <line num="673" count="16" type="cond" truecount="0" falsecount="1"/>
        <line num="674" count="0" type="stmt"/>
        <line num="675" count="0" type="cond" truecount="1" falsecount="0"/>
        <line num="676" count="12" type="stmt"/>
        <line num="677" count="12" type="stmt"/>
        <line num="683" count="1" type="stmt"/>
        <line num="699" count="1" type="cond" truecount="1" falsecount="0"/>
        <line num="700" count="14" type="stmt"/>
        <line num="701" count="14" type="stmt"/>
        <line num="702" count="14" type="stmt"/>
        <line num="703" count="14" type="stmt"/>
        <line num="704" count="14" type="stmt"/>
        <line num="705" count="14" type="stmt"/>
        <line num="706" count="14" type="stmt"/>
        <line num="707" count="14" type="stmt"/>
        <line num="708" count="14" type="stmt"/>
        <line num="709" count="14" type="stmt"/>
        <line num="710" count="14" type="stmt"/>
        <line num="711" count="14" type="stmt"/>
        <line num="713" count="14" type="stmt"/>
        <line num="714" count="14" type="stmt"/>
        <line num="716" count="14" type="cond" truecount="1" falsecount="0"/>
        <line num="717" count="11" type="stmt"/>
        <line num="718" count="11" type="stmt"/>
        <line num="719" count="11" type="cond" truecount="0" falsecount="1"/>
        <line num="720" count="11" type="stmt"/>
        <line num="721" count="11" type="stmt"/>
        <line num="723" count="14" type="cond" truecount="1" falsecount="0"/>
        <line num="724" count="48" type="stmt"/>
        <line num="725" count="48" type="stmt"/>
        <line num="727" count="14" type="stmt"/>
        <line num="728" count="14" type="stmt"/>
        <line num="729" count="14" type="stmt"/>
        <line num="730" count="14" type="stmt"/>
        <line num="744" count="11" type="cond" truecount="1" falsecount="0"/>
        <line num="745" count="11" type="stmt"/>
        <line num="746" count="11" type="stmt"/>
        <line num="747" count="11" type="stmt"/>
        <line num="748" count="11" type="stmt"/>
        <line num="749" count="11" type="stmt"/>
        <line num="750" count="11" type="stmt"/>
        <line num="751" count="11" type="stmt"/>
        <line num="752" count="11" type="stmt"/>
        <line num="753" count="11" type="stmt"/>
        <line num="754" count="11" type="stmt"/>
        <line num="755" count="11" type="stmt"/>
        <line num="756" count="11" type="stmt"/>
        <line num="757" count="11" type="stmt"/>
        <line num="758" count="11" type="stmt"/>
        <line num="772" count="11" type="cond" truecount="1" falsecount="0"/>
        <line num="773" count="11" type="cond" truecount="0" falsecount="1"/>
        <line num="774" count="0" type="stmt"/>
        <line num="775" count="0" type="stmt"/>
        <line num="776" count="11" type="cond" truecount="0" falsecount="1"/>
        <line num="777" count="0" type="stmt"/>
        <line num="778" count="0" type="stmt"/>
        <line num="779" count="11" type="stmt"/>
        <line num="780" count="11" type="stmt"/>
        <line num="786" count="1" type="stmt"/>
        <line num="787" count="1" type="stmt"/>
        <line num="803" count="1" type="cond" truecount="1" falsecount="0"/>
        <line num="804" count="11" type="stmt"/>
        <line num="805" count="11" type="stmt"/>
        <line num="806" count="11" type="stmt"/>
        <line num="807" count="11" type="stmt"/>
        <line num="808" count="11" type="stmt"/>
        <line num="809" count="11" type="stmt"/>
        <line num="810" count="11" type="stmt"/>
        <line num="811" count="11" type="stmt"/>
        <line num="813" count="11" type="cond" truecount="1" falsecount="0"/>
        <line num="814" count="12" type="stmt"/>
        <line num="815" count="12" type="stmt"/>
        <line num="816" count="12" type="stmt"/>
        <line num="818" count="11" type="stmt"/>
        <line num="819" count="11" type="stmt"/>
        <line num="820" count="11" type="stmt"/>
        <line num="821" count="11" type="stmt"/>
        <line num="822" count="11" type="stmt"/>
        <line num="823" count="11" type="stmt"/>
        <line num="824" count="11" type="stmt"/>
        <line num="825" count="11" type="stmt"/>
        <line num="826" count="11" type="stmt"/>
        <line num="827" count="11" type="stmt"/>
        <line num="828" count="11" type="stmt"/>
        <line num="829" count="11" type="stmt"/>
        <line num="830" count="11" type="stmt"/>
        <line num="831" count="11" type="stmt"/>
        <line num="832" count="11" type="stmt"/>
        <line num="833" count="11" type="stmt"/>
        <line num="835" count="11" type="cond" truecount="1" falsecount="1"/>
        <line num="836" count="11" type="stmt"/>
      </file>
    </package>
    <package name="pi-orchestrator.src.workers.pool">
      <metrics statements="18" coveredstatements="0" conditionals="1" coveredconditionals="1" methods="1" coveredmethods="1"/>
      <file name="index.ts" path="/Users/Apple/pi-orchestrator/src/workers/pool/index.ts">
        <metrics statements="18" coveredstatements="0" conditionals="1" coveredconditionals="1" methods="1" coveredmethods="1"/>
        <line num="104" count="0" type="stmt"/>
        <line num="105" count="0" type="stmt"/>
        <line num="106" count="0" type="stmt"/>
        <line num="108" count="0" type="stmt"/>
        <line num="109" count="0" type="stmt"/>
        <line num="110" count="0" type="stmt"/>
        <line num="111" count="0" type="stmt"/>
        <line num="112" count="0" type="stmt"/>
        <line num="113" count="0" type="stmt"/>
        <line num="114" count="0" type="stmt"/>
        <line num="115" count="0" type="stmt"/>
        <line num="116" count="0" type="stmt"/>
        <line num="117" count="0" type="stmt"/>
        <line num="118" count="0" type="stmt"/>
        <line num="119" count="0" type="stmt"/>
        <line num="121" count="0" type="stmt"/>
        <line num="122" count="0" type="stmt"/>
        <line num="123" count="0" type="stmt"/>
      </file>
    </package>
  </project>
</coverage>
