{"/Users/Apple/pi-orchestrator/knip.config.ts": {"path":"/Users/Apple/pi-orchestrator/knip.config.ts","all":true,"statementMap":{"8":{"start":{"line":9,"column":0},"end":{"line":9,"column":32}},"9":{"start":{"line":10,"column":0},"end":{"line":10,"column":10}},"10":{"start":{"line":11,"column":0},"end":{"line":11,"column":29}},"13":{"start":{"line":14,"column":0},"end":{"line":14,"column":26}},"14":{"start":{"line":15,"column":0},"end":{"line":15,"column":27}},"17":{"start":{"line":18,"column":0},"end":{"line":18,"column":26}},"18":{"start":{"line":19,"column":0},"end":{"line":19,"column":32}},"19":{"start":{"line":20,"column":0},"end":{"line":20,"column":30}},"20":{"start":{"line":21,"column":0},"end":{"line":21,"column":28}},"21":{"start":{"line":22,"column":0},"end":{"line":22,"column":24}},"22":{"start":{"line":23,"column":0},"end":{"line":23,"column":25}},"25":{"start":{"line":26,"column":0},"end":{"line":26,"column":24}},"28":{"start":{"line":29,"column":0},"end":{"line":29,"column":28}},"30":{"start":{"line":31,"column":0},"end":{"line":31,"column":33}},"32":{"start":{"line":33,"column":0},"end":{"line":33,"column":35}},"34":{"start":{"line":35,"column":0},"end":{"line":35,"column":37}},"36":{"start":{"line":37,"column":0},"end":{"line":37,"column":32}},"38":{"start":{"line":39,"column":0},"end":{"line":39,"column":31}},"40":{"start":{"line":41,"column":0},"end":{"line":41,"column":27}},"42":{"start":{"line":43,"column":0},"end":{"line":43,"column":34}},"44":{"start":{"line":45,"column":0},"end":{"line":45,"column":34}},"46":{"start":{"line":47,"column":0},"end":{"line":47,"column":21}},"48":{"start":{"line":49,"column":0},"end":{"line":49,"column":20}},"50":{"start":{"line":51,"column":0},"end":{"line":51,"column":23}},"51":{"start":{"line":52,"column":0},"end":{"line":52,"column":4}},"52":{"start":{"line":53,"column":0},"end":{"line":53,"column":27}},"53":{"start":{"line":54,"column":0},"end":{"line":54,"column":23}},"55":{"start":{"line":56,"column":0},"end":{"line":56,"column":14}},"57":{"start":{"line":58,"column":0},"end":{"line":58,"column":26}},"60":{"start":{"line":61,"column":0},"end":{"line":61,"column":36}},"61":{"start":{"line":62,"column":0},"end":{"line":62,"column":27}},"62":{"start":{"line":63,"column":0},"end":{"line":63,"column":4}},"63":{"start":{"line":64,"column":0},"end":{"line":64,"column":2}},"65":{"start":{"line":66,"column":0},"end":{"line":66,"column":26}}},"s":{"8":0,"9":0,"10":0,"13":0,"14":0,"17":0,"18":0,"19":0,"20":0,"21":0,"22":0,"25":0,"28":0,"30":0,"32":0,"34":0,"36":0,"38":0,"40":0,"42":0,"44":0,"46":0,"48":0,"50":0,"51":0,"52":0,"53":0,"55":0,"57":0,"60":0,"61":0,"62":0,"63":0,"65":0},"branchMap":{"0":{"type":"branch","line":1,"loc":{"start":{"line":1,"column":2837},"end":{"line":66,"column":26}},"locations":[{"start":{"line":1,"column":2837},"end":{"line":66,"column":26}}]}},"b":{"0":[1]},"fnMap":{"0":{"name":"(empty-report)","decl":{"start":{"line":1,"column":2837},"end":{"line":66,"column":26}},"loc":{"start":{"line":1,"column":2837},"end":{"line":66,"column":26}},"line":1}},"f":{"0":1}}
,"/Users/Apple/pi-orchestrator/scripts/crap-report.mjs": {"path":"/Users/Apple/pi-orchestrator/scripts/crap-report.mjs","all":true,"statementMap":{"0":{"start":{"line":1,"column":0},"end":{"line":1,"column":3}},"1":{"start":{"line":2,"column":0},"end":{"line":2,"column":30}},"2":{"start":{"line":3,"column":0},"end":{"line":3,"column":2}},"3":{"start":{"line":4,"column":0},"end":{"line":4,"column":77}},"4":{"start":{"line":5,"column":0},"end":{"line":5,"column":51}},"5":{"start":{"line":6,"column":0},"end":{"line":6,"column":2}},"6":{"start":{"line":7,"column":0},"end":{"line":7,"column":68}},"7":{"start":{"line":8,"column":0},"end":{"line":8,"column":63}},"8":{"start":{"line":9,"column":0},"end":{"line":9,"column":2}},"9":{"start":{"line":10,"column":0},"end":{"line":10,"column":38}},"10":{"start":{"line":11,"column":0},"end":{"line":11,"column":75}},"11":{"start":{"line":12,"column":0},"end":{"line":12,"column":3}},"13":{"start":{"line":14,"column":0},"end":{"line":14,"column":46}},"14":{"start":{"line":15,"column":0},"end":{"line":15,"column":28}},"16":{"start":{"line":17,"column":0},"end":{"line":17,"column":77}},"17":{"start":{"line":18,"column":0},"end":{"line":18,"column":26}},"19":{"start":{"line":20,"column":0},"end":{"line":20,"column":33}},"20":{"start":{"line":21,"column":0},"end":{"line":21,"column":72}},"21":{"start":{"line":22,"column":0},"end":{"line":22,"column":18}},"22":{"start":{"line":23,"column":0},"end":{"line":23,"column":1}},"24":{"start":{"line":25,"column":0},"end":{"line":25,"column":66}},"26":{"start":{"line":27,"column":0},"end":{"line":27,"column":19}},"28":{"start":{"line":29,"column":0},"end":{"line":29,"column":62}},"29":{"start":{"line":30,"column":0},"end":{"line":30,"column":65}},"31":{"start":{"line":32,"column":0},"end":{"line":32,"column":54}},"32":{"start":{"line":33,"column":0},"end":{"line":33,"column":37}},"33":{"start":{"line":34,"column":0},"end":{"line":34,"column":38}},"34":{"start":{"line":35,"column":0},"end":{"line":35,"column":45}},"35":{"start":{"line":36,"column":0},"end":{"line":36,"column":42}},"37":{"start":{"line":38,"column":0},"end":{"line":38,"column":54}},"38":{"start":{"line":39,"column":0},"end":{"line":39,"column":71}},"39":{"start":{"line":40,"column":0},"end":{"line":40,"column":39}},"40":{"start":{"line":41,"column":0},"end":{"line":41,"column":37}},"42":{"start":{"line":43,"column":0},"end":{"line":43,"column":76}},"43":{"start":{"line":44,"column":0},"end":{"line":44,"column":48}},"44":{"start":{"line":45,"column":0},"end":{"line":45,"column":44}},"45":{"start":{"line":46,"column":0},"end":{"line":46,"column":24}},"46":{"start":{"line":47,"column":0},"end":{"line":47,"column":28}},"48":{"start":{"line":49,"column":0},"end":{"line":49,"column":60}},"49":{"start":{"line":50,"column":0},"end":{"line":50,"column":49}},"50":{"start":{"line":51,"column":0},"end":{"line":51,"column":49}},"51":{"start":{"line":52,"column":0},"end":{"line":52,"column":54}},"52":{"start":{"line":53,"column":0},"end":{"line":53,"column":41}},"53":{"start":{"line":54,"column":0},"end":{"line":54,"column":66}},"54":{"start":{"line":55,"column":0},"end":{"line":55,"column":7}},"55":{"start":{"line":56,"column":0},"end":{"line":56,"column":5}},"57":{"start":{"line":58,"column":0},"end":{"line":58,"column":86}},"58":{"start":{"line":59,"column":0},"end":{"line":59,"column":68}},"60":{"start":{"line":61,"column":0},"end":{"line":61,"column":69}},"61":{"start":{"line":62,"column":0},"end":{"line":62,"column":29}},"62":{"start":{"line":63,"column":0},"end":{"line":63,"column":26}},"63":{"start":{"line":64,"column":0},"end":{"line":64,"column":65}},"64":{"start":{"line":65,"column":0},"end":{"line":65,"column":48}},"65":{"start":{"line":66,"column":0},"end":{"line":66,"column":5}},"67":{"start":{"line":68,"column":0},"end":{"line":68,"column":19}},"68":{"start":{"line":69,"column":0},"end":{"line":69,"column":16}},"69":{"start":{"line":70,"column":0},"end":{"line":70,"column":69}},"70":{"start":{"line":71,"column":0},"end":{"line":71,"column":17}},"72":{"start":{"line":73,"column":0},"end":{"line":73,"column":18}},"73":{"start":{"line":74,"column":0},"end":{"line":74,"column":25}},"74":{"start":{"line":75,"column":0},"end":{"line":75,"column":17}},"75":{"start":{"line":76,"column":0},"end":{"line":76,"column":17}},"76":{"start":{"line":77,"column":0},"end":{"line":77,"column":41}},"77":{"start":{"line":78,"column":0},"end":{"line":78,"column":39}},"78":{"start":{"line":79,"column":0},"end":{"line":79,"column":7}},"79":{"start":{"line":80,"column":0},"end":{"line":80,"column":3}},"80":{"start":{"line":81,"column":0},"end":{"line":81,"column":1}},"82":{"start":{"line":83,"column":0},"end":{"line":83,"column":32}},"83":{"start":{"line":84,"column":0},"end":{"line":84,"column":40}},"85":{"start":{"line":86,"column":0},"end":{"line":86,"column":9}},"86":{"start":{"line":87,"column":0},"end":{"line":87,"column":38}},"87":{"start":{"line":88,"column":0},"end":{"line":88,"column":28}},"88":{"start":{"line":89,"column":0},"end":{"line":89,"column":12}},"89":{"start":{"line":90,"column":0},"end":{"line":90,"column":124}},"90":{"start":{"line":91,"column":0},"end":{"line":91,"column":2}},"91":{"start":{"line":92,"column":0},"end":{"line":92,"column":28}},"93":{"start":{"line":94,"column":0},"end":{"line":94,"column":17}},"95":{"start":{"line":96,"column":0},"end":{"line":96,"column":26}},"96":{"start":{"line":97,"column":0},"end":{"line":97,"column":93}},"97":{"start":{"line":98,"column":0},"end":{"line":98,"column":42}},"99":{"start":{"line":100,"column":0},"end":{"line":100,"column":14}},"100":{"start":{"line":101,"column":0},"end":{"line":101,"column":163}},"101":{"start":{"line":102,"column":0},"end":{"line":102,"column":4}},"102":{"start":{"line":103,"column":0},"end":{"line":103,"column":1}},"104":{"start":{"line":105,"column":0},"end":{"line":105,"column":28}},"105":{"start":{"line":106,"column":0},"end":{"line":106,"column":102}},"106":{"start":{"line":107,"column":0},"end":{"line":107,"column":53}},"108":{"start":{"line":109,"column":0},"end":{"line":109,"column":19}},"109":{"start":{"line":110,"column":0},"end":{"line":110,"column":83}},"110":{"start":{"line":111,"column":0},"end":{"line":111,"column":18}},"111":{"start":{"line":112,"column":0},"end":{"line":112,"column":1}},"113":{"start":{"line":114,"column":0},"end":{"line":114,"column":52}}},"s":{"0":0,"1":0,"2":0,"3":0,"4":0,"5":0,"6":0,"7":0,"8":0,"9":0,"10":0,"11":0,"13":0,"14":0,"16":0,"17":0,"19":0,"20":0,"21":0,"22":0,"24":0,"26":0,"28":0,"29":0,"31":0,"32":0,"33":0,"34":0,"35":0,"37":0,"38":0,"39":0,"40":0,"42":0,"43":0,"44":0,"45":0,"46":0,"48":0,"49":0,"50":0,"51":0,"52":0,"53":0,"54":0,"55":0,"57":0,"58":0,"60":0,"61":0,"62":0,"63":0,"64":0,"65":0,"67":0,"68":0,"69":0,"70":0,"72":0,"73":0,"74":0,"75":0,"76":0,"77":0,"78":0,"79":0,"80":0,"82":0,"83":0,"85":0,"86":0,"87":0,"88":0,"89":0,"90":0,"91":0,"93":0,"95":0,"96":0,"97":0,"99":0,"100":0,"101":0,"102":0,"104":0,"105":0,"106":0,"108":0,"109":0,"110":0,"111":0,"113":0},"branchMap":{"0":{"type":"branch","line":1,"loc":{"start":{"line":1,"column":427},"end":{"line":114,"column":-159}},"locations":[{"start":{"line":1,"column":427},"end":{"line":114,"column":-159}}]}},"b":{"0":[0]},"fnMap":{"0":{"name":"(empty-report)","decl":{"start":{"line":1,"column":427},"end":{"line":114,"column":-159}},"loc":{"start":{"line":1,"column":427},"end":{"line":114,"column":-159}},"line":1}},"f":{"0":0}}
,"/Users/Apple/pi-orchestrator/src/actions.ts": {"path":"/Users/Apple/pi-orchestrator/src/actions.ts","all":false,"statementMap":{"10":{"start":{"line":11,"column":0},"end":{"line":11,"column":55}},"138":{"start":{"line":139,"column":0},"end":{"line":139,"column":93}},"139":{"start":{"line":140,"column":0},"end":{"line":140,"column":23}},"140":{"start":{"line":141,"column":0},"end":{"line":141,"column":24}},"141":{"start":{"line":142,"column":0},"end":{"line":142,"column":19}},"142":{"start":{"line":143,"column":0},"end":{"line":143,"column":15}},"143":{"start":{"line":144,"column":0},"end":{"line":144,"column":17}},"144":{"start":{"line":145,"column":0},"end":{"line":145,"column":15}},"145":{"start":{"line":146,"column":0},"end":{"line":146,"column":17}},"146":{"start":{"line":147,"column":0},"end":{"line":147,"column":2}},"149":{"start":{"line":150,"column":0},"end":{"line":150,"column":62}},"151":{"start":{"line":152,"column":0},"end":{"line":152,"column":64}},"154":{"start":{"line":155,"column":0},"end":{"line":155,"column":65}},"157":{"start":{"line":158,"column":0},"end":{"line":158,"column":72}},"159":{"start":{"line":160,"column":0},"end":{"line":160,"column":83}},"160":{"start":{"line":161,"column":0},"end":{"line":161,"column":23}},"161":{"start":{"line":162,"column":0},"end":{"line":162,"column":27}},"162":{"start":{"line":163,"column":0},"end":{"line":163,"column":29}},"163":{"start":{"line":164,"column":0},"end":{"line":164,"column":2}},"165":{"start":{"line":166,"column":0},"end":{"line":166,"column":92}},"166":{"start":{"line":167,"column":0},"end":{"line":167,"column":74}},"167":{"start":{"line":168,"column":0},"end":{"line":168,"column":1}},"169":{"start":{"line":170,"column":0},"end":{"line":170,"column":55}},"170":{"start":{"line":171,"column":0},"end":{"line":171,"column":67}},"171":{"start":{"line":172,"column":0},"end":{"line":172,"column":1}},"173":{"start":{"line":174,"column":0},"end":{"line":174,"column":88}},"174":{"start":{"line":175,"column":0},"end":{"line":175,"column":10}},"175":{"start":{"line":176,"column":0},"end":{"line":176,"column":42}},"176":{"start":{"line":177,"column":0},"end":{"line":177,"column":32}},"177":{"start":{"line":178,"column":0},"end":{"line":178,"column":40}},"178":{"start":{"line":179,"column":0},"end":{"line":179,"column":36}},"179":{"start":{"line":180,"column":0},"end":{"line":180,"column":34}},"180":{"start":{"line":181,"column":0},"end":{"line":181,"column":4}},"181":{"start":{"line":182,"column":0},"end":{"line":182,"column":1}},"183":{"start":{"line":184,"column":0},"end":{"line":184,"column":32}},"184":{"start":{"line":185,"column":0},"end":{"line":185,"column":32}},"185":{"start":{"line":186,"column":0},"end":{"line":186,"column":44}},"186":{"start":{"line":187,"column":0},"end":{"line":187,"column":21}},"187":{"start":{"line":188,"column":0},"end":{"line":188,"column":59}},"188":{"start":{"line":189,"column":0},"end":{"line":189,"column":45}},"189":{"start":{"line":190,"column":0},"end":{"line":190,"column":45}},"190":{"start":{"line":191,"column":0},"end":{"line":191,"column":3}},"191":{"start":{"line":192,"column":0},"end":{"line":192,"column":40}},"192":{"start":{"line":193,"column":0},"end":{"line":193,"column":52}},"193":{"start":{"line":194,"column":0},"end":{"line":194,"column":12}},"194":{"start":{"line":195,"column":0},"end":{"line":195,"column":34}},"195":{"start":{"line":196,"column":0},"end":{"line":196,"column":46}},"196":{"start":{"line":197,"column":0},"end":{"line":197,"column":13}},"197":{"start":{"line":198,"column":0},"end":{"line":198,"column":95}},"198":{"start":{"line":199,"column":0},"end":{"line":199,"column":72}},"199":{"start":{"line":200,"column":0},"end":{"line":200,"column":6}},"200":{"start":{"line":201,"column":0},"end":{"line":201,"column":5}},"201":{"start":{"line":202,"column":0},"end":{"line":202,"column":1}},"203":{"start":{"line":204,"column":0},"end":{"line":204,"column":89}},"204":{"start":{"line":205,"column":0},"end":{"line":205,"column":48}},"205":{"start":{"line":206,"column":0},"end":{"line":206,"column":32}},"206":{"start":{"line":207,"column":0},"end":{"line":207,"column":87}},"207":{"start":{"line":208,"column":0},"end":{"line":208,"column":28}},"208":{"start":{"line":209,"column":0},"end":{"line":209,"column":67}},"209":{"start":{"line":210,"column":0},"end":{"line":210,"column":6}},"210":{"start":{"line":211,"column":0},"end":{"line":211,"column":3}},"211":{"start":{"line":212,"column":0},"end":{"line":212,"column":74}},"212":{"start":{"line":213,"column":0},"end":{"line":213,"column":98}},"213":{"start":{"line":214,"column":0},"end":{"line":214,"column":36}},"214":{"start":{"line":215,"column":0},"end":{"line":215,"column":54}},"215":{"start":{"line":216,"column":0},"end":{"line":216,"column":42}},"216":{"start":{"line":217,"column":0},"end":{"line":217,"column":3}},"217":{"start":{"line":218,"column":0},"end":{"line":218,"column":10}},"218":{"start":{"line":219,"column":0},"end":{"line":219,"column":33}},"219":{"start":{"line":220,"column":0},"end":{"line":220,"column":31}},"220":{"start":{"line":221,"column":0},"end":{"line":221,"column":84}},"221":{"start":{"line":222,"column":0},"end":{"line":222,"column":72}},"222":{"start":{"line":223,"column":0},"end":{"line":223,"column":17}},"223":{"start":{"line":224,"column":0},"end":{"line":224,"column":15}},"224":{"start":{"line":225,"column":0},"end":{"line":225,"column":15}},"225":{"start":{"line":226,"column":0},"end":{"line":226,"column":4}},"226":{"start":{"line":227,"column":0},"end":{"line":227,"column":1}},"232":{"start":{"line":233,"column":0},"end":{"line":233,"column":28}},"233":{"start":{"line":234,"column":0},"end":{"line":234,"column":32}},"234":{"start":{"line":235,"column":0},"end":{"line":235,"column":20}},"235":{"start":{"line":236,"column":0},"end":{"line":236,"column":84}},"236":{"start":{"line":237,"column":0},"end":{"line":237,"column":7}},"237":{"start":{"line":238,"column":0},"end":{"line":238,"column":32}},"238":{"start":{"line":239,"column":0},"end":{"line":239,"column":47}},"239":{"start":{"line":240,"column":0},"end":{"line":240,"column":12}},"240":{"start":{"line":241,"column":0},"end":{"line":241,"column":20}},"241":{"start":{"line":242,"column":0},"end":{"line":242,"column":55}},"242":{"start":{"line":243,"column":0},"end":{"line":243,"column":77}},"243":{"start":{"line":244,"column":0},"end":{"line":244,"column":6}},"244":{"start":{"line":245,"column":0},"end":{"line":245,"column":29}},"245":{"start":{"line":246,"column":0},"end":{"line":246,"column":46}},"246":{"start":{"line":247,"column":0},"end":{"line":247,"column":12}},"247":{"start":{"line":248,"column":0},"end":{"line":248,"column":21}},"248":{"start":{"line":249,"column":0},"end":{"line":249,"column":74}},"249":{"start":{"line":250,"column":0},"end":{"line":250,"column":57}},"250":{"start":{"line":251,"column":0},"end":{"line":251,"column":6}},"251":{"start":{"line":252,"column":0},"end":{"line":252,"column":3}},"252":{"start":{"line":253,"column":0},"end":{"line":253,"column":1}},"254":{"start":{"line":255,"column":0},"end":{"line":255,"column":23}},"255":{"start":{"line":256,"column":0},"end":{"line":256,"column":32}},"256":{"start":{"line":257,"column":0},"end":{"line":257,"column":55}},"257":{"start":{"line":258,"column":0},"end":{"line":258,"column":45}},"258":{"start":{"line":259,"column":0},"end":{"line":259,"column":32}},"259":{"start":{"line":260,"column":0},"end":{"line":260,"column":89}},"260":{"start":{"line":261,"column":0},"end":{"line":261,"column":3}},"261":{"start":{"line":262,"column":0},"end":{"line":262,"column":77}},"262":{"start":{"line":263,"column":0},"end":{"line":263,"column":1}},"264":{"start":{"line":265,"column":0},"end":{"line":265,"column":21}},"265":{"start":{"line":266,"column":0},"end":{"line":266,"column":32}},"266":{"start":{"line":267,"column":0},"end":{"line":267,"column":80}},"267":{"start":{"line":268,"column":0},"end":{"line":268,"column":45}},"268":{"start":{"line":269,"column":0},"end":{"line":269,"column":64}},"269":{"start":{"line":270,"column":0},"end":{"line":270,"column":99}},"270":{"start":{"line":271,"column":0},"end":{"line":271,"column":10}},"271":{"start":{"line":272,"column":0},"end":{"line":272,"column":18}},"272":{"start":{"line":273,"column":0},"end":{"line":273,"column":102}},"273":{"start":{"line":274,"column":0},"end":{"line":274,"column":35}},"274":{"start":{"line":275,"column":0},"end":{"line":275,"column":4}},"275":{"start":{"line":276,"column":0},"end":{"line":276,"column":1}},"277":{"start":{"line":278,"column":0},"end":{"line":278,"column":28}},"278":{"start":{"line":279,"column":0},"end":{"line":279,"column":32}},"279":{"start":{"line":280,"column":0},"end":{"line":280,"column":20}},"280":{"start":{"line":281,"column":0},"end":{"line":281,"column":23}},"281":{"start":{"line":282,"column":0},"end":{"line":282,"column":51}},"282":{"start":{"line":283,"column":0},"end":{"line":283,"column":31}},"283":{"start":{"line":284,"column":0},"end":{"line":284,"column":94}},"284":{"start":{"line":285,"column":0},"end":{"line":285,"column":3}},"285":{"start":{"line":286,"column":0},"end":{"line":286,"column":34}},"286":{"start":{"line":287,"column":0},"end":{"line":287,"column":97}},"287":{"start":{"line":288,"column":0},"end":{"line":288,"column":3}},"288":{"start":{"line":289,"column":0},"end":{"line":289,"column":90}},"289":{"start":{"line":290,"column":0},"end":{"line":290,"column":28}},"290":{"start":{"line":291,"column":0},"end":{"line":291,"column":12}},"291":{"start":{"line":292,"column":0},"end":{"line":292,"column":21}},"292":{"start":{"line":293,"column":0},"end":{"line":293,"column":64}},"293":{"start":{"line":294,"column":0},"end":{"line":294,"column":34}},"294":{"start":{"line":295,"column":0},"end":{"line":295,"column":6}},"295":{"start":{"line":296,"column":0},"end":{"line":296,"column":3}},"296":{"start":{"line":297,"column":0},"end":{"line":297,"column":7}},"297":{"start":{"line":298,"column":0},"end":{"line":298,"column":57}},"298":{"start":{"line":299,"column":0},"end":{"line":299,"column":90}},"299":{"start":{"line":300,"column":0},"end":{"line":300,"column":12}},"300":{"start":{"line":301,"column":0},"end":{"line":301,"column":20}},"301":{"start":{"line":302,"column":0},"end":{"line":302,"column":52}},"302":{"start":{"line":303,"column":0},"end":{"line":303,"column":33}},"303":{"start":{"line":304,"column":0},"end":{"line":304,"column":6}},"304":{"start":{"line":305,"column":0},"end":{"line":305,"column":29}},"305":{"start":{"line":306,"column":0},"end":{"line":306,"column":12}},"306":{"start":{"line":307,"column":0},"end":{"line":307,"column":21}},"307":{"start":{"line":308,"column":0},"end":{"line":308,"column":62}},"308":{"start":{"line":309,"column":0},"end":{"line":309,"column":34}},"309":{"start":{"line":310,"column":0},"end":{"line":310,"column":6}},"310":{"start":{"line":311,"column":0},"end":{"line":311,"column":3}},"311":{"start":{"line":312,"column":0},"end":{"line":312,"column":1}},"313":{"start":{"line":314,"column":0},"end":{"line":314,"column":28}},"314":{"start":{"line":315,"column":0},"end":{"line":315,"column":32}},"315":{"start":{"line":316,"column":0},"end":{"line":316,"column":29}},"316":{"start":{"line":317,"column":0},"end":{"line":317,"column":49}},"317":{"start":{"line":318,"column":0},"end":{"line":318,"column":7}},"318":{"start":{"line":319,"column":0},"end":{"line":319,"column":33}},"319":{"start":{"line":320,"column":0},"end":{"line":320,"column":15}},"320":{"start":{"line":321,"column":0},"end":{"line":321,"column":47}},"321":{"start":{"line":322,"column":0},"end":{"line":322,"column":39}},"322":{"start":{"line":323,"column":0},"end":{"line":323,"column":29}},"323":{"start":{"line":324,"column":0},"end":{"line":324,"column":72}},"324":{"start":{"line":325,"column":0},"end":{"line":325,"column":29}},"325":{"start":{"line":326,"column":0},"end":{"line":326,"column":12}},"326":{"start":{"line":327,"column":0},"end":{"line":327,"column":21}},"327":{"start":{"line":328,"column":0},"end":{"line":328,"column":62}},"328":{"start":{"line":329,"column":0},"end":{"line":329,"column":34}},"329":{"start":{"line":330,"column":0},"end":{"line":330,"column":6}},"330":{"start":{"line":331,"column":0},"end":{"line":331,"column":3}},"331":{"start":{"line":332,"column":0},"end":{"line":332,"column":1}},"333":{"start":{"line":334,"column":0},"end":{"line":334,"column":25}},"334":{"start":{"line":335,"column":0},"end":{"line":335,"column":32}},"335":{"start":{"line":336,"column":0},"end":{"line":336,"column":29}},"336":{"start":{"line":337,"column":0},"end":{"line":337,"column":52}},"337":{"start":{"line":338,"column":0},"end":{"line":338,"column":55}},"338":{"start":{"line":339,"column":0},"end":{"line":339,"column":25}},"339":{"start":{"line":340,"column":0},"end":{"line":340,"column":96}},"340":{"start":{"line":341,"column":0},"end":{"line":341,"column":3}},"341":{"start":{"line":342,"column":0},"end":{"line":342,"column":62}},"342":{"start":{"line":343,"column":0},"end":{"line":343,"column":27}},"343":{"start":{"line":344,"column":0},"end":{"line":344,"column":37}},"344":{"start":{"line":345,"column":0},"end":{"line":345,"column":39}},"345":{"start":{"line":346,"column":0},"end":{"line":346,"column":5}},"346":{"start":{"line":347,"column":0},"end":{"line":347,"column":93}},"347":{"start":{"line":348,"column":0},"end":{"line":348,"column":1}},"369":{"start":{"line":370,"column":0},"end":{"line":370,"column":95}},"370":{"start":{"line":371,"column":0},"end":{"line":371,"column":10}},"371":{"start":{"line":372,"column":0},"end":{"line":372,"column":48}},"372":{"start":{"line":373,"column":0},"end":{"line":373,"column":38}},"373":{"start":{"line":374,"column":0},"end":{"line":374,"column":34}},"374":{"start":{"line":375,"column":0},"end":{"line":375,"column":74}},"375":{"start":{"line":376,"column":0},"end":{"line":376,"column":54}},"376":{"start":{"line":377,"column":0},"end":{"line":377,"column":23}},"377":{"start":{"line":378,"column":0},"end":{"line":378,"column":100}},"378":{"start":{"line":379,"column":0},"end":{"line":379,"column":6}},"379":{"start":{"line":380,"column":0},"end":{"line":380,"column":56}},"380":{"start":{"line":381,"column":0},"end":{"line":381,"column":24}},"381":{"start":{"line":382,"column":0},"end":{"line":382,"column":30}},"382":{"start":{"line":383,"column":0},"end":{"line":383,"column":22}},"383":{"start":{"line":384,"column":0},"end":{"line":384,"column":36}},"384":{"start":{"line":385,"column":0},"end":{"line":385,"column":32}},"385":{"start":{"line":386,"column":0},"end":{"line":386,"column":9}},"386":{"start":{"line":387,"column":0},"end":{"line":387,"column":6}},"387":{"start":{"line":388,"column":0},"end":{"line":388,"column":50}},"388":{"start":{"line":389,"column":0},"end":{"line":389,"column":73}},"389":{"start":{"line":390,"column":0},"end":{"line":390,"column":68}},"390":{"start":{"line":391,"column":0},"end":{"line":391,"column":4}},"391":{"start":{"line":392,"column":0},"end":{"line":392,"column":1}}},"s":{"10":1,"138":1,"139":1,"140":1,"141":1,"142":1,"143":1,"144":1,"145":1,"146":1,"149":1,"151":1,"154":1,"157":1,"159":1,"160":1,"161":1,"162":1,"163":1,"165":8,"166":8,"167":8,"169":6,"170":6,"171":6,"173":3,"174":3,"175":3,"176":3,"177":3,"178":3,"179":3,"180":3,"181":3,"183":4,"184":4,"185":4,"186":4,"187":4,"188":4,"189":1,"190":1,"191":4,"192":2,"193":2,"194":2,"195":2,"196":2,"197":2,"198":2,"199":2,"200":4,"201":4,"203":8,"204":8,"205":2,"206":2,"207":2,"208":2,"209":2,"210":2,"211":8,"212":8,"213":8,"214":8,"215":0,"216":0,"217":6,"218":6,"219":6,"220":8,"221":8,"222":8,"223":8,"224":8,"225":8,"226":8,"232":5,"233":5,"234":5,"235":5,"236":5,"237":5,"238":3,"239":3,"240":3,"241":3,"242":3,"243":3,"244":5,"245":2,"246":2,"247":2,"248":2,"249":2,"250":2,"251":2,"252":5,"254":4,"255":4,"256":4,"257":4,"258":4,"259":2,"260":2,"261":2,"262":2,"264":4,"265":4,"266":4,"267":4,"268":4,"269":4,"270":4,"271":4,"272":4,"273":4,"274":4,"275":4,"277":10,"278":10,"279":10,"280":10,"281":10,"282":10,"283":2,"284":2,"285":10,"286":2,"287":2,"288":6,"289":10,"290":2,"291":2,"292":2,"293":2,"294":2,"295":2,"296":4,"297":4,"298":2,"299":2,"300":2,"301":2,"302":2,"303":2,"304":2,"305":2,"306":2,"307":2,"308":2,"309":2,"310":2,"311":10,"313":4,"314":4,"315":4,"316":4,"317":4,"318":4,"319":2,"320":4,"321":1,"322":1,"323":4,"324":4,"325":2,"326":2,"327":2,"328":2,"329":2,"330":2,"331":4,"333":2,"334":2,"335":2,"336":2,"337":2,"338":2,"339":1,"340":1,"341":1,"342":1,"343":2,"344":2,"345":2,"346":2,"347":2,"369":1,"370":42,"371":42,"372":42,"373":42,"374":42,"375":42,"376":2,"377":2,"378":2,"379":42,"380":2,"381":2,"382":2,"383":2,"384":2,"385":2,"386":2,"387":42,"388":42,"389":42,"390":42,"391":42},"branchMap":{"0":{"type":"branch","line":166,"loc":{"start":{"line":166,"column":0},"end":{"line":168,"column":1}},"locations":[{"start":{"line":166,"column":0},"end":{"line":168,"column":1}}]},"1":{"type":"branch","line":167,"loc":{"start":{"line":167,"column":20},"end":{"line":167,"column":53}},"locations":[{"start":{"line":167,"column":20},"end":{"line":167,"column":53}}]},"2":{"type":"branch","line":167,"loc":{"start":{"line":167,"column":41},"end":{"line":167,"column":74}},"locations":[{"start":{"line":167,"column":41},"end":{"line":167,"column":74}}]},"3":{"type":"branch","line":170,"loc":{"start":{"line":170,"column":0},"end":{"line":172,"column":1}},"locations":[{"start":{"line":170,"column":0},"end":{"line":172,"column":1}}]},"4":{"type":"branch","line":171,"loc":{"start":{"line":171,"column":42},"end":{"line":171,"column":67}},"locations":[{"start":{"line":171,"column":42},"end":{"line":171,"column":67}}]},"5":{"type":"branch","line":174,"loc":{"start":{"line":174,"column":0},"end":{"line":182,"column":1}},"locations":[{"start":{"line":174,"column":0},"end":{"line":182,"column":1}}]},"6":{"type":"branch","line":184,"loc":{"start":{"line":184,"column":0},"end":{"line":202,"column":1}},"locations":[{"start":{"line":184,"column":0},"end":{"line":202,"column":1}}]},"7":{"type":"branch","line":189,"loc":{"start":{"line":189,"column":44},"end":{"line":191,"column":3}},"locations":[{"start":{"line":189,"column":44},"end":{"line":191,"column":3}}]},"8":{"type":"branch","line":192,"loc":{"start":{"line":192,"column":27},"end":{"line":201,"column":3}},"locations":[{"start":{"line":192,"column":27},"end":{"line":201,"column":3}}]},"9":{"type":"branch","line":196,"loc":{"start":{"line":196,"column":13},"end":{"line":196,"column":36}},"locations":[{"start":{"line":196,"column":13},"end":{"line":196,"column":36}}]},"10":{"type":"branch","line":196,"loc":{"start":{"line":196,"column":21},"end":{"line":196,"column":46}},"locations":[{"start":{"line":196,"column":21},"end":{"line":196,"column":46}}]},"11":{"type":"branch","line":198,"loc":{"start":{"line":198,"column":19},"end":{"line":198,"column":68}},"locations":[{"start":{"line":198,"column":19},"end":{"line":198,"column":68}}]},"12":{"type":"branch","line":198,"loc":{"start":{"line":198,"column":64},"end":{"line":198,"column":95}},"locations":[{"start":{"line":198,"column":64},"end":{"line":198,"column":95}}]},"13":{"type":"branch","line":199,"loc":{"start":{"line":199,"column":21},"end":{"line":199,"column":47}},"locations":[{"start":{"line":199,"column":21},"end":{"line":199,"column":47}}]},"14":{"type":"branch","line":199,"loc":{"start":{"line":199,"column":29},"end":{"line":199,"column":72}},"locations":[{"start":{"line":199,"column":29},"end":{"line":199,"column":72}}]},"15":{"type":"branch","line":204,"loc":{"start":{"line":204,"column":0},"end":{"line":227,"column":1}},"locations":[{"start":{"line":204,"column":0},"end":{"line":227,"column":1}}]},"16":{"type":"branch","line":205,"loc":{"start":{"line":205,"column":47},"end":{"line":211,"column":3}},"locations":[{"start":{"line":205,"column":47},"end":{"line":211,"column":3}}]},"17":{"type":"branch","line":211,"loc":{"start":{"line":211,"column":2},"end":{"line":212,"column":49}},"locations":[{"start":{"line":211,"column":2},"end":{"line":212,"column":49}}]},"18":{"type":"branch","line":212,"loc":{"start":{"line":212,"column":35},"end":{"line":212,"column":74}},"locations":[{"start":{"line":212,"column":35},"end":{"line":212,"column":74}}]},"19":{"type":"branch","line":215,"loc":{"start":{"line":215,"column":53},"end":{"line":217,"column":3}},"locations":[{"start":{"line":215,"column":53},"end":{"line":217,"column":3}}]},"20":{"type":"branch","line":217,"loc":{"start":{"line":217,"column":2},"end":{"line":221,"column":59}},"locations":[{"start":{"line":217,"column":2},"end":{"line":221,"column":59}}]},"21":{"type":"branch","line":221,"loc":{"start":{"line":221,"column":54},"end":{"line":221,"column":84}},"locations":[{"start":{"line":221,"column":54},"end":{"line":221,"column":84}}]},"22":{"type":"branch","line":233,"loc":{"start":{"line":233,"column":0},"end":{"line":253,"column":1}},"locations":[{"start":{"line":233,"column":0},"end":{"line":253,"column":1}}]},"23":{"type":"branch","line":238,"loc":{"start":{"line":238,"column":30},"end":{"line":245,"column":11}},"locations":[{"start":{"line":238,"column":30},"end":{"line":245,"column":11}}]},"24":{"type":"branch","line":245,"loc":{"start":{"line":245,"column":2},"end":{"line":252,"column":3}},"locations":[{"start":{"line":245,"column":2},"end":{"line":252,"column":3}}]},"25":{"type":"branch","line":255,"loc":{"start":{"line":255,"column":0},"end":{"line":263,"column":1}},"locations":[{"start":{"line":255,"column":0},"end":{"line":263,"column":1}}]},"26":{"type":"branch","line":259,"loc":{"start":{"line":259,"column":31},"end":{"line":263,"column":1}},"locations":[{"start":{"line":259,"column":31},"end":{"line":263,"column":1}}]},"27":{"type":"branch","line":265,"loc":{"start":{"line":265,"column":0},"end":{"line":276,"column":1}},"locations":[{"start":{"line":265,"column":0},"end":{"line":276,"column":1}}]},"28":{"type":"branch","line":278,"loc":{"start":{"line":278,"column":0},"end":{"line":312,"column":1}},"locations":[{"start":{"line":278,"column":0},"end":{"line":312,"column":1}}]},"29":{"type":"branch","line":283,"loc":{"start":{"line":283,"column":30},"end":{"line":285,"column":3}},"locations":[{"start":{"line":283,"column":30},"end":{"line":285,"column":3}}]},"30":{"type":"branch","line":285,"loc":{"start":{"line":285,"column":2},"end":{"line":286,"column":33}},"locations":[{"start":{"line":285,"column":2},"end":{"line":286,"column":33}}]},"31":{"type":"branch","line":286,"loc":{"start":{"line":286,"column":33},"end":{"line":288,"column":3}},"locations":[{"start":{"line":286,"column":33},"end":{"line":288,"column":3}}]},"32":{"type":"branch","line":288,"loc":{"start":{"line":288,"column":2},"end":{"line":290,"column":27}},"locations":[{"start":{"line":288,"column":2},"end":{"line":290,"column":27}}]},"33":{"type":"branch","line":290,"loc":{"start":{"line":290,"column":27},"end":{"line":296,"column":3}},"locations":[{"start":{"line":290,"column":27},"end":{"line":296,"column":3}}]},"34":{"type":"branch","line":296,"loc":{"start":{"line":296,"column":2},"end":{"line":298,"column":57}},"locations":[{"start":{"line":296,"column":2},"end":{"line":298,"column":57}}]},"35":{"type":"branch","line":298,"loc":{"start":{"line":298,"column":55},"end":{"line":311,"column":3}},"locations":[{"start":{"line":298,"column":55},"end":{"line":311,"column":3}}]},"36":{"type":"branch","line":289,"loc":{"start":{"line":289,"column":56},"end":{"line":289,"column":88}},"locations":[{"start":{"line":289,"column":56},"end":{"line":289,"column":88}}]},"37":{"type":"branch","line":314,"loc":{"start":{"line":314,"column":0},"end":{"line":332,"column":1}},"locations":[{"start":{"line":314,"column":0},"end":{"line":332,"column":1}}]},"38":{"type":"branch","line":319,"loc":{"start":{"line":319,"column":31},"end":{"line":321,"column":30}},"locations":[{"start":{"line":319,"column":31},"end":{"line":321,"column":30}}]},"39":{"type":"branch","line":321,"loc":{"start":{"line":321,"column":17},"end":{"line":321,"column":47}},"locations":[{"start":{"line":321,"column":17},"end":{"line":321,"column":47}}]},"40":{"type":"branch","line":321,"loc":{"start":{"line":321,"column":46},"end":{"line":322,"column":39}},"locations":[{"start":{"line":321,"column":46},"end":{"line":322,"column":39}}]},"41":{"type":"branch","line":322,"loc":{"start":{"line":322,"column":37},"end":{"line":323,"column":29}},"locations":[{"start":{"line":322,"column":37},"end":{"line":323,"column":29}}]},"42":{"type":"branch","line":325,"loc":{"start":{"line":325,"column":2},"end":{"line":331,"column":3}},"locations":[{"start":{"line":325,"column":2},"end":{"line":331,"column":3}}]},"43":{"type":"branch","line":334,"loc":{"start":{"line":334,"column":0},"end":{"line":348,"column":1}},"locations":[{"start":{"line":334,"column":0},"end":{"line":348,"column":1}}]},"44":{"type":"branch","line":339,"loc":{"start":{"line":339,"column":24},"end":{"line":344,"column":22}},"locations":[{"start":{"line":339,"column":24},"end":{"line":344,"column":22}}]},"45":{"type":"branch","line":344,"loc":{"start":{"line":344,"column":12},"end":{"line":344,"column":37}},"locations":[{"start":{"line":344,"column":12},"end":{"line":344,"column":37}}]},"46":{"type":"branch","line":370,"loc":{"start":{"line":370,"column":7},"end":{"line":392,"column":1}},"locations":[{"start":{"line":370,"column":7},"end":{"line":392,"column":1}}]},"47":{"type":"branch","line":372,"loc":{"start":{"line":372,"column":11},"end":{"line":372,"column":48}},"locations":[{"start":{"line":372,"column":11},"end":{"line":372,"column":48}}]},"48":{"type":"branch","line":373,"loc":{"start":{"line":373,"column":12},"end":{"line":373,"column":38}},"locations":[{"start":{"line":373,"column":12},"end":{"line":373,"column":38}}]},"49":{"type":"branch","line":374,"loc":{"start":{"line":374,"column":10},"end":{"line":374,"column":34}},"locations":[{"start":{"line":374,"column":10},"end":{"line":374,"column":34}}]},"50":{"type":"branch","line":375,"loc":{"start":{"line":375,"column":11},"end":{"line":375,"column":74}},"locations":[{"start":{"line":375,"column":11},"end":{"line":375,"column":74}}]},"51":{"type":"branch","line":376,"loc":{"start":{"line":376,"column":4},"end":{"line":379,"column":6}},"locations":[{"start":{"line":376,"column":4},"end":{"line":379,"column":6}}]},"52":{"type":"branch","line":380,"loc":{"start":{"line":380,"column":4},"end":{"line":387,"column":6}},"locations":[{"start":{"line":380,"column":4},"end":{"line":387,"column":6}}]},"53":{"type":"branch","line":388,"loc":{"start":{"line":388,"column":11},"end":{"line":388,"column":50}},"locations":[{"start":{"line":388,"column":11},"end":{"line":388,"column":50}}]},"54":{"type":"branch","line":389,"loc":{"start":{"line":389,"column":14},"end":{"line":389,"column":73}},"locations":[{"start":{"line":389,"column":14},"end":{"line":389,"column":73}}]},"55":{"type":"branch","line":390,"loc":{"start":{"line":390,"column":12},"end":{"line":390,"column":68}},"locations":[{"start":{"line":390,"column":12},"end":{"line":390,"column":68}}]}},"b":{"0":[8],"1":[6],"2":[4],"3":[6],"4":[0],"5":[3],"6":[4],"7":[1],"8":[2],"9":[1],"10":[1],"11":[1],"12":[1],"13":[1],"14":[1],"15":[8],"16":[2],"17":[6],"18":[0],"19":[0],"20":[6],"21":[0],"22":[5],"23":[3],"24":[2],"25":[4],"26":[2],"27":[4],"28":[10],"29":[2],"30":[8],"31":[2],"32":[6],"33":[2],"34":[4],"35":[2],"36":[4],"37":[4],"38":[2],"39":[1],"40":[1],"41":[1],"42":[2],"43":[2],"44":[1],"45":[0],"46":[42],"47":[5],"48":[4],"49":[4],"50":[10],"51":[2],"52":[2],"53":[4],"54":[2],"55":[8]},"fnMap":{"0":{"name":"isTerminalStatus","decl":{"start":{"line":166,"column":0},"end":{"line":168,"column":1}},"loc":{"start":{"line":166,"column":0},"end":{"line":168,"column":1}},"line":166},"1":{"name":"extractErrorMessage","decl":{"start":{"line":170,"column":0},"end":{"line":172,"column":1}},"loc":{"start":{"line":170,"column":0},"end":{"line":172,"column":1}},"line":170},"2":{"name":"mapDispatchToSummary","decl":{"start":{"line":174,"column":0},"end":{"line":182,"column":1}},"loc":{"start":{"line":174,"column":0},"end":{"line":182,"column":1}},"line":174},"3":{"name":"deriveSessionSummaries","decl":{"start":{"line":184,"column":0},"end":{"line":202,"column":1}},"loc":{"start":{"line":184,"column":0},"end":{"line":202,"column":1}},"line":184},"4":{"name":"buildPipelineResult","decl":{"start":{"line":204,"column":0},"end":{"line":227,"column":1}},"loc":{"start":{"line":204,"column":0},"end":{"line":227,"column":1}},"line":204},"5":{"name":"executeStart","decl":{"start":{"line":233,"column":0},"end":{"line":253,"column":1}},"loc":{"start":{"line":233,"column":0},"end":{"line":253,"column":1}},"line":233},"6":{"name":"executeStatus","decl":{"start":{"line":255,"column":0},"end":{"line":263,"column":1}},"loc":{"start":{"line":255,"column":0},"end":{"line":263,"column":1}},"line":255},"7":{"name":"executeList","decl":{"start":{"line":265,"column":0},"end":{"line":276,"column":1}},"loc":{"start":{"line":265,"column":0},"end":{"line":276,"column":1}},"line":265},"8":{"name":"executeSteer","decl":{"start":{"line":278,"column":0},"end":{"line":312,"column":1}},"loc":{"start":{"line":278,"column":0},"end":{"line":312,"column":1}},"line":278},"9":{"name":"executeAbort","decl":{"start":{"line":314,"column":0},"end":{"line":332,"column":1}},"loc":{"start":{"line":314,"column":0},"end":{"line":332,"column":1}},"line":314},"10":{"name":"executeEscalate","decl":{"start":{"line":334,"column":0},"end":{"line":348,"column":1}},"loc":{"start":{"line":334,"column":0},"end":{"line":348,"column":1}},"line":334},"11":{"name":"createOrchestratorActions","decl":{"start":{"line":370,"column":7},"end":{"line":392,"column":1}},"loc":{"start":{"line":370,"column":7},"end":{"line":392,"column":1}},"line":370},"12":{"name":"start","decl":{"start":{"line":372,"column":11},"end":{"line":372,"column":48}},"loc":{"start":{"line":372,"column":11},"end":{"line":372,"column":48}},"line":372},"13":{"name":"status","decl":{"start":{"line":373,"column":12},"end":{"line":373,"column":38}},"loc":{"start":{"line":373,"column":12},"end":{"line":373,"column":38}},"line":373},"14":{"name":"list","decl":{"start":{"line":374,"column":10},"end":{"line":374,"column":34}},"loc":{"start":{"line":374,"column":10},"end":{"line":374,"column":34}},"line":374},"15":{"name":"steer","decl":{"start":{"line":375,"column":11},"end":{"line":375,"column":74}},"loc":{"start":{"line":375,"column":11},"end":{"line":375,"column":74}},"line":375},"16":{"name":"pause","decl":{"start":{"line":376,"column":4},"end":{"line":379,"column":6}},"loc":{"start":{"line":376,"column":4},"end":{"line":379,"column":6}},"line":376},"17":{"name":"resume","decl":{"start":{"line":380,"column":4},"end":{"line":387,"column":6}},"loc":{"start":{"line":380,"column":4},"end":{"line":387,"column":6}},"line":380},"18":{"name":"abort","decl":{"start":{"line":388,"column":11},"end":{"line":388,"column":50}},"loc":{"start":{"line":388,"column":11},"end":{"line":388,"column":50}},"line":388},"19":{"name":"escalate","decl":{"start":{"line":389,"column":14},"end":{"line":389,"column":73}},"loc":{"start":{"line":389,"column":14},"end":{"line":389,"column":73}},"line":389},"20":{"name":"result","decl":{"start":{"line":390,"column":12},"end":{"line":390,"column":68}},"loc":{"start":{"line":390,"column":12},"end":{"line":390,"column":68}},"line":390}},"f":{"0":8,"1":6,"2":3,"3":4,"4":8,"5":5,"6":4,"7":4,"8":10,"9":4,"10":2,"11":42,"12":5,"13":4,"14":4,"15":10,"16":2,"17":2,"18":4,"19":2,"20":8}}
,"/Users/Apple/pi-orchestrator/src/bootstrap-ports.ts": {"path":"/Users/Apple/pi-orchestrator/src/bootstrap-ports.ts","all":true,"statementMap":{},"s":{},"branchMap":{"0":{"type":"branch","line":1,"loc":{"start":{"line":1,"column":2013},"end":{"line":53,"column":1}},"locations":[{"start":{"line":1,"column":2013},"end":{"line":53,"column":1}}]}},"b":{"0":[1]},"fnMap":{"0":{"name":"(empty-report)","decl":{"start":{"line":1,"column":2013},"end":{"line":53,"column":1}},"loc":{"start":{"line":1,"column":2013},"end":{"line":53,"column":1}},"line":1}},"f":{"0":1}}
,"/Users/Apple/pi-orchestrator/src/bootstrap.ts": {"path":"/Users/Apple/pi-orchestrator/src/bootstrap.ts","all":false,"statementMap":{"9":{"start":{"line":10,"column":0},"end":{"line":10,"column":87}},"10":{"start":{"line":11,"column":0},"end":{"line":11,"column":8}},"14":{"start":{"line":15,"column":0},"end":{"line":15,"column":8}},"18":{"start":{"line":19,"column":0},"end":{"line":19,"column":8}},"22":{"start":{"line":23,"column":0},"end":{"line":23,"column":8}},"26":{"start":{"line":27,"column":0},"end":{"line":27,"column":86}},"43":{"start":{"line":44,"column":0},"end":{"line":44,"column":36}},"44":{"start":{"line":45,"column":0},"end":{"line":45,"column":41}},"182":{"start":{"line":183,"column":0},"end":{"line":183,"column":35}},"184":{"start":{"line":185,"column":0},"end":{"line":185,"column":24}},"186":{"start":{"line":187,"column":0},"end":{"line":187,"column":29}},"188":{"start":{"line":189,"column":0},"end":{"line":189,"column":27}},"190":{"start":{"line":191,"column":0},"end":{"line":191,"column":39}},"191":{"start":{"line":192,"column":0},"end":{"line":192,"column":58}},"192":{"start":{"line":193,"column":0},"end":{"line":193,"column":1}},"194":{"start":{"line":195,"column":0},"end":{"line":195,"column":34}},"195":{"start":{"line":196,"column":0},"end":{"line":196,"column":10}},"196":{"start":{"line":197,"column":0},"end":{"line":197,"column":12}},"197":{"start":{"line":198,"column":0},"end":{"line":198,"column":24}},"198":{"start":{"line":199,"column":0},"end":{"line":199,"column":9}},"199":{"start":{"line":200,"column":0},"end":{"line":200,"column":84}},"201":{"start":{"line":202,"column":0},"end":{"line":202,"column":1}},"203":{"start":{"line":204,"column":0},"end":{"line":204,"column":58}},"204":{"start":{"line":205,"column":0},"end":{"line":205,"column":67}},"205":{"start":{"line":206,"column":0},"end":{"line":206,"column":1}},"207":{"start":{"line":208,"column":0},"end":{"line":208,"column":73}},"208":{"start":{"line":209,"column":0},"end":{"line":209,"column":81}},"209":{"start":{"line":210,"column":0},"end":{"line":210,"column":1}},"211":{"start":{"line":212,"column":0},"end":{"line":212,"column":34}},"212":{"start":{"line":213,"column":0},"end":{"line":213,"column":16}},"213":{"start":{"line":214,"column":0},"end":{"line":214,"column":32}},"214":{"start":{"line":215,"column":0},"end":{"line":215,"column":20}},"215":{"start":{"line":216,"column":0},"end":{"line":216,"column":19}},"216":{"start":{"line":217,"column":0},"end":{"line":217,"column":90}},"217":{"start":{"line":218,"column":0},"end":{"line":218,"column":10}},"218":{"start":{"line":219,"column":0},"end":{"line":219,"column":21}},"219":{"start":{"line":220,"column":0},"end":{"line":220,"column":10}},"220":{"start":{"line":221,"column":0},"end":{"line":221,"column":39}},"221":{"start":{"line":222,"column":0},"end":{"line":222,"column":79}},"222":{"start":{"line":223,"column":0},"end":{"line":223,"column":21}},"223":{"start":{"line":224,"column":0},"end":{"line":224,"column":41}},"224":{"start":{"line":225,"column":0},"end":{"line":225,"column":51}},"225":{"start":{"line":226,"column":0},"end":{"line":226,"column":4}},"226":{"start":{"line":227,"column":0},"end":{"line":227,"column":1}},"228":{"start":{"line":229,"column":0},"end":{"line":229,"column":25}},"229":{"start":{"line":230,"column":0},"end":{"line":230,"column":37}},"230":{"start":{"line":231,"column":0},"end":{"line":231,"column":33}},"231":{"start":{"line":232,"column":0},"end":{"line":232,"column":30}},"232":{"start":{"line":233,"column":0},"end":{"line":233,"column":24}},"233":{"start":{"line":234,"column":0},"end":{"line":234,"column":23}},"234":{"start":{"line":235,"column":0},"end":{"line":235,"column":22}},"235":{"start":{"line":236,"column":0},"end":{"line":236,"column":19}},"236":{"start":{"line":237,"column":0},"end":{"line":237,"column":13}},"237":{"start":{"line":238,"column":0},"end":{"line":238,"column":5}},"238":{"start":{"line":239,"column":0},"end":{"line":239,"column":20}},"239":{"start":{"line":240,"column":0},"end":{"line":240,"column":9}},"240":{"start":{"line":241,"column":0},"end":{"line":241,"column":23}},"241":{"start":{"line":242,"column":0},"end":{"line":242,"column":35}},"242":{"start":{"line":243,"column":0},"end":{"line":243,"column":7}},"243":{"start":{"line":244,"column":0},"end":{"line":244,"column":13}},"245":{"start":{"line":246,"column":0},"end":{"line":246,"column":5}},"246":{"start":{"line":247,"column":0},"end":{"line":247,"column":9}},"247":{"start":{"line":248,"column":0},"end":{"line":248,"column":33}},"248":{"start":{"line":249,"column":0},"end":{"line":249,"column":13}},"250":{"start":{"line":251,"column":0},"end":{"line":251,"column":5}},"251":{"start":{"line":252,"column":0},"end":{"line":252,"column":9}},"252":{"start":{"line":253,"column":0},"end":{"line":253,"column":29}},"253":{"start":{"line":254,"column":0},"end":{"line":254,"column":13}},"255":{"start":{"line":256,"column":0},"end":{"line":256,"column":5}},"256":{"start":{"line":257,"column":0},"end":{"line":257,"column":4}},"257":{"start":{"line":258,"column":0},"end":{"line":258,"column":1}},"259":{"start":{"line":260,"column":0},"end":{"line":260,"column":43}},"262":{"start":{"line":263,"column":0},"end":{"line":263,"column":30}},"263":{"start":{"line":264,"column":0},"end":{"line":264,"column":19}},"264":{"start":{"line":265,"column":0},"end":{"line":265,"column":62}},"265":{"start":{"line":266,"column":0},"end":{"line":266,"column":1}},"279":{"start":{"line":280,"column":0},"end":{"line":280,"column":77}},"280":{"start":{"line":281,"column":0},"end":{"line":281,"column":13}},"281":{"start":{"line":282,"column":0},"end":{"line":282,"column":26}},"282":{"start":{"line":283,"column":0},"end":{"line":283,"column":5}},"283":{"start":{"line":284,"column":0},"end":{"line":284,"column":18}},"284":{"start":{"line":285,"column":0},"end":{"line":285,"column":22}},"285":{"start":{"line":286,"column":0},"end":{"line":286,"column":25}},"286":{"start":{"line":287,"column":0},"end":{"line":287,"column":25}},"287":{"start":{"line":288,"column":0},"end":{"line":288,"column":21}},"288":{"start":{"line":289,"column":0},"end":{"line":289,"column":18}},"289":{"start":{"line":290,"column":0},"end":{"line":290,"column":6}},"290":{"start":{"line":291,"column":0},"end":{"line":291,"column":5}},"291":{"start":{"line":292,"column":0},"end":{"line":292,"column":19}},"292":{"start":{"line":293,"column":0},"end":{"line":293,"column":22}},"293":{"start":{"line":294,"column":0},"end":{"line":294,"column":25}},"294":{"start":{"line":295,"column":0},"end":{"line":295,"column":25}},"295":{"start":{"line":296,"column":0},"end":{"line":296,"column":22}},"296":{"start":{"line":297,"column":0},"end":{"line":297,"column":18}},"297":{"start":{"line":298,"column":0},"end":{"line":298,"column":6}},"298":{"start":{"line":299,"column":0},"end":{"line":299,"column":5}},"299":{"start":{"line":300,"column":0},"end":{"line":300,"column":18}},"300":{"start":{"line":301,"column":0},"end":{"line":301,"column":22}},"301":{"start":{"line":302,"column":0},"end":{"line":302,"column":25}},"302":{"start":{"line":303,"column":0},"end":{"line":303,"column":25}},"303":{"start":{"line":304,"column":0},"end":{"line":304,"column":21}},"304":{"start":{"line":305,"column":0},"end":{"line":305,"column":18}},"305":{"start":{"line":306,"column":0},"end":{"line":306,"column":6}},"306":{"start":{"line":307,"column":0},"end":{"line":307,"column":5}},"307":{"start":{"line":308,"column":0},"end":{"line":308,"column":17}},"308":{"start":{"line":309,"column":0},"end":{"line":309,"column":22}},"309":{"start":{"line":310,"column":0},"end":{"line":310,"column":25}},"310":{"start":{"line":311,"column":0},"end":{"line":311,"column":25}},"311":{"start":{"line":312,"column":0},"end":{"line":312,"column":21}},"312":{"start":{"line":313,"column":0},"end":{"line":313,"column":18}},"313":{"start":{"line":314,"column":0},"end":{"line":314,"column":6}},"314":{"start":{"line":315,"column":0},"end":{"line":315,"column":5}},"315":{"start":{"line":316,"column":0},"end":{"line":316,"column":1}},"317":{"start":{"line":318,"column":0},"end":{"line":318,"column":44}},"318":{"start":{"line":319,"column":0},"end":{"line":319,"column":10}},"319":{"start":{"line":320,"column":0},"end":{"line":320,"column":34}},"320":{"start":{"line":321,"column":0},"end":{"line":321,"column":38}},"321":{"start":{"line":322,"column":0},"end":{"line":322,"column":42}},"322":{"start":{"line":323,"column":0},"end":{"line":323,"column":60}},"323":{"start":{"line":324,"column":0},"end":{"line":324,"column":44}},"324":{"start":{"line":325,"column":0},"end":{"line":325,"column":38}},"325":{"start":{"line":326,"column":0},"end":{"line":326,"column":35}},"326":{"start":{"line":327,"column":0},"end":{"line":327,"column":30}},"327":{"start":{"line":328,"column":0},"end":{"line":328,"column":6}},"328":{"start":{"line":329,"column":0},"end":{"line":329,"column":29}},"329":{"start":{"line":330,"column":0},"end":{"line":330,"column":30}},"330":{"start":{"line":331,"column":0},"end":{"line":331,"column":6}},"331":{"start":{"line":332,"column":0},"end":{"line":332,"column":28}},"332":{"start":{"line":333,"column":0},"end":{"line":333,"column":30}},"333":{"start":{"line":334,"column":0},"end":{"line":334,"column":6}},"334":{"start":{"line":335,"column":0},"end":{"line":335,"column":31}},"335":{"start":{"line":336,"column":0},"end":{"line":336,"column":31}},"336":{"start":{"line":337,"column":0},"end":{"line":337,"column":6}},"337":{"start":{"line":338,"column":0},"end":{"line":338,"column":64}},"338":{"start":{"line":339,"column":0},"end":{"line":339,"column":32}},"339":{"start":{"line":340,"column":0},"end":{"line":340,"column":31}},"340":{"start":{"line":341,"column":0},"end":{"line":341,"column":6}},"341":{"start":{"line":342,"column":0},"end":{"line":342,"column":26}},"342":{"start":{"line":343,"column":0},"end":{"line":343,"column":31}},"343":{"start":{"line":344,"column":0},"end":{"line":344,"column":6}},"344":{"start":{"line":345,"column":0},"end":{"line":345,"column":4}},"345":{"start":{"line":346,"column":0},"end":{"line":346,"column":1}},"368":{"start":{"line":369,"column":0},"end":{"line":369,"column":44}},"369":{"start":{"line":370,"column":0},"end":{"line":370,"column":25}},"370":{"start":{"line":371,"column":0},"end":{"line":371,"column":23}},"371":{"start":{"line":372,"column":0},"end":{"line":372,"column":29}},"372":{"start":{"line":373,"column":0},"end":{"line":373,"column":50}},"373":{"start":{"line":374,"column":0},"end":{"line":374,"column":46}},"374":{"start":{"line":375,"column":0},"end":{"line":375,"column":45}},"375":{"start":{"line":376,"column":0},"end":{"line":376,"column":32}},"376":{"start":{"line":377,"column":0},"end":{"line":377,"column":58}},"378":{"start":{"line":379,"column":0},"end":{"line":379,"column":57}},"379":{"start":{"line":380,"column":0},"end":{"line":380,"column":19}},"380":{"start":{"line":381,"column":0},"end":{"line":381,"column":55}},"381":{"start":{"line":382,"column":0},"end":{"line":382,"column":4}},"382":{"start":{"line":383,"column":0},"end":{"line":383,"column":52}},"383":{"start":{"line":384,"column":0},"end":{"line":384,"column":49}},"384":{"start":{"line":385,"column":0},"end":{"line":385,"column":38}},"385":{"start":{"line":386,"column":0},"end":{"line":386,"column":34}},"386":{"start":{"line":387,"column":0},"end":{"line":387,"column":21}},"387":{"start":{"line":388,"column":0},"end":{"line":388,"column":5}},"388":{"start":{"line":389,"column":0},"end":{"line":389,"column":58}},"389":{"start":{"line":390,"column":0},"end":{"line":390,"column":97}},"390":{"start":{"line":391,"column":0},"end":{"line":391,"column":86}},"391":{"start":{"line":392,"column":0},"end":{"line":392,"column":88}},"392":{"start":{"line":393,"column":0},"end":{"line":393,"column":51}},"393":{"start":{"line":394,"column":0},"end":{"line":394,"column":68}},"395":{"start":{"line":396,"column":0},"end":{"line":396,"column":43}},"396":{"start":{"line":397,"column":0},"end":{"line":397,"column":31}},"397":{"start":{"line":398,"column":0},"end":{"line":398,"column":19}},"398":{"start":{"line":399,"column":0},"end":{"line":399,"column":15}},"399":{"start":{"line":400,"column":0},"end":{"line":400,"column":13}},"400":{"start":{"line":401,"column":0},"end":{"line":401,"column":12}},"401":{"start":{"line":402,"column":0},"end":{"line":402,"column":17}},"402":{"start":{"line":403,"column":0},"end":{"line":403,"column":12}},"403":{"start":{"line":404,"column":0},"end":{"line":404,"column":16}},"404":{"start":{"line":405,"column":0},"end":{"line":405,"column":7}},"405":{"start":{"line":406,"column":0},"end":{"line":406,"column":3}},"406":{"start":{"line":407,"column":0},"end":{"line":407,"column":95}},"407":{"start":{"line":408,"column":0},"end":{"line":408,"column":1}},"421":{"start":{"line":422,"column":0},"end":{"line":422,"column":43}},"429":{"start":{"line":430,"column":0},"end":{"line":430,"column":37}},"430":{"start":{"line":431,"column":0},"end":{"line":431,"column":89}},"431":{"start":{"line":432,"column":0},"end":{"line":432,"column":28}},"432":{"start":{"line":433,"column":0},"end":{"line":433,"column":23}},"433":{"start":{"line":434,"column":0},"end":{"line":434,"column":21}},"434":{"start":{"line":435,"column":0},"end":{"line":435,"column":53}},"435":{"start":{"line":436,"column":0},"end":{"line":436,"column":5}},"436":{"start":{"line":437,"column":0},"end":{"line":437,"column":10}},"437":{"start":{"line":438,"column":0},"end":{"line":438,"column":29}},"438":{"start":{"line":439,"column":0},"end":{"line":439,"column":11}},"439":{"start":{"line":440,"column":0},"end":{"line":440,"column":10}},"440":{"start":{"line":441,"column":0},"end":{"line":441,"column":17}},"441":{"start":{"line":442,"column":0},"end":{"line":442,"column":13}},"442":{"start":{"line":443,"column":0},"end":{"line":443,"column":15}},"443":{"start":{"line":444,"column":0},"end":{"line":444,"column":67}},"444":{"start":{"line":445,"column":0},"end":{"line":445,"column":53}},"445":{"start":{"line":446,"column":0},"end":{"line":446,"column":4}},"446":{"start":{"line":447,"column":0},"end":{"line":447,"column":1}},"460":{"start":{"line":461,"column":0},"end":{"line":461,"column":35}},"467":{"start":{"line":468,"column":0},"end":{"line":468,"column":20}},"468":{"start":{"line":469,"column":0},"end":{"line":469,"column":85}},"469":{"start":{"line":470,"column":0},"end":{"line":470,"column":53}},"470":{"start":{"line":471,"column":0},"end":{"line":471,"column":10}},"471":{"start":{"line":472,"column":0},"end":{"line":472,"column":20}},"472":{"start":{"line":473,"column":0},"end":{"line":473,"column":11}},"473":{"start":{"line":474,"column":0},"end":{"line":474,"column":10}},"474":{"start":{"line":475,"column":0},"end":{"line":475,"column":17}},"475":{"start":{"line":476,"column":0},"end":{"line":476,"column":13}},"476":{"start":{"line":477,"column":0},"end":{"line":477,"column":52}},"477":{"start":{"line":478,"column":0},"end":{"line":478,"column":15}},"478":{"start":{"line":479,"column":0},"end":{"line":479,"column":46}},"479":{"start":{"line":480,"column":0},"end":{"line":480,"column":52}},"480":{"start":{"line":481,"column":0},"end":{"line":481,"column":60}},"481":{"start":{"line":482,"column":0},"end":{"line":482,"column":44}},"482":{"start":{"line":483,"column":0},"end":{"line":483,"column":42}},"483":{"start":{"line":484,"column":0},"end":{"line":484,"column":15}},"484":{"start":{"line":485,"column":0},"end":{"line":485,"column":65}},"485":{"start":{"line":486,"column":0},"end":{"line":486,"column":4}},"486":{"start":{"line":487,"column":0},"end":{"line":487,"column":1}}},"s":{"9":1,"10":1,"14":1,"18":1,"22":1,"26":1,"43":1,"44":1,"182":1,"184":1,"186":1,"188":1,"190":31,"191":31,"192":31,"194":31,"195":31,"196":31,"197":31,"198":31,"199":31,"201":31,"203":31,"204":31,"205":31,"207":31,"208":31,"209":31,"211":11,"212":11,"213":11,"214":11,"215":11,"216":11,"217":11,"218":11,"219":11,"220":11,"221":11,"222":11,"223":11,"224":11,"225":11,"226":11,"228":31,"229":31,"230":31,"231":31,"232":31,"233":31,"234":31,"235":4,"236":0,"237":0,"238":4,"239":4,"240":4,"241":2,"242":2,"243":4,"245":0,"246":4,"247":4,"248":4,"250":0,"251":4,"252":4,"253":4,"255":0,"256":4,"257":31,"259":0,"262":0,"263":0,"264":0,"265":0,"279":0,"280":0,"281":0,"282":0,"283":0,"284":0,"285":0,"286":0,"287":0,"288":0,"289":0,"290":0,"291":0,"292":0,"293":0,"294":0,"295":0,"296":0,"297":0,"298":0,"299":0,"300":0,"301":0,"302":0,"303":0,"304":0,"305":0,"306":0,"307":0,"308":0,"309":0,"310":0,"311":0,"312":0,"313":0,"314":0,"315":0,"317":0,"318":0,"319":0,"320":0,"321":0,"322":0,"323":0,"324":0,"325":0,"326":0,"327":0,"328":0,"329":0,"330":0,"331":0,"332":0,"333":0,"334":0,"335":0,"336":0,"337":0,"338":0,"339":0,"340":0,"341":0,"342":0,"343":0,"344":0,"345":0,"368":31,"369":31,"370":31,"371":31,"372":31,"373":31,"374":31,"375":31,"376":31,"378":31,"379":31,"380":31,"381":31,"382":31,"383":31,"384":31,"385":31,"386":31,"387":31,"388":31,"389":31,"390":31,"391":31,"392":31,"393":31,"395":31,"396":11,"397":11,"398":11,"399":11,"400":11,"401":11,"402":11,"403":11,"404":11,"405":11,"406":20,"407":20,"421":11,"429":11,"430":11,"431":11,"432":11,"433":11,"434":11,"435":11,"436":11,"437":11,"438":11,"439":11,"440":11,"441":11,"442":11,"443":11,"444":11,"445":11,"446":11,"460":20,"467":20,"468":20,"469":20,"470":20,"471":20,"472":20,"473":20,"474":20,"475":20,"476":20,"477":20,"478":20,"479":20,"480":20,"481":20,"482":20,"483":20,"484":20,"485":20,"486":20},"branchMap":{"0":{"type":"branch","line":191,"loc":{"start":{"line":191,"column":0},"end":{"line":193,"column":1}},"locations":[{"start":{"line":191,"column":0},"end":{"line":193,"column":1}}]},"1":{"type":"branch","line":195,"loc":{"start":{"line":195,"column":0},"end":{"line":202,"column":1}},"locations":[{"start":{"line":195,"column":0},"end":{"line":202,"column":1}}]},"2":{"type":"branch","line":204,"loc":{"start":{"line":204,"column":0},"end":{"line":206,"column":1}},"locations":[{"start":{"line":204,"column":0},"end":{"line":206,"column":1}}]},"3":{"type":"branch","line":205,"loc":{"start":{"line":205,"column":51},"end":{"line":205,"column":67}},"locations":[{"start":{"line":205,"column":51},"end":{"line":205,"column":67}}]},"4":{"type":"branch","line":208,"loc":{"start":{"line":208,"column":0},"end":{"line":210,"column":1}},"locations":[{"start":{"line":208,"column":0},"end":{"line":210,"column":1}}]},"5":{"type":"branch","line":209,"loc":{"start":{"line":209,"column":25},"end":{"line":209,"column":79}},"locations":[{"start":{"line":209,"column":25},"end":{"line":209,"column":79}}]},"6":{"type":"branch","line":209,"loc":{"start":{"line":209,"column":34},"end":{"line":209,"column":79}},"locations":[{"start":{"line":209,"column":34},"end":{"line":209,"column":79}}]},"7":{"type":"branch","line":209,"loc":{"start":{"line":209,"column":50},"end":{"line":209,"column":79}},"locations":[{"start":{"line":209,"column":50},"end":{"line":209,"column":79}}]},"8":{"type":"branch","line":212,"loc":{"start":{"line":212,"column":0},"end":{"line":227,"column":1}},"locations":[{"start":{"line":212,"column":0},"end":{"line":227,"column":1}}]},"9":{"type":"branch","line":217,"loc":{"start":{"line":217,"column":36},"end":{"line":217,"column":69}},"locations":[{"start":{"line":217,"column":36},"end":{"line":217,"column":69}}]},"10":{"type":"branch","line":217,"loc":{"start":{"line":217,"column":45},"end":{"line":217,"column":69}},"locations":[{"start":{"line":217,"column":45},"end":{"line":217,"column":69}}]},"11":{"type":"branch","line":217,"loc":{"start":{"line":217,"column":75},"end":{"line":217,"column":88}},"locations":[{"start":{"line":217,"column":75},"end":{"line":217,"column":88}}]},"12":{"type":"branch","line":229,"loc":{"start":{"line":229,"column":0},"end":{"line":258,"column":1}},"locations":[{"start":{"line":229,"column":0},"end":{"line":258,"column":1}}]},"13":{"type":"branch","line":235,"loc":{"start":{"line":235,"column":9},"end":{"line":257,"column":4}},"locations":[{"start":{"line":235,"column":9},"end":{"line":257,"column":4}}]},"14":{"type":"branch","line":236,"loc":{"start":{"line":236,"column":18},"end":{"line":238,"column":5}},"locations":[{"start":{"line":236,"column":18},"end":{"line":238,"column":5}}]},"15":{"type":"branch","line":241,"loc":{"start":{"line":241,"column":22},"end":{"line":243,"column":7}},"locations":[{"start":{"line":241,"column":22},"end":{"line":243,"column":7}}]},"16":{"type":"branch","line":244,"loc":{"start":{"line":244,"column":4},"end":{"line":246,"column":5}},"locations":[{"start":{"line":244,"column":4},"end":{"line":246,"column":5}}]},"17":{"type":"branch","line":249,"loc":{"start":{"line":249,"column":4},"end":{"line":251,"column":5}},"locations":[{"start":{"line":249,"column":4},"end":{"line":251,"column":5}}]},"18":{"type":"branch","line":254,"loc":{"start":{"line":254,"column":4},"end":{"line":256,"column":5}},"locations":[{"start":{"line":254,"column":4},"end":{"line":256,"column":5}}]},"19":{"type":"branch","line":369,"loc":{"start":{"line":369,"column":0},"end":{"line":408,"column":1}},"locations":[{"start":{"line":369,"column":0},"end":{"line":408,"column":1}}]},"20":{"type":"branch","line":373,"loc":{"start":{"line":373,"column":23},"end":{"line":373,"column":50}},"locations":[{"start":{"line":373,"column":23},"end":{"line":373,"column":50}}]},"21":{"type":"branch","line":374,"loc":{"start":{"line":374,"column":27},"end":{"line":374,"column":46}},"locations":[{"start":{"line":374,"column":27},"end":{"line":374,"column":46}}]},"22":{"type":"branch","line":381,"loc":{"start":{"line":381,"column":30},"end":{"line":381,"column":47}},"locations":[{"start":{"line":381,"column":30},"end":{"line":381,"column":47}}]},"23":{"type":"branch","line":381,"loc":{"start":{"line":381,"column":38},"end":{"line":381,"column":55}},"locations":[{"start":{"line":381,"column":38},"end":{"line":381,"column":55}}]},"24":{"type":"branch","line":396,"loc":{"start":{"line":396,"column":42},"end":{"line":406,"column":3}},"locations":[{"start":{"line":396,"column":42},"end":{"line":406,"column":3}}]},"25":{"type":"branch","line":406,"loc":{"start":{"line":406,"column":2},"end":{"line":408,"column":1}},"locations":[{"start":{"line":406,"column":2},"end":{"line":408,"column":1}}]},"26":{"type":"branch","line":422,"loc":{"start":{"line":422,"column":0},"end":{"line":447,"column":1}},"locations":[{"start":{"line":422,"column":0},"end":{"line":447,"column":1}}]},"27":{"type":"branch","line":461,"loc":{"start":{"line":461,"column":0},"end":{"line":487,"column":1}},"locations":[{"start":{"line":461,"column":0},"end":{"line":487,"column":1}}]}},"b":{"0":[31],"1":[31],"2":[31],"3":[0],"4":[31],"5":[91],"6":[71],"7":[60],"8":[11],"9":[34],"10":[28],"11":[11],"12":[31],"13":[4],"14":[0],"15":[2],"16":[0],"17":[0],"18":[0],"19":[31],"20":[0],"21":[1],"22":[1],"23":[30],"24":[11],"25":[20],"26":[11],"27":[20]},"fnMap":{"0":{"name":"resolvePackageRoot","decl":{"start":{"line":191,"column":0},"end":{"line":193,"column":1}},"loc":{"start":{"line":191,"column":0},"end":{"line":193,"column":1}},"line":191},"1":{"name":"generateRunId","decl":{"start":{"line":195,"column":0},"end":{"line":202,"column":1}},"loc":{"start":{"line":195,"column":0},"end":{"line":202,"column":1}},"line":195},"2":{"name":"generatePipelineId","decl":{"start":{"line":204,"column":0},"end":{"line":206,"column":1}},"loc":{"start":{"line":204,"column":0},"end":{"line":206,"column":1}},"line":204},"3":{"name":"hasRequiredToolFailure","decl":{"start":{"line":208,"column":0},"end":{"line":210,"column":1}},"loc":{"start":{"line":208,"column":0},"end":{"line":210,"column":1}},"line":208},"4":{"name":"buildSystemFailureResult","decl":{"start":{"line":212,"column":0},"end":{"line":227,"column":1}},"loc":{"start":{"line":212,"column":0},"end":{"line":227,"column":1}},"line":212},"5":{"name":"createDisposeFn","decl":{"start":{"line":229,"column":0},"end":{"line":258,"column":1}},"loc":{"start":{"line":229,"column":0},"end":{"line":258,"column":1}},"line":229},"6":{"name":"defaultMigrateState","decl":{"start":{"line":260,"column":0},"end":{"line":266,"column":1}},"loc":{"start":{"line":260,"column":0},"end":{"line":266,"column":1}},"line":260},"7":{"name":"defaultCheckToolHealth","decl":{"start":{"line":280,"column":0},"end":{"line":316,"column":1}},"loc":{"start":{"line":280,"column":0},"end":{"line":316,"column":1}},"line":280},"8":{"name":"buildDefaultDeps","decl":{"start":{"line":318,"column":0},"end":{"line":346,"column":1}},"loc":{"start":{"line":318,"column":0},"end":{"line":346,"column":1}},"line":318},"9":{"name":"bootstrapOrchestrator","decl":{"start":{"line":369,"column":0},"end":{"line":408,"column":1}},"loc":{"start":{"line":369,"column":0},"end":{"line":408,"column":1}},"line":369},"10":{"name":"buildFailureResult","decl":{"start":{"line":422,"column":0},"end":{"line":447,"column":1}},"loc":{"start":{"line":422,"column":0},"end":{"line":447,"column":1}},"line":422},"11":{"name":"buildReadyResult","decl":{"start":{"line":461,"column":0},"end":{"line":487,"column":1}},"loc":{"start":{"line":461,"column":0},"end":{"line":487,"column":1}},"line":461}},"f":{"0":31,"1":31,"2":31,"3":31,"4":11,"5":31,"6":0,"7":0,"8":0,"9":31,"10":11,"11":20}}
,"/Users/Apple/pi-orchestrator/src/config.ts": {"path":"/Users/Apple/pi-orchestrator/src/config.ts","all":false,"statementMap":{"9":{"start":{"line":10,"column":0},"end":{"line":10,"column":55}},"15":{"start":{"line":16,"column":0},"end":{"line":16,"column":30}},"16":{"start":{"line":17,"column":0},"end":{"line":17,"column":38}},"17":{"start":{"line":18,"column":0},"end":{"line":18,"column":30}},"18":{"start":{"line":19,"column":0},"end":{"line":19,"column":39}},"19":{"start":{"line":20,"column":0},"end":{"line":20,"column":43}},"20":{"start":{"line":21,"column":0},"end":{"line":21,"column":41}},"21":{"start":{"line":22,"column":0},"end":{"line":22,"column":35}},"24":{"start":{"line":25,"column":0},"end":{"line":25,"column":50}},"26":{"start":{"line":27,"column":0},"end":{"line":27,"column":59}},"27":{"start":{"line":28,"column":0},"end":{"line":28,"column":17}},"28":{"start":{"line":29,"column":0},"end":{"line":29,"column":15}},"29":{"start":{"line":30,"column":0},"end":{"line":30,"column":15}},"30":{"start":{"line":31,"column":0},"end":{"line":31,"column":17}},"31":{"start":{"line":32,"column":0},"end":{"line":32,"column":2}},"33":{"start":{"line":34,"column":0},"end":{"line":34,"column":43}},"101":{"start":{"line":102,"column":0},"end":{"line":102,"column":89}},"102":{"start":{"line":103,"column":0},"end":{"line":103,"column":54}},"104":{"start":{"line":105,"column":0},"end":{"line":105,"column":10}},"105":{"start":{"line":106,"column":0},"end":{"line":106,"column":91}},"106":{"start":{"line":107,"column":0},"end":{"line":107,"column":33}},"107":{"start":{"line":108,"column":0},"end":{"line":108,"column":59}},"108":{"start":{"line":109,"column":0},"end":{"line":109,"column":35}},"109":{"start":{"line":110,"column":0},"end":{"line":110,"column":81}},"110":{"start":{"line":111,"column":0},"end":{"line":111,"column":75}},"111":{"start":{"line":112,"column":0},"end":{"line":112,"column":21}},"112":{"start":{"line":113,"column":0},"end":{"line":113,"column":4}},"113":{"start":{"line":114,"column":0},"end":{"line":114,"column":1}},"135":{"start":{"line":136,"column":0},"end":{"line":136,"column":81}},"136":{"start":{"line":137,"column":0},"end":{"line":137,"column":43}},"137":{"start":{"line":138,"column":0},"end":{"line":138,"column":44}},"138":{"start":{"line":139,"column":0},"end":{"line":139,"column":17}},"139":{"start":{"line":140,"column":0},"end":{"line":140,"column":3}},"140":{"start":{"line":141,"column":0},"end":{"line":141,"column":37}},"141":{"start":{"line":142,"column":0},"end":{"line":142,"column":1}},"143":{"start":{"line":144,"column":0},"end":{"line":144,"column":99}},"144":{"start":{"line":145,"column":0},"end":{"line":145,"column":25}},"145":{"start":{"line":146,"column":0},"end":{"line":146,"column":44}},"146":{"start":{"line":147,"column":0},"end":{"line":147,"column":16}},"147":{"start":{"line":148,"column":0},"end":{"line":148,"column":3}},"148":{"start":{"line":149,"column":0},"end":{"line":149,"column":15}},"149":{"start":{"line":150,"column":0},"end":{"line":150,"column":1}},"151":{"start":{"line":152,"column":0},"end":{"line":152,"column":30}},"152":{"start":{"line":153,"column":0},"end":{"line":153,"column":42}},"153":{"start":{"line":154,"column":0},"end":{"line":154,"column":14}},"154":{"start":{"line":155,"column":0},"end":{"line":155,"column":23}},"155":{"start":{"line":156,"column":0},"end":{"line":156,"column":11}},"156":{"start":{"line":157,"column":0},"end":{"line":157,"column":23}},"157":{"start":{"line":158,"column":0},"end":{"line":158,"column":26}},"158":{"start":{"line":159,"column":0},"end":{"line":159,"column":24}},"159":{"start":{"line":160,"column":0},"end":{"line":160,"column":3}},"161":{"start":{"line":162,"column":0},"end":{"line":162,"column":29}},"162":{"start":{"line":163,"column":0},"end":{"line":163,"column":33}},"163":{"start":{"line":164,"column":0},"end":{"line":164,"column":48}},"164":{"start":{"line":165,"column":0},"end":{"line":165,"column":32}},"165":{"start":{"line":166,"column":0},"end":{"line":166,"column":68}},"166":{"start":{"line":167,"column":0},"end":{"line":167,"column":24}},"167":{"start":{"line":168,"column":0},"end":{"line":168,"column":33}},"168":{"start":{"line":169,"column":0},"end":{"line":169,"column":6}},"169":{"start":{"line":170,"column":0},"end":{"line":170,"column":3}},"170":{"start":{"line":171,"column":0},"end":{"line":171,"column":16}},"171":{"start":{"line":172,"column":0},"end":{"line":172,"column":1}},"173":{"start":{"line":174,"column":0},"end":{"line":174,"column":75}},"174":{"start":{"line":175,"column":0},"end":{"line":175,"column":44}},"175":{"start":{"line":176,"column":0},"end":{"line":176,"column":26}},"176":{"start":{"line":177,"column":0},"end":{"line":177,"column":18}},"177":{"start":{"line":178,"column":0},"end":{"line":178,"column":3}},"178":{"start":{"line":179,"column":0},"end":{"line":179,"column":38}},"179":{"start":{"line":180,"column":0},"end":{"line":180,"column":31}},"180":{"start":{"line":181,"column":0},"end":{"line":181,"column":32}},"181":{"start":{"line":182,"column":0},"end":{"line":182,"column":98}},"182":{"start":{"line":183,"column":0},"end":{"line":183,"column":24}},"183":{"start":{"line":184,"column":0},"end":{"line":184,"column":54}},"184":{"start":{"line":185,"column":0},"end":{"line":185,"column":6}},"185":{"start":{"line":186,"column":0},"end":{"line":186,"column":3}},"186":{"start":{"line":187,"column":0},"end":{"line":187,"column":18}},"187":{"start":{"line":188,"column":0},"end":{"line":188,"column":1}},"189":{"start":{"line":190,"column":0},"end":{"line":190,"column":22}},"190":{"start":{"line":191,"column":0},"end":{"line":191,"column":42}},"191":{"start":{"line":192,"column":0},"end":{"line":192,"column":14}},"192":{"start":{"line":193,"column":0},"end":{"line":193,"column":24}},"193":{"start":{"line":194,"column":0},"end":{"line":194,"column":12}},"194":{"start":{"line":195,"column":0},"end":{"line":195,"column":23}},"195":{"start":{"line":196,"column":0},"end":{"line":196,"column":26}},"196":{"start":{"line":197,"column":0},"end":{"line":197,"column":24}},"197":{"start":{"line":198,"column":0},"end":{"line":198,"column":3}},"198":{"start":{"line":199,"column":0},"end":{"line":199,"column":23}},"199":{"start":{"line":200,"column":0},"end":{"line":200,"column":16}},"200":{"start":{"line":201,"column":0},"end":{"line":201,"column":3}},"201":{"start":{"line":202,"column":0},"end":{"line":202,"column":24}},"202":{"start":{"line":203,"column":0},"end":{"line":203,"column":17}},"203":{"start":{"line":204,"column":0},"end":{"line":204,"column":3}},"204":{"start":{"line":205,"column":0},"end":{"line":205,"column":30}},"205":{"start":{"line":206,"column":0},"end":{"line":206,"column":65}},"206":{"start":{"line":207,"column":0},"end":{"line":207,"column":22}},"207":{"start":{"line":208,"column":0},"end":{"line":208,"column":31}},"208":{"start":{"line":209,"column":0},"end":{"line":209,"column":4}},"209":{"start":{"line":210,"column":0},"end":{"line":210,"column":1}},"211":{"start":{"line":212,"column":0},"end":{"line":212,"column":89}},"212":{"start":{"line":213,"column":0},"end":{"line":213,"column":10}},"213":{"start":{"line":214,"column":0},"end":{"line":214,"column":43}},"214":{"start":{"line":215,"column":0},"end":{"line":215,"column":10}},"215":{"start":{"line":216,"column":0},"end":{"line":216,"column":41}},"216":{"start":{"line":217,"column":0},"end":{"line":217,"column":34}},"217":{"start":{"line":218,"column":0},"end":{"line":218,"column":6}},"218":{"start":{"line":219,"column":0},"end":{"line":219,"column":91}},"219":{"start":{"line":220,"column":0},"end":{"line":220,"column":46}},"220":{"start":{"line":221,"column":0},"end":{"line":221,"column":10}},"221":{"start":{"line":222,"column":0},"end":{"line":222,"column":42}},"222":{"start":{"line":223,"column":0},"end":{"line":223,"column":35}},"223":{"start":{"line":224,"column":0},"end":{"line":224,"column":6}},"224":{"start":{"line":225,"column":0},"end":{"line":225,"column":43}},"225":{"start":{"line":226,"column":0},"end":{"line":226,"column":10}},"226":{"start":{"line":227,"column":0},"end":{"line":227,"column":40}},"227":{"start":{"line":228,"column":0},"end":{"line":228,"column":33}},"228":{"start":{"line":229,"column":0},"end":{"line":229,"column":6}},"229":{"start":{"line":230,"column":0},"end":{"line":230,"column":42}},"230":{"start":{"line":231,"column":0},"end":{"line":231,"column":10}},"231":{"start":{"line":232,"column":0},"end":{"line":232,"column":39}},"232":{"start":{"line":233,"column":0},"end":{"line":233,"column":32}},"233":{"start":{"line":234,"column":0},"end":{"line":234,"column":6}},"234":{"start":{"line":235,"column":0},"end":{"line":235,"column":41}},"235":{"start":{"line":236,"column":0},"end":{"line":236,"column":10}},"236":{"start":{"line":237,"column":0},"end":{"line":237,"column":38}},"237":{"start":{"line":238,"column":0},"end":{"line":238,"column":31}},"238":{"start":{"line":239,"column":0},"end":{"line":239,"column":6}},"239":{"start":{"line":240,"column":0},"end":{"line":240,"column":4}},"240":{"start":{"line":241,"column":0},"end":{"line":241,"column":1}}},"s":{"9":1,"15":1,"16":1,"17":1,"18":1,"19":1,"20":1,"21":1,"24":1,"26":1,"27":1,"28":1,"29":1,"30":1,"31":1,"33":1,"101":1,"102":61,"104":61,"105":61,"106":61,"107":61,"108":61,"109":61,"110":61,"111":61,"112":61,"113":61,"135":61,"136":61,"137":61,"138":59,"139":59,"140":2,"141":2,"143":98,"144":98,"145":98,"146":94,"147":94,"148":4,"149":4,"151":355,"152":355,"153":355,"154":355,"155":355,"156":355,"157":355,"158":348,"159":348,"161":7,"162":7,"163":355,"164":5,"165":5,"166":5,"167":5,"168":5,"169":5,"170":2,"171":2,"173":56,"174":56,"175":56,"176":46,"177":46,"178":10,"179":41,"180":5,"181":5,"182":5,"183":5,"184":5,"185":5,"186":5,"187":5,"189":51,"190":51,"191":51,"192":51,"193":51,"194":51,"195":51,"196":33,"197":33,"198":51,"199":2,"200":2,"201":50,"202":14,"203":14,"204":2,"205":2,"206":2,"207":2,"208":2,"209":2,"211":49,"212":49,"213":49,"214":49,"215":49,"216":49,"217":49,"218":49,"219":49,"220":49,"221":49,"222":49,"223":49,"224":49,"225":49,"226":49,"227":49,"228":49,"229":49,"230":49,"231":49,"232":49,"233":49,"234":49,"235":49,"236":49,"237":49,"238":49,"239":49,"240":49},"branchMap":{"0":{"type":"branch","line":102,"loc":{"start":{"line":102,"column":7},"end":{"line":114,"column":1}},"locations":[{"start":{"line":102,"column":7},"end":{"line":114,"column":1}}]},"1":{"type":"branch","line":136,"loc":{"start":{"line":136,"column":0},"end":{"line":142,"column":1}},"locations":[{"start":{"line":136,"column":0},"end":{"line":142,"column":1}}]},"2":{"type":"branch","line":138,"loc":{"start":{"line":138,"column":16},"end":{"line":138,"column":43}},"locations":[{"start":{"line":138,"column":16},"end":{"line":138,"column":43}}]},"3":{"type":"branch","line":138,"loc":{"start":{"line":138,"column":43},"end":{"line":140,"column":3}},"locations":[{"start":{"line":138,"column":43},"end":{"line":140,"column":3}}]},"4":{"type":"branch","line":140,"loc":{"start":{"line":140,"column":2},"end":{"line":142,"column":1}},"locations":[{"start":{"line":140,"column":2},"end":{"line":142,"column":1}}]},"5":{"type":"branch","line":144,"loc":{"start":{"line":144,"column":0},"end":{"line":150,"column":1}},"locations":[{"start":{"line":144,"column":0},"end":{"line":150,"column":1}}]},"6":{"type":"branch","line":146,"loc":{"start":{"line":146,"column":16},"end":{"line":146,"column":43}},"locations":[{"start":{"line":146,"column":16},"end":{"line":146,"column":43}}]},"7":{"type":"branch","line":146,"loc":{"start":{"line":146,"column":43},"end":{"line":148,"column":3}},"locations":[{"start":{"line":146,"column":43},"end":{"line":148,"column":3}}]},"8":{"type":"branch","line":148,"loc":{"start":{"line":148,"column":2},"end":{"line":150,"column":1}},"locations":[{"start":{"line":148,"column":2},"end":{"line":150,"column":1}}]},"9":{"type":"branch","line":152,"loc":{"start":{"line":152,"column":0},"end":{"line"
[...]
9,"column":3}}]},"20":{"type":"branch","line":331,"loc":{"start":{"line":331,"column":22},"end":{"line":331,"column":60}},"locations":[{"start":{"line":331,"column":22},"end":{"line":331,"column":60}}]},"21":{"type":"branch","line":331,"loc":{"start":{"line":331,"column":60},"end":{"line":334,"column":11}},"locations":[{"start":{"line":331,"column":60},"end":{"line":334,"column":11}}]},"22":{"type":"branch","line":334,"loc":{"start":{"line":334,"column":4},"end":{"line":338,"column":5}},"locations":[{"start":{"line":334,"column":4},"end":{"line":338,"column":5}}]},"23":{"type":"branch","line":335,"loc":{"start":{"line":335,"column":29},"end":{"line":335,"column":37}},"locations":[{"start":{"line":335,"column":29},"end":{"line":335,"column":37}}]},"24":{"type":"branch","line":370,"loc":{"start":{"line":370,"column":0},"end":{"line":373,"column":1}},"locations":[{"start":{"line":370,"column":0},"end":{"line":373,"column":1}}]},"25":{"type":"branch","line":372,"loc":{"start":{"line":372,"column":34},"end":{"line":372,"column":57}},"locations":[{"start":{"line":372,"column":34},"end":{"line":372,"column":57}}]},"26":{"type":"branch","line":387,"loc":{"start":{"line":387,"column":0},"end":{"line":390,"column":1}},"locations":[{"start":{"line":387,"column":0},"end":{"line":390,"column":1}}]},"27":{"type":"branch","line":389,"loc":{"start":{"line":389,"column":32},"end":{"line":389,"column":53}},"locations":[{"start":{"line":389,"column":32},"end":{"line":389,"column":53}}]},"28":{"type":"branch","line":406,"loc":{"start":{"line":406,"column":7},"end":{"line":416,"column":1}},"locations":[{"start":{"line":406,"column":7},"end":{"line":416,"column":1}}]},"29":{"type":"branch","line":412,"loc":{"start":{"line":412,"column":34},"end":{"line":412,"column":78}},"locations":[{"start":{"line":412,"column":34},"end":{"line":412,"column":78}}]},"30":{"type":"branch","line":412,"loc":{"start":{"line":412,"column":67},"end":{"line":412,"column":78}},"locations":[{"start":{"line":412,"column":67},"end":{"line":412,"column":78}}]},"31":{"type":"branch","line":412,"loc":{"start":{"line":412,"column":72},"end":{"line":412,"column":81}},"locations":[{"start":{"line":412,"column":72},"end":{"line":412,"column":81}}]},"32":{"type":"branch","line":436,"loc":{"start":{"line":436,"column":7},"end":{"line":454,"column":1}},"locations":[{"start":{"line":436,"column":7},"end":{"line":454,"column":1}}]},"33":{"type":"branch","line":438,"loc":{"start":{"line":438,"column":4},"end":{"line":440,"column":5}},"locations":[{"start":{"line":438,"column":4},"end":{"line":440,"column":5}}]},"34":{"type":"branch","line":441,"loc":{"start":{"line":441,"column":4},"end":{"line":443,"column":5}},"locations":[{"start":{"line":441,"column":4},"end":{"line":443,"column":5}}]},"35":{"type":"branch","line":444,"loc":{"start":{"line":444,"column":4},"end":{"line":446,"column":5}},"locations":[{"start":{"line":444,"column":4},"end":{"line":446,"column":5}}]},"36":{"type":"branch","line":447,"loc":{"start":{"line":447,"column":4},"end":{"line":449,"column":5}},"locations":[{"start":{"line":447,"column":4},"end":{"line":449,"column":5}}]},"37":{"type":"branch","line":450,"loc":{"start":{"line":450,"column":4},"end":{"line":452,"column":5}},"locations":[{"start":{"line":450,"column":4},"end":{"line":452,"column":5}}]},"38":{"type":"branch","line":468,"loc":{"start":{"line":468,"column":7},"end":{"line":486,"column":1}},"locations":[{"start":{"line":468,"column":7},"end":{"line":486,"column":1}}]},"39":{"type":"branch","line":470,"loc":{"start":{"line":470,"column":4},"end":{"line":472,"column":5}},"locations":[{"start":{"line":470,"column":4},"end":{"line":472,"column":5}}]},"40":{"type":"branch","line":473,"loc":{"start":{"line":473,"column":4},"end":{"line":475,"column":5}},"locations":[{"start":{"line":473,"column":4},"end":{"line":475,"column":5}}]},"41":{"type":"branch","line":476,"loc":{"start":{"line":476,"column":4},"end":{"line":478,"column":5}},"locations":[{"start":{"line":476,"column":4},"end":{"line":478,"column":5}}]},"42":{"type":"branch","line":479,"loc":{"start":{"line":479,"column":4},"end":{"line":481,"column":5}},"locations":[{"start":{"line":479,"column":4},"end":{"line":481,"column":5}}]},"43":{"type":"branch","line":482,"loc":{"start":{"line":482,"column":4},"end":{"line":484,"column":5}},"locations":[{"start":{"line":482,"column":4},"end":{"line":484,"column":5}}]},"44":{"type":"branch","line":508,"loc":{"start":{"line":508,"column":7},"end":{"line":516,"column":1}},"locations":[{"start":{"line":508,"column":7},"end":{"line":516,"column":1}}]},"45":{"type":"branch","line":510,"loc":{"start":{"line":510,"column":41},"end":{"line":512,"column":3}},"locations":[{"start":{"line":510,"column":41},"end":{"line":512,"column":3}}]},"46":{"type":"branch","line":512,"loc":{"start":{"line":512,"column":2},"end":{"line":516,"column":1}},"locations":[{"start":{"line":512,"column":2},"end":{"line":516,"column":1}}]},"47":{"type":"branch","line":550,"loc":{"start":{"line":550,"column":7},"end":{"line":573,"column":1}},"locations":[{"start":{"line":550,"column":7},"end":{"line":573,"column":1}}]},"48":{"type":"branch","line":566,"loc":{"start":{"line":566,"column":24},"end":{"line":566,"column":67}},"locations":[{"start":{"line":566,"column":24},"end":{"line":566,"column":67}}]},"49":{"type":"branch","line":566,"loc":{"start":{"line":566,"column":63},"end":{"line":566,"column":96}},"locations":[{"start":{"line":566,"column":63},"end":{"line":566,"column":96}}]},"50":{"type":"branch","line":598,"loc":{"start":{"line":598,"column":7},"end":{"line":633,"column":1}},"locations":[{"start":{"line":598,"column":7},"end":{"line":633,"column":1}}]},"51":{"type":"branch","line":601,"loc":{"start":{"line":601,"column":36},"end":{"line":601,"column":91}},"locations":[{"start":{"line":601,"column":36},"end":{"line":601,"column":91}}]},"52":{"type":"branch","line":601,"loc":{"start":{"line":601,"column":87},"end":{"line":601,"column":94}},"locations":[{"start":{"line":601,"column":87},"end":{"line":601,"column":94}}]},"53":{"type":"branch","line":602,"loc":{"start":{"line":602,"column":85},"end":{"line":602,"column":92}},"locations":[{"start":{"line":602,"column":85},"end":{"line":602,"column":92}}]},"54":{"type":"branch","line":605,"loc":{"start":{"line":605,"column":54},"end":{"line":605,"column":64}},"locations":[{"start":{"line":605,"column":54},"end":{"line":605,"column":64}}]},"55":{"type":"branch","line":619,"loc":{"start":{"line":619,"column":20},"end":{"line":619,"column":35}},"locations":[{"start":{"line":619,"column":20},"end":{"line":619,"column":35}}]},"56":{"type":"branch","line":625,"loc":{"start":{"line":625,"column":38},"end":{"line":625,"column":78}},"locations":[{"start":{"line":625,"column":38},"end":{"line":625,"column":78}}]},"57":{"type":"branch","line":625,"loc":{"start":{"line":625,"column":74},"end":{"line":625,"column":97}},"locations":[{"start":{"line":625,"column":74},"end":{"line":625,"column":97}}]},"58":{"type":"branch","line":630,"loc":{"start":{"line":630,"column":56},"end":{"line":631,"column":58}},"locations":[{"start":{"line":630,"column":56},"end":{"line":631,"column":58}}]},"59":{"type":"branch","line":631,"loc":{"start":{"line":631,"column":17},"end":{"line":631,"column":53}},"locations":[{"start":{"line":631,"column":17},"end":{"line":631,"column":53}}]},"60":{"type":"branch","line":647,"loc":{"start":{"line":647,"column":0},"end":{"line":655,"column":1}},"locations":[{"start":{"line":647,"column":0},"end":{"line":655,"column":1}}]},"61":{"type":"branch","line":648,"loc":{"start":{"line":648,"column":25},"end":{"line":650,"column":3}},"locations":[{"start":{"line":648,"column":25},"end":{"line":650,"column":3}}]},"62":{"type":"branch","line":650,"loc":{"start":{"line":650,"column":2},"end":{"line":651,"column":51}},"locations":[{"start":{"line":650,"column":2},"end":{"line":651,"column":51}}]},"63":{"type":"branch","line":651,"loc":{"start":{"line":651,"column":51},"end":{"line":653,"column":3}},"locations":[{"start":{"line":651,"column":51},"end":{"line":653,"column":3}}]},"64":{"type":"branch","line":653,"loc":{"start":{"line":653,"column":2},"end":{"line":655,"column":1}},"locations":[{"start":{"line":653,"column":2},"end":{"line":655,"column":1}}]},"65":{"type":"branch","line":669,"loc":{"start":{"line":669,"column":0},"end":{"line":677,"column":1}},"locations":[{"start":{"line":669,"column":0},"end":{"line":677,"column":1}}]},"66":{"type":"branch","line":670,"loc":{"start":{"line":670,"column":25},"end":{"line":672,"column":3}},"locations":[{"start":{"line":670,"column":25},"end":{"line":672,"column":3}}]},"67":{"type":"branch","line":672,"loc":{"start":{"line":672,"column":2},"end":{"line":673,"column":28}},"locations":[{"start":{"line":672,"column":2},"end":{"line":673,"column":28}}]},"68":{"type":"branch","line":673,"loc":{"start":{"line":673,"column":28},"end":{"line":675,"column":3}},"locations":[{"start":{"line":673,"column":28},"end":{"line":675,"column":3}}]},"69":{"type":"branch","line":675,"loc":{"start":{"line":675,"column":2},"end":{"line":677,"column":1}},"locations":[{"start":{"line":675,"column":2},"end":{"line":677,"column":1}}]},"70":{"type":"branch","line":699,"loc":{"start":{"line":699,"column":7},"end":{"line":730,"column":1}},"locations":[{"start":{"line":699,"column":7},"end":{"line":730,"column":1}}]},"71":{"type":"branch","line":716,"loc":{"start":{"line":716,"column":39},"end":{"line":721,"column":3}},"locations":[{"start":{"line":716,"column":39},"end":{"line":721,"column":3}}]},"72":{"type":"branch","line":719,"loc":{"start":{"line":719,"column":26},"end":{"line":719,"column":69}},"locations":[{"start":{"line":719,"column":26},"end":{"line":719,"column":69}}]},"73":{"type":"branch","line":723,"loc":{"start":{"line":723,"column":33},"end":{"line":725,"column":3}},"locations":[{"start":{"line":723,"column":33},"end":{"line":725,"column":3}}]},"74":{"type":"branch","line":744,"loc":{"start":{"line":744,"column":0},"end":{"line":758,"column":1}},"locations":[{"start":{"line":744,"column":0},"end":{"line":758,"column":1}}]},"75":{"type":"branch","line":772,"loc":{"start":{"line":772,"column":0},"end":{"line":780,"column":1}},"locations":[{"start":{"line":772,"column":0},"end":{"line":780,"column":1}}]},"76":{"type":"branch","line":773,"loc":{"start":{"line":773,"column":28},"end":{"line":775,"column":3}},"locations":[{"start":{"line":773,"column":28},"end":{"line":775,"column":3}}]},"77":{"type":"branch","line":776,"loc":{"start":{"line":776,"column":27},"end":{"line":778,"column":3}},"locations":[{"start":{"line":776,"column":27},"end":{"line":778,"column":3}}]},"78":{"type":"branch","line":803,"loc":{"start":{"line":803,"column":7},"end":{"line":836,"column":1}},"locations":[{"start":{"line":803,"column":7},"end":{"line":836,"column":1}}]},"79":{"type":"branch","line":813,"loc":{"start":{"line":813,"column":42},"end":{"line":816,"column":3}},"locations":[{"start":{"line":813,"column":42},"end":{"line":816,"column":3}}]},"80":{"type":"branch","line":835,"loc":{"start":{"line":835,"column":19},"end":{"line":835,"column":84}},"locations":[{"start":{"line":835,"column":19},"end":{"line":835,"column":84}}]},"81":{"type":"branch","line":835,"loc":{"start":{"line":835,"column":43},"end":{"line":835,"column":79}},"locations":[{"start":{"line":835,"column":43},"end":{"line":835,"column":79}}]}},"b":{"0":[826],"1":[95],"2":[105],"3":[28],"4":[28],"5":[121],"6":[25],"7":[482],"8":[12],"9":[4],"10":[21],"11":[413],"12":[413],"13":[37],"14":[10],"15":[27],"16":[3],"17":[0],"18":[312],"19":[309],"20":[303],"21":[78],"22":[231],"23":[0],"24":[22],"25":[0],"26":[16],"27":[0],"28":[21],"29":[15],"30":[0],"31":[6],"32":[20],"33":[9],"34":[5],"35":[1],"36":[5],"37":[0],"38":[21],"39":[9],"40":[5],"41":[1],"42":[5],"43":[1],"44":[19],"45":[2],"46":[17],"47":[13],"48":[3],"49":[10],"50":[16],"51":[1],"52":[15],"53":[0],"54":[0],"55":[0],"56":[12],"57":[4],"58":[64],"59":[0],"60":[16],"61":[4],"62":[12],"63":[0],"64":[12],"65":[16],"66":[4],"67":[12],"68":[0],"69":[12],"70":[14],"71":[11],"72":[0],"73":[48],"74":[11],"75":[11],"76":[0],"77":[0],"78":[11],"79":[12],"80":[192],"81":[0]},"fnMap":{"0":{"name":"fg","decl":{"start":{"line":112,"column":0},"end":{"line":114,"column":1}},"loc":{"start":{"line":112,"column":0},"end":{"line":114,"column":1}},"line":112},"1":{"name":"bold","decl":{"start":{"line":128,"column":0},"end":{"line":130,"column":1}},"loc":{"start":{"line":128,"column":0},"end":{"line":130,"column":1}},"line":128},"2":{"name":"accent","decl":{"start":{"line":165,"column":10},"end":{"line":165,"column":59}},"loc":{"start":{"line":165,"column":10},"end":{"line":165,"column":59}},"line":165},"3":{"name":"ok","decl":{"start":{"line":173,"column":6},"end":{"line":173,"column":51}},"loc":{"start":{"line":173,"column":6},"end":{"line":173,"column":51}},"line":173},"4":{"name":"warn","decl":{"start":{"line":181,"column":8},"end":{"line":181,"column":55}},"loc":{"start":{"line":181,"column":8},"end":{"line":181,"column":55}},"line":181},"5":{"name":"err","decl":{"start":{"line":189,"column":7},"end":{"line":189,"column":53}},"loc":{"start":{"line":189,"column":7},"end":{"line":189,"column":53}},"line":189},"6":{"name":"muted","decl":{"start":{"line":197,"column":9},"end":{"line":197,"column":57}},"loc":{"start":{"line":197,"column":9},"end":{"line":197,"column":57}},"line":197},"7":{"name":"loopC","decl":{"start":{"line":205,"column":9},"end":{"line":205,"column":56}},"loc":{"start":{"line":205,"column":9},"end":{"line":205,"column":56}},"line":205},"8":{"name":"border","decl":{"start":{"line":213,"column":10},"end":{"line":213,"column":59}},"loc":{"start":{"line":213,"column":10},"end":{"line":213,"column":59}},"line":213},"9":{"name":"bar","decl":{"start":{"line":221,"column":7},"end":{"line":221,"column":53}},"loc":{"start":{"line":221,"column":7},"end":{"line":221,"column":53}},"line":221},"10":{"name":"barDone","decl":{"start":{"line":229,"column":11},"end":{"line":229,"column":62}},"loc":{"start":{"line":229,"column":11},"end":{"line":229,"column":62}},"line":229},"11":{"name":"barBlocked","decl":{"start":{"line":237,"column":14},"end":{"line":237,"column":68}},"loc":{"start":{"line":237,"column":14},"end":{"line":237,"column":68}},"line":237},"12":{"name":"dimGrey","decl":{"start":{"line":245,"column":11},"end":{"line":245,"column":62}},"loc":{"start":{"line":245,"column":11},"end":{"line":245,"column":62}},"line":245},"13":{"name":"stripAnsi","decl":{"start":{"line":266,"column":0},"end":{"line":268,"column":1}},"loc":{"start":{"line":266,"column":0},"end":{"line":268,"column":1}},"line":266},"14":{"name":"vlen","decl":{"start":{"line":282,"column":0},"end":{"line":284,"column":1}},"loc":{"start":{"line":282,"column":0},"end":{"line":284,"column":1}},"line":282},"15":{"name":"padRight","decl":{"start":{"line":299,"column":0},"end":{"line":305,"column":1}},"loc":{"start":{"line":299,"column":0},"end":{"line":305,"column":1}},"line":299},"16":{"name":"clampToWidth","decl":{"start":{"line":320,"column":0},"end":{"line":341,"column":1}},"loc":{"start":{"line":320,"column":0},"end":{"line":341,"column":1}},"line":320},"17":{"name":"spinnerFrame","decl":{"start":{"line":370,"column":0},"end":{"line":373,"column":1}},"loc":{"start":{"line":370,"column":0},"end":{"line":373,"column":1}},"line":370},"18":{"name":"arrowFrame","decl":{"start":{"line":387,"column":0},"end":{"line":390,"column":1}},"loc":{"start":{"line":387,"column":0},"end":{"line":390,"column":1}},"line":387},"19":{"name":"progressBar","decl":{"start":{"line":406,"column":7},"end":{"line":416,"column":1}},"loc":{"start":{"line":406,"column":7},"end":{"line":416,"column":1}},"line":406},"20":{"name":"statusGlyph","decl":{"start":{"line":436,"column":7},"end":{"line":454,"column":1}},"loc":{"start":{"line":436,"column":7},"end":{"line":454,"column":1}},"line":436},"21":{"name":"statusLabel","decl":{"start":{"line":468,"column":7},"end":{"line":486,"column":1}},"loc":{"start":{"line":468,"column":7},"end":{"line":486,"column":1}},"line":468},"22":{"name":"formatElapsed","decl":{"start":{"line":508,"column":7},"end":{"line":516,"column":1}},"loc":{"start":{"line":508,"column":7},"end":{"line":516,"column":1}},"line":508},"23":{"name":"renderHeader","decl":{"start":{"line":550,"column":7},"end":{"line":573,"column":1}},"loc":{"start":{"line":550,"column":7},"end":{"line":573,"column":1}},"line":550},"24":{"name":"renderStageRow","decl":{"start":{"line":598,"column":7},"end":{"line":633,"column":1}},"loc":{"start":{"line":598,"column":7},"end":{"line":633,"column":1}},"line":598},"25":{"name":"selectTitleColor","decl":{"start":{"line":647,"column":0},"end":{"line":655,"column":1}},"loc":{"start":{"line":647,"column":0},"end":{"line":655,"column":1}},"line":647},"26":{"name":"selectBarColor","decl":{"start":{"line":669,"column":0},"end":{"line":677,"column":1}},"loc":{"start":{"line":669,"column":0},"end":{"line":677,"column":1}},"line":669},"27":{"name":"renderEventLog","decl":{"start":{"line":699,"column":7},"end":{"line":730,"column":1}},"loc":{"start":{"line":699,"column":7},"end":{"line":730,"column":1}},"line":699},"28":{"name":"formatEventLine","decl":{"start":{"line":744,"column":0},"end":{"line":758,"column":1}},"loc":{"start":{"line":744,"column":0},"end":{"line":758,"column":1}},"line":744},"29":{"name":"selectSeverityColor","decl":{"start":{"line":772,"column":0},"end":{"line":780,"column":1}},"loc":{"start":{"line":772,"column":0},"end":{"line":780,"column":1}},"line":772},"30":{"name":"renderDashboard","decl":{"start":{"line":803,"column":7},"end":{"line":836,"column":1}},"loc":{"start":{"line":803,"column":7},"end":{"line":836,"column":1}},"line":803}},"f":{"0":826,"1":95,"2":105,"3":28,"4":0,"5":28,"6":121,"7":25,"8":482,"9":12,"10":4,"11":0,"12":21,"13":413,"14":413,"15":37,"16":3,"17":22,"18":16,"19":21,"20":20,"21":21,"22":19,"23":13,"24":16,"25":16,"26":16,"27":14,"28":11,"29":11,"30":11}}
,"/Users/Apple/pi-orchestrator/src/workers/pool/index.ts": {"path":"/Users/Apple/pi-orchestrator/src/workers/pool/index.ts","all":true,"statementMap":{"103":{"start":{"line":104,"column":0},"end":{"line":104,"column":69}},"104":{"start":{"line":105,"column":0},"end":{"line":105,"column":47}},"105":{"start":{"line":106,"column":0},"end":{"line":106,"column":18}},"107":{"start":{"line":108,"column":0},"end":{"line":108,"column":6}},"108":{"start":{"line":109,"column":0},"end":{"line":109,"column":4}},"109":{"start":{"line":110,"column":0},"end":{"line":110,"column":10}},"110":{"start":{"line":111,"column":0},"end":{"line":111,"column":91}},"111":{"start":{"line":112,"column":0},"end":{"line":112,"column":83}},"112":{"start":{"line":113,"column":0},"end":{"line":113,"column":81}},"113":{"start":{"line":114,"column":0},"end":{"line":114,"column":37}},"114":{"start":{"line":115,"column":0},"end":{"line":115,"column":31}},"115":{"start":{"line":116,"column":0},"end":{"line":116,"column":28}},"116":{"start":{"line":117,"column":0},"end":{"line":117,"column":34}},"117":{"start":{"line":118,"column":0},"end":{"line":118,"column":35}},"118":{"start":{"line":119,"column":0},"end":{"line":119,"column":20}},"120":{"start":{"line":121,"column":0},"end":{"line":121,"column":6}},"121":{"start":{"line":122,"column":0},"end":{"line":122,"column":4}},"122":{"start":{"line":123,"column":0},"end":{"line":123,"column":1}}},"s":{"103":0,"104":0,"105":0,"107":0,"108":0,"109":0,"110":0,"111":0,"112":0,"113":0,"114":0,"115":0,"116":0,"117":0,"118":0,"120":0,"121":0,"122":0},"branchMap":{"0":{"type":"branch","line":1,"loc":{"start":{"line":1,"column":4058},"end":{"line":123,"column":1}},"locations":[{"start":{"line":1,"column":4058},"end":{"line":123,"column":1}}]}},"b":{"0":[1]},"fnMap":{"0":{"name":"(empty-report)","decl":{"start":{"line":1,"column":4058},"end":{"line":123,"column":1}},"loc":{"start":{"line":1,"column":4058},"end":{"line":123,"column":1}},"line":1}},"f":{"0":1}}
}
